<?xml version="1.0" encoding="UTF-8"?>
<!-- Generated by org.testng.reporters.JUnitXMLReporter -->
<testsuite ignored="12" hostname="neonnex" failures="4" tests="42" name="Full Regression Tests" time="1245.957" errors="0" timestamp="2025-05-31T23:06:24 WIB">
  <testcase classname="com.elektronicare.tests.OnboardingTest" name="testOnboardingPageDisplay" time="0.977"/>
  <testcase classname="com.elektronicare.tests.OnboardingTest" name="testOnboardingNavigation" time="12.559"/>
  <testcase classname="com.elektronicare.tests.OnboardingTest" name="testOnboardingSkip" time="1.504"/>
  <testcase classname="com.elektronicare.tests.OnboardingTest" name="testOnboardingComplete" time="3.737"/>
  <testcase classname="com.elektronicare.tests.WelcomeTest" name="testWelcomePageDisplay" time="7.383"/>
  <testcase classname="com.elektronicare.tests.WelcomeTest" name="testWelcomePageElements" time="3.249"/>
  <testcase classname="com.elektronicare.tests.WelcomeTest" name="testNavigateToRegister" time="4.317"/>
  <testcase classname="com.elektronicare.tests.WelcomeTest" name="testNavigateToLogin" time="3.883"/>
  <testcase classname="com.elektronicare.tests.WelcomeTest" name="testWelcomePageBranding" time="2.813"/>
  <testcase classname="com.elektronicare.tests.RegisterTest" name="testRegisterPageDisplay" time="14.241"/>
  <testcase classname="com.elektronicare.tests.RegisterTest" name="testRegisterValidation" time="15.507"/>
  <testcase classname="com.elektronicare.tests.RegisterTest" name="testInvalidEmailValidation" time="21.119"/>
  <testcase classname="com.elektronicare.tests.RegisterTest" name="testInvalidPhoneValidation" time="14.449"/>
  <testcase classname="com.elektronicare.tests.RegisterTest" name="testShortPasswordValidation" time="14.295"/>
  <testcase classname="com.elektronicare.tests.RegisterTest" name="testPasswordVisibilityToggle" time="7.637"/>
  <testcase classname="com.elektronicare.tests.RegisterTest" name="testValidRegistration" time="19.462"/>
  <testcase classname="com.elektronicare.tests.RegisterTest" name="testNavigateToLogin" time="6.615"/>
  <testcase classname="com.elektronicare.tests.RegisterTest" name="testBackNavigation" time="5.561"/>
  <testcase classname="com.elektronicare.tests.RegisterTest" name="testGoogleSignInButton" time="5.769"/>
  <testcase classname="com.elektronicare.tests.RegisterTest" name="testPhoneNumberFormatting" time="7.288"/>
  <testcase classname="com.elektronicare.tests.LoginTest" name="testLoginPageElements" time="1.487"/>
  <testcase classname="com.elektronicare.tests.LoginTest" name="testValidLogin" time="8.796"/>
  <testcase classname="com.elektronicare.tests.LoginTest" name="testInvalidLogin" time="9.544"/>
  <testcase classname="com.elektronicare.tests.LoginTest" name="testEmptyFieldsLogin" time="8.916"/>
  <testcase classname="com.elektronicare.tests.LoginTest" name="testGoogleSignIn" time="4.647"/>
  <testcase classname="com.elektronicare.tests.LoginTest" name="testRegisterLink" time="8.829"/>
  <testcase classname="com.elektronicare.tests.DashboardTest" name="testDashboardElements" time="4.499"/>
  <testcase classname="com.elektronicare.tests.DashboardTest" name="testNavigationButtons" time="11.485"/>
  <testcase classname="com.elektronicare.tests.DashboardTest" name="testBottomNavigation" time="10.592"/>
  <testcase classname="com.elektronicare.tests.ServicesTest" name="testServicesPageDisplay" time="297.339">
    <failure type="java.lang.StackOverflowError">
      <![CDATA[java.lang.StackOverflowError
at com.elektronicare.pages.ServicesPage.areServicesDisplayed(ServicesPage.java:274)
at com.elektronicare.pages.ServicesPage.lambda$waitForServicesToLoad$0(ServicesPage.java:115)
at org.openqa.selenium.support.ui.FluentWait.until(FluentWait.java:203)
at com.elektronicare.pages.ServicesPage.waitForServicesToLoad(ServicesPage.java:112)
at com.elektronicare.pages.ServicesPage.getServicesCount(ServicesPage.java:330)
at com.elektronicare.pages.ServicesPage.areServicesDisplayed(ServicesPage.java:272)
at com.elektronicare.pages.ServicesPage.lambda$waitForServicesToLoad$0(ServicesPage.java:115)
at org.openqa.selenium.support.ui.FluentWait.until(FluentWait.java:203)
at com.elektronicare.pages.ServicesPage.waitForServicesToLoad(ServicesPage.java:112)
at com.elektronicare.pages.ServicesPage.getServicesCount(ServicesPage.java:330)
at com.elektronicare.pages.ServicesPage.areServicesDisplayed(ServicesPage.java:272)
at com.elektronicare.pages.ServicesPage.lambda$waitForServicesToLoad$0(ServicesPage.java:115)
at org.openqa.selenium.support.ui.FluentWait.until(FluentWait.java:203)
at com.elektronicare.pages.ServicesPage.waitForServicesToLoad(ServicesPage.java:112)
at com.elektronicare.pages.ServicesPage.getServicesCount(ServicesPage.java:330)
at com.elektronicare.pages.ServicesPage.areServicesDisplayed(ServicesPage.java:272)
at com.elektronicare.pages.ServicesPage.lambda$waitForServicesToLoad$0(ServicesPage.java:115)
at org.openqa.selenium.support.ui.FluentWait.until(FluentWait.java:203)
at com.elektronicare.pages.ServicesPage.waitForServicesToLoad(ServicesPage.java:112)
at com.elektronicare.pages.ServicesPage.getServicesCount(ServicesPage.java:330)
at com.elektronicare.pages.ServicesPage.areServicesDisplayed(ServicesPage.java:272)
at com.elektronicare.pages.ServicesPage.lambda$waitForServicesToLoad$0(ServicesPage.java:115)
at org.openqa.selenium.support.ui.FluentWait.until(FluentWait.java:203)
at com.elektronicare.pages.ServicesPage.waitForServicesToLoad(ServicesPage.java:112)
at com.elektronicare.pages.ServicesPage.getServicesCount(ServicesPage.java:330)
at com.elektronicare.pages.ServicesPage.areServicesDisplayed(ServicesPage.java:272)
at com.elektronicare.pages.ServicesPage.lambda$waitForServicesToLoad$0(ServicesPage.java:115)
at org.openqa.selenium.support.ui.FluentWait.until(FluentWait.java:203)
at com.elektronicare.pages.ServicesPage.waitForServicesToLoad(ServicesPage.java:112)
at com.elektronicare.pages.ServicesPage.getServicesCount(ServicesPage.java:330)
at com.elektronicare.pages.ServicesPage.areServicesDisplayed(ServicesPage.java:272)
at com.elektronicare.pages.ServicesPage.lambda$waitForServicesToLoad$0(ServicesPage.java:115)
at org.openqa.selenium.support.ui.FluentWait.until(FluentWait.java:203)
at com.elektronicare.pages.ServicesPage.waitForServicesToLoad(ServicesPage.java:112)
at com.elektronicare.pages.ServicesPage.getServicesCount(ServicesPage.java:330)
at com.elektronicare.pages.ServicesPage.areServicesDisplayed(ServicesPage.java:272)
at com.elektronicare.pages.ServicesPage.lambda$waitForServicesToLoad$0(ServicesPage.java:115)
at org.openqa.selenium.support.ui.FluentWait.until(FluentWait.java:203)
at com.elektronicare.pages.ServicesPage.waitForServicesToLoad(ServicesPage.java:112)
at com.elektronicare.pages.ServicesPage.getServicesCount(ServicesPage.java:330)
at com.elektronicare.pages.ServicesPage.areServicesDisplayed(ServicesPage.java:272)
at com.elektronicare.pages.ServicesPage.lambda$waitForServicesToLoad$0(ServicesPage.java:115)
at org.openqa.selenium.support.ui.FluentWait.until(FluentWait.java:203)
at com.elektronicare.pages.ServicesPage.waitForServicesToLoad(ServicesPage.java:112)
at com.elektronicare.pages.ServicesPage.getServicesCount(ServicesPage.java:330)
at com.elektronicare.pages.ServicesPage.areServicesDisplayed(ServicesPage.java:272)
at com.elektronicare.pages.ServicesPage.lambda$waitForServicesToLoad$0(ServicesPage.java:115)
at org.openqa.selenium.support.ui.FluentWait.until(FluentWait.java:203)
at com.elektronicare.pages.ServicesPage.waitForServicesToLoad(ServicesPage.java:112)
at com.elektronicare.pages.ServicesPage.getServicesCount(ServicesPage.java:330)
at com.elektronicare.pages.ServicesPage.areServicesDisplayed(ServicesPage.java:272)
at com.elektronicare.pages.ServicesPage.lambda$waitForServicesToLoad$0(ServicesPage.java:115)
at org.openqa.selenium.support.ui.FluentWait.until(FluentWait.java:203)
at com.elektronicare.pages.ServicesPage.waitForServicesToLoad(ServicesPage.java:112)
at com.elektronicare.pages.ServicesPage.getServicesCount(ServicesPage.java:330)
at com.elektronicare.pages.ServicesPage.areServicesDisplayed(ServicesPage.java:272)
at com.elektronicare.pages.ServicesPage.lambda$waitForServicesToLoad$0(ServicesPage.java:115)
at org.openqa.selenium.support.ui.FluentWait.until(FluentWait.java:203)
at com.elektronicare.pages.ServicesPage.waitForServicesToLoad(ServicesPage.java:112)
at com.elektronicare.pages.ServicesPage.getServicesCount(ServicesPage.java:330)
at com.elektronicare.pages.ServicesPage.areServicesDisplayed(ServicesPage.java:272)
at com.elektronicare.pages.ServicesPage.lambda$waitForServicesToLoad$0(ServicesPage.java:115)
at org.openqa.selenium.support.ui.FluentWait.until(FluentWait.java:203)
at com.elektronicare.pages.ServicesPage.waitForServicesToLoad(ServicesPage.java:112)
at com.elektronicare.pages.ServicesPage.getServicesCount(ServicesPage.java:330)
at com.elektronicare.pages.ServicesPage.areServicesDisplayed(ServicesPage.java:272)
at com.elektronicare.pages.ServicesPage.lambda$waitForServicesToLoad$0(ServicesPage.java:115)
at org.openqa.selenium.support.ui.FluentWait.until(FluentWait.java:203)
at com.elektronicare.pages.ServicesPage.waitForServicesToLoad(ServicesPage.java:112)
at com.elektronicare.pages.ServicesPage.getServicesCount(ServicesPage.java:330)
at com.elektronicare.pages.ServicesPage.areServicesDisplayed(ServicesPage.java:272)
at com.elektronicare.pages.ServicesPage.lambda$waitForServicesToLoad$0(ServicesPage.java:115)
at org.openqa.selenium.support.ui.FluentWait.until(FluentWait.java:203)
at com.elektronicare.pages.ServicesPage.waitForServicesToLoad(ServicesPage.java:112)
at com.elektronicare.pages.ServicesPage.getServicesCount(ServicesPage.java:330)
at com.elektronicare.pages.ServicesPage.areServicesDisplayed(ServicesPage.java:272)
at com.elektronicare.pages.ServicesPage.lambda$waitForServicesToLoad$0(ServicesPage.java:115)
at org.openqa.selenium.support.ui.FluentWait.until(FluentWait.java:203)
at com.elektronicare.pages.ServicesPage.waitForServicesToLoad(ServicesPage.java:112)
at com.elektronicare.pages.ServicesPage.getServicesCount(ServicesPage.java:330)
at com.elektronicare.pages.ServicesPage.areServicesDisplayed(ServicesPage.java:272)
at com.elektronicare.pages.ServicesPage.lambda$waitForServicesToLoad$0(ServicesPage.java:115)
at org.openqa.selenium.support.ui.FluentWait.until(FluentWait.java:203)
at com.elektronicare.pages.ServicesPage.waitForServicesToLoad(ServicesPage.java:112)
at com.elektronicare.pages.ServicesPage.getServicesCount(ServicesPage.java:330)
at com.elektronicare.pages.ServicesPage.areServicesDisplayed(ServicesPage.java:272)
at com.elektronicare.pages.ServicesPage.lambda$waitForServicesToLoad$0(ServicesPage.java:115)
at org.openqa.selenium.support.ui.FluentWait.until(FluentWait.java:203)
at com.elektronicare.pages.ServicesPage.waitForServicesToLoad(ServicesPage.java:112)
at com.elektronicare.pages.ServicesPage.getServicesCount(ServicesPage.java:330)
at com.elektronicare.pages.ServicesPage.areServicesDisplayed(ServicesPage.java:272)
at com.elektronicare.pages.ServicesPage.lambda$waitForServicesToLoad$0(ServicesPage.java:115)
at org.openqa.selenium.support.ui.FluentWait.until(FluentWait.java:203)
at com.elektronicare.pages.ServicesPage.waitForServicesToLoad(ServicesPage.java:112)
at com.elektronicare.pages.ServicesPage.getServicesCount(ServicesPage.java:330)
at com.elektronicare.pages.ServicesPage.areServicesDisplayed(ServicesPage.java:272)
at com.elektronicare.pages.ServicesPage.lambda$waitForServicesToLoad$0(ServicesPage.java:115)
at org.openqa.selenium.support.ui.FluentWait.until(FluentWait.java:203)
at com.elektronicare.pages.ServicesPage.waitForServicesToLoad(ServicesPage.java:112)
at com.elektronicare.pages.ServicesPage.getServicesCount(ServicesPage.java:330)
at com.elektronicare.pages.ServicesPage.areServicesDisplayed(ServicesPage.java:272)
at com.elektronicare.pages.ServicesPage.lambda$waitForServicesToLoad$0(ServicesPage.java:115)
at org.openqa.selenium.support.ui.FluentWait.until(FluentWait.java:203)
at com.elektronicare.pages.ServicesPage.waitForServicesToLoad(ServicesPage.java:112)
at com.elektronicare.pages.ServicesPage.getServicesCount(ServicesPage.java:330)
at com.elektronicare.pages.ServicesPage.areServicesDisplayed(ServicesPage.java:272)
at com.elektronicare.pages.ServicesPage.lambda$waitForServicesToLoad$0(ServicesPage.java:115)
at org.openqa.selenium.support.ui.FluentWait.until(FluentWait.java:203)
at com.elektronicare.pages.ServicesPage.waitForServicesToLoad(ServicesPage.java:112)
at com.elektronicare.pages.ServicesPage.getServicesCount(ServicesPage.java:330)
at com.elektronicare.pages.ServicesPage.areServicesDisplayed(ServicesPage.java:272)
at com.elektronicare.pages.ServicesPage.lambda$waitForServicesToLoad$0(ServicesPage.java:115)
at org.openqa.selenium.support.ui.FluentWait.until(FluentWait.java:203)
at com.elektronicare.pages.ServicesPage.waitForServicesToLoad(ServicesPage.java:112)
at com.elektronicare.pages.ServicesPage.getServicesCount(ServicesPage.java:330)
at com.elektronicare.pages.ServicesPage.areServicesDisplayed(ServicesPage.java:272)
at com.elektronicare.pages.ServicesPage.lambda$waitForServicesToLoad$0(ServicesPage.java:115)
at org.openqa.selenium.support.ui.FluentWait.until(FluentWait.java:203)
at com.elektronicare.pages.ServicesPage.waitForServicesToLoad(ServicesPage.java:112)
at com.elektronicare.pages.ServicesPage.getServicesCount(ServicesPage.java:330)
at com.elektronicare.pages.ServicesPage.areServicesDisplayed(ServicesPage.java:272)
at com.elektronicare.pages.ServicesPage.lambda$waitForServicesToLoad$0(ServicesPage.java:115)
at org.openqa.selenium.support.ui.FluentWait.until(FluentWait.java:203)
at com.elektronicare.pages.ServicesPage.waitForServicesToLoad(ServicesPage.java:112)
at com.elektronicare.pages.ServicesPage.getServicesCount(ServicesPage.java:330)
at com.elektronicare.pages.ServicesPage.areServicesDisplayed(ServicesPage.java:272)
at com.elektronicare.pages.ServicesPage.lambda$waitForServicesToLoad$0(ServicesPage.java:115)
at org.openqa.selenium.support.ui.FluentWait.until(FluentWait.java:203)
at com.elektronicare.pages.ServicesPage.waitForServicesToLoad(ServicesPage.java:112)
at com.elektronicare.pages.ServicesPage.getServicesCount(ServicesPage.java:330)
at com.elektronicare.pages.ServicesPage.areServicesDisplayed(ServicesPage.java:272)
at com.elektronicare.pages.ServicesPage.lambda$waitForServicesToLoad$0(ServicesPage.java:115)
at org.openqa.selenium.support.ui.FluentWait.until(FluentWait.java:203)
at com.elektronicare.pages.ServicesPage.waitForServicesToLoad(ServicesPage.java:112)
at com.elektronicare.pages.ServicesPage.getServicesCount(ServicesPage.java:330)
at com.elektronicare.pages.ServicesPage.areServicesDisplayed(ServicesPage.java:272)
at com.elektronicare.pages.ServicesPage.lambda$waitForServicesToLoad$0(ServicesPage.java:115)
at org.openqa.selenium.support.ui.FluentWait.until(FluentWait.java:203)
at com.elektronicare.pages.ServicesPage.waitForServicesToLoad(ServicesPage.java:112)
at com.elektronicare.pages.ServicesPage.getServicesCount(ServicesPage.java:330)
at com.elektronicare.pages.ServicesPage.areServicesDisplayed(ServicesPage.java:272)
at com.elektronicare.pages.ServicesPage.lambda$waitForServicesToLoad$0(ServicesPage.java:115)
at org.openqa.selenium.support.ui.FluentWait.until(FluentWait.java:203)
at com.elektronicare.pages.ServicesPage.waitForServicesToLoad(ServicesPage.java:112)
at com.elektronicare.pages.ServicesPage.getServicesCount(ServicesPage.java:330)
at com.elektronicare.pages.ServicesPage.areServicesDisplayed(ServicesPage.java:272)
at com.elektronicare.pages.ServicesPage.lambda$waitForServicesToLoad$0(ServicesPage.java:115)
at org.openqa.selenium.support.ui.FluentWait.until(FluentWait.java:203)
at com.elektronicare.pages.ServicesPage.waitForServicesToLoad(ServicesPage.java:112)
at com.elektronicare.pages.ServicesPage.getServicesCount(ServicesPage.java:330)
at com.elektronicare.pages.ServicesPage.areServicesDisplayed(ServicesPage.java:272)
at com.elektronicare.pages.ServicesPage.lambda$waitForServicesToLoad$0(ServicesPage.java:115)
at org.openqa.selenium.support.ui.FluentWait.until(FluentWait.java:203)
at com.elektronicare.pages.ServicesPage.waitForServicesToLoad(ServicesPage.java:112)
at com.elektronicare.pages.ServicesPage.getServicesCount(ServicesPage.java:330)
at com.elektronicare.pages.ServicesPage.areServicesDisplayed(ServicesPage.java:272)
at com.elektronicare.pages.ServicesPage.lambda$waitForServicesToLoad$0(ServicesPage.java:115)
at org.openqa.selenium.support.ui.FluentWait.until(FluentWait.java:203)
at com.elektronicare.pages.ServicesPage.waitForServicesToLoad(ServicesPage.java:112)
at com.elektronicare.pages.ServicesPage.getServicesCount(ServicesPage.java:330)
at com.elektronicare.pages.ServicesPage.areServicesDisplayed(ServicesPage.java:272)
at com.elektronicare.pages.ServicesPage.lambda$waitForServicesToLoad$0(ServicesPage.java:115)
at org.openqa.selenium.support.ui.FluentWait.until(FluentWait.java:203)
at com.elektronicare.pages.ServicesPage.waitForServicesToLoad(ServicesPage.java:112)
at com.elektronicare.pages.ServicesPage.getServicesCount(ServicesPage.java:330)
at com.elektronicare.pages.ServicesPage.areServicesDisplayed(ServicesPage.java:272)
at com.elektronicare.pages.ServicesPage.lambda$waitForServicesToLoad$0(ServicesPage.java:115)
at org.openqa.selenium.support.ui.FluentWait.until(FluentWait.java:203)
at com.elektronicare.pages.ServicesPage.waitForServicesToLoad(ServicesPage.java:112)
at com.elektronicare.pages.ServicesPage.getServicesCount(ServicesPage.java:330)
at com.elektronicare.pages.ServicesPage.areServicesDisplayed(ServicesPage.java:272)
at com.elektronicare.pages.ServicesPage.lambda$waitForServicesToLoad$0(ServicesPage.java:115)
at org.openqa.selenium.support.ui.FluentWait.until(FluentWait.java:203)
at com.elektronicare.pages.ServicesPage.waitForServicesToLoad(ServicesPage.java:112)
at com.elektronicare.pages.ServicesPage.getServicesCount(ServicesPage.java:330)
at com.elektronicare.pages.ServicesPage.areServicesDisplayed(ServicesPage.java:272)
at com.elektronicare.pages.ServicesPage.lambda$waitForServicesToLoad$0(ServicesPage.java:115)
at org.openqa.selenium.support.ui.FluentWait.until(FluentWait.java:203)
at com.elektronicare.pages.ServicesPage.waitForServicesToLoad(ServicesPage.java:112)
at com.elektronicare.pages.ServicesPage.getServicesCount(ServicesPage.java:330)
at com.elektronicare.pages.ServicesPage.areServicesDisplayed(ServicesPage.java:272)
at com.elektronicare.pages.ServicesPage.lambda$waitForServicesToLoad$0(ServicesPage.java:115)
at org.openqa.selenium.support.ui.FluentWait.until(FluentWait.java:203)
at com.elektronicare.pages.ServicesPage.waitForServicesToLoad(ServicesPage.java:112)
at com.elektronicare.pages.ServicesPage.getServicesCount(ServicesPage.java:330)
at com.elektronicare.pages.ServicesPage.areServicesDisplayed(ServicesPage.java:272)
at com.elektronicare.pages.ServicesPage.lambda$waitForServicesToLoad$0(ServicesPage.java:115)
at org.openqa.selenium.support.ui.FluentWait.until(FluentWait.java:203)
at com.elektronicare.pages.ServicesPage.waitForServicesToLoad(ServicesPage.java:112)
at com.elektronicare.pages.ServicesPage.getServicesCount(ServicesPage.java:330)
at com.elektronicare.pages.ServicesPage.areServicesDisplayed(ServicesPage.java:272)
at com.elektronicare.pages.ServicesPage.lambda$waitForServicesToLoad$0(ServicesPage.java:115)
at org.openqa.selenium.support.ui.FluentWait.until(FluentWait.java:203)
at com.elektronicare.pages.ServicesPage.waitForServicesToLoad(ServicesPage.java:112)
at com.elektronicare.pages.ServicesPage.getServicesCount(ServicesPage.java:330)
at com.elektronicare.pages.ServicesPage.areServicesDisplayed(ServicesPage.java:272)
at com.elektronicare.pages.ServicesPage.lambda$waitForServicesToLoad$0(ServicesPage.java:115)
at org.openqa.selenium.support.ui.FluentWait.until(FluentWait.java:203)
at com.elektronicare.pages.ServicesPage.waitForServicesToLoad(ServicesPage.java:112)
at com.elektronicare.pages.ServicesPage.getServicesCount(ServicesPage.java:330)
at com.elektronicare.pages.ServicesPage.areServicesDisplayed(ServicesPage.java:272)
at com.elektronicare.pages.ServicesPage.lambda$waitForServicesToLoad$0(ServicesPage.java:115)
at org.openqa.selenium.support.ui.FluentWait.until(FluentWait.java:203)
at com.elektronicare.pages.ServicesPage.waitForServicesToLoad(ServicesPage.java:112)
at com.elektronicare.pages.ServicesPage.getServicesCount(ServicesPage.java:330)
at com.elektronicare.pages.ServicesPage.areServicesDisplayed(ServicesPage.java:272)
at com.elektronicare.pages.ServicesPage.lambda$waitForServicesToLoad$0(ServicesPage.java:115)
at org.openqa.selenium.support.ui.FluentWait.until(FluentWait.java:203)
at com.elektronicare.pages.ServicesPage.waitForServicesToLoad(ServicesPage.java:112)
at com.elektronicare.pages.ServicesPage.getServicesCount(ServicesPage.java:330)
at com.elektronicare.pages.ServicesPage.areServicesDisplayed(ServicesPage.java:272)
at com.elektronicare.pages.ServicesPage.lambda$waitForServicesToLoad$0(ServicesPage.java:115)
at org.openqa.selenium.support.ui.FluentWait.until(FluentWait.java:203)
at com.elektronicare.pages.ServicesPage.waitForServicesToLoad(ServicesPage.java:112)
at com.elektronicare.pages.ServicesPage.getServicesCount(ServicesPage.java:330)
at com.elektronicare.pages.ServicesPage.areServicesDisplayed(ServicesPage.java:272)
at com.elektronicare.pages.ServicesPage.lambda$waitForServicesToLoad$0(ServicesPage.java:115)
at org.openqa.selenium.support.ui.FluentWait.until(FluentWait.java:203)
at com.elektronicare.pages.ServicesPage.waitForServicesToLoad(ServicesPage.java:112)
at com.elektronicare.pages.ServicesPage.getServicesCount(ServicesPage.java:330)
at com.elektronicare.pages.ServicesPage.areServicesDisplayed(ServicesPage.java:272)
at com.elektronicare.pages.ServicesPage.lambda$waitForServicesToLoad$0(ServicesPage.java:115)
at org.openqa.selenium.support.ui.FluentWait.until(FluentWait.java:203)
at com.elektronicare.pages.ServicesPage.waitForServicesToLoad(ServicesPage.java:112)
at com.elektronicare.pages.ServicesPage.getServicesCount(ServicesPage.java:330)
at com.elektronicare.pages.ServicesPage.areServicesDisplayed(ServicesPage.java:272)
at com.elektronicare.pages.ServicesPage.lambda$waitForServicesToLoad$0(ServicesPage.java:115)
at org.openqa.selenium.support.ui.FluentWait.until(FluentWait.java:203)
at com.elektronicare.pages.ServicesPage.waitForServicesToLoad(ServicesPage.java:112)
at com.elektronicare.pages.ServicesPage.getServicesCount(ServicesPage.java:330)
at com.elektronicare.pages.ServicesPage.areServicesDisplayed(ServicesPage.java:272)
at com.elektronicare.pages.ServicesPage.lambda$waitForServicesToLoad$0(ServicesPage.java:115)
at org.openqa.selenium.support.ui.FluentWait.until(FluentWait.java:203)
at com.elektronicare.pages.ServicesPage.waitForServicesToLoad(ServicesPage.java:112)
at com.elektronicare.pages.ServicesPage.getServicesCount(ServicesPage.java:330)
at com.elektronicare.pages.ServicesPage.areServicesDisplayed(ServicesPage.java:272)
at com.elektronicare.pages.ServicesPage.lambda$waitForServicesToLoad$0(ServicesPage.java:115)
at org.openqa.selenium.support.ui.FluentWait.until(FluentWait.java:203)
at com.elektronicare.pages.ServicesPage.waitForServicesToLoad(ServicesPage.java:112)
at com.elektronicare.pages.ServicesPage.getServicesCount(ServicesPage.java:330)
at com.elektronicare.pages.ServicesPage.areServicesDisplayed(ServicesPage.java:272)
at com.elektronicare.pages.ServicesPage.lambda$waitForServicesToLoad$0(ServicesPage.java:115)
at org.openqa.selenium.support.ui.FluentWait.until(FluentWait.java:203)
at com.elektronicare.pages.ServicesPage.waitForServicesToLoad(ServicesPage.java:112)
at com.elektronicare.pages.ServicesPage.getServicesCount(ServicesPage.java:330)
at com.elektronicare.pages.ServicesPage.areServicesDisplayed(ServicesPage.java:272)
at com.elektronicare.pages.ServicesPage.lambda$waitForServicesToLoad$0(ServicesPage.java:115)
at org.openqa.selenium.support.ui.FluentWait.until(FluentWait.java:203)
at com.elektronicare.pages.ServicesPage.waitForServicesToLoad(ServicesPage.java:112)
at com.elektronicare.pages.ServicesPage.getServicesCount(ServicesPage.java:330)
at com.elektronicare.pages.ServicesPage.areServicesDisplayed(ServicesPage.java:272)
at com.elektronicare.pages.ServicesPage.lambda$waitForServicesToLoad$0(ServicesPage.java:115)
at org.openqa.selenium.support.ui.FluentWait.until(FluentWait.java:203)
at com.elektronicare.pages.ServicesPage.waitForServicesToLoad(ServicesPage.java:112)
at com.elektronicare.pages.ServicesPage.getServicesCount(ServicesPage.java:330)
at com.elektronicare.pages.ServicesPage.areServicesDisplayed(ServicesPage.java:272)
at com.elektronicare.pages.ServicesPage.lambda$waitForServicesToLoad$0(ServicesPage.java:115)
at org.openqa.selenium.support.ui.FluentWait.until(FluentWait.java:203)
at com.elektronicare.pages.ServicesPage.waitForServicesToLoad(ServicesPage.java:112)
at com.elektronicare.pages.ServicesPage.getServicesCount(ServicesPage.java:330)
at com.elektronicare.pages.ServicesPage.areServicesDisplayed(ServicesPage.java:272)
at com.elektronicare.pages.ServicesPage.lambda$waitForServicesToLoad$0(ServicesPage.java:115)
at org.openqa.selenium.support.ui.FluentWait.until(FluentWait.java:203)
at com.elektronicare.pages.ServicesPage.waitForServicesToLoad(ServicesPage.java:112)
at com.elektronicare.pages.ServicesPage.getServicesCount(ServicesPage.java:330)
at com.elektronicare.pages.ServicesPage.areServicesDisplayed(ServicesPage.java:272)
at com.elektronicare.pages.ServicesPage.lambda$waitForServicesToLoad$0(ServicesPage.java:115)
at org.openqa.selenium.support.ui.FluentWait.until(FluentWait.java:203)
at com.elektronicare.pages.ServicesPage.waitForServicesToLoad(ServicesPage.java:112)
at com.elektronicare.pages.ServicesPage.getServicesCount(ServicesPage.java:330)
at com.elektronicare.pages.ServicesPage.areServicesDisplayed(ServicesPage.java:272)
at com.elektronicare.pages.ServicesPage.lambda$waitForServicesToLoad$0(ServicesPage.java:115)
at org.openqa.selenium.support.ui.FluentWait.until(FluentWait.java:203)
at com.elektronicare.pages.ServicesPage.waitForServicesToLoad(ServicesPage.java:112)
at com.elektronicare.pages.ServicesPage.getServicesCount(ServicesPage.java:330)
at com.elektronicare.pages.ServicesPage.areServicesDisplayed(ServicesPage.java:272)
at com.elektronicare.pages.ServicesPage.lambda$waitForServicesToLoad$0(ServicesPage.java:115)
at org.openqa.selenium.support.ui.FluentWait.until(FluentWait.java:203)
at com.elektronicare.pages.ServicesPage.waitForServicesToLoad(ServicesPage.java:112)
at com.elektronicare.pages.ServicesPage.getServicesCount(ServicesPage.java:330)
at com.elektronicare.pages.ServicesPage.areServicesDisplayed(ServicesPage.java:272)
at com.elektronicare.pages.ServicesPage.lambda$waitForServicesToLoad$0(ServicesPage.java:115)
at org.openqa.selenium.support.ui.FluentWait.until(FluentWait.java:203)
at com.elektronicare.pages.ServicesPage.waitForServicesToLoad(ServicesPage.java:112)
at com.elektronicare.pages.ServicesPage.getServicesCount(ServicesPage.java:330)
at com.elektronicare.pages.ServicesPage.areServicesDisplayed(ServicesPage.java:272)
at com.elektronicare.pages.ServicesPage.lambda$waitForServicesToLoad$0(ServicesPage.java:115)
at org.openqa.selenium.support.ui.FluentWait.until(FluentWait.java:203)
at com.elektronicare.pages.ServicesPage.waitForServicesToLoad(ServicesPage.java:112)
at com.elektronicare.pages.ServicesPage.getServicesCount(ServicesPage.java:330)
at com.elektronicare.pages.ServicesPage.areServicesDisplayed(ServicesPage.java:272)
at com.elektronicare.pages.ServicesPage.lambda$waitForServicesToLoad$0(ServicesPage.java:115)
at org.openqa.selenium.support.ui.FluentWait.until(FluentWait.java:203)
at com.elektronicare.pages.ServicesPage.waitForServicesToLoad(ServicesPage.java:112)
at com.elektronicare.pages.ServicesPage.getServicesCount(ServicesPage.java:330)
at com.elektronicare.pages.ServicesPage.areServicesDisplayed(ServicesPage.java:272)
at com.elektronicare.pages.ServicesPage.lambda$waitForServicesToLoad$0(ServicesPage.java:115)
at org.openqa.selenium.support.ui.FluentWait.until(FluentWait.java:203)
at com.elektronicare.pages.ServicesPage.waitForServicesToLoad(ServicesPage.java:112)
at com.elektronicare.pages.ServicesPage.getServicesCount(ServicesPage.java:330)
at com.elektronicare.pages.ServicesPage.areServicesDisplayed(ServicesPage.java:272)
at com.elektronicare.pages.ServicesPage.lambda$waitForServicesToLoad$0(ServicesPage.java:115)
at org.openqa.selenium.support.ui.FluentWait.until(FluentWait.java:203)
at com.elektronicare.pages.ServicesPage.waitForServicesToLoad(ServicesPage.java:112)
at com.elektronicare.pages.ServicesPage.getServicesCount(ServicesPage.java:330)
at com.elektronicare.pages.ServicesPage.areServicesDisplayed(ServicesPage.java:272)
at com.elektronicare.pages.ServicesPage.lambda$waitForServicesToLoad$0(ServicesPage.java:115)
at org.openqa.selenium.support.ui.FluentWait.until(FluentWait.java:203)
at com.elektronicare.pages.ServicesPage.waitForServicesToLoad(ServicesPage.java:112)
at com.elektronicare.pages.ServicesPage.getServicesCount(ServicesPage.java:330)
at com.elektronicare.pages.ServicesPage.areServicesDisplayed(ServicesPage.java:272)
at com.elektronicare.pages.ServicesPage.lambda$waitForServicesToLoad$0(ServicesPage.java:115)
at org.openqa.selenium.support.ui.FluentWait.until(FluentWait.java:203)
at com.elektronicare.pages.ServicesPage.waitForServicesToLoad(ServicesPage.java:112)
at com.elektronicare.pages.ServicesPage.getServicesCount(ServicesPage.java:330)
at com.elektronicare.pages.ServicesPage.areServicesDisplayed(ServicesPage.java:272)
at com.elektronicare.pages.ServicesPage.lambda$waitForServicesToLoad$0(ServicesPage.java:115)
at org.openqa.selenium.support.ui.FluentWait.until(FluentWait.java:203)
at com.elektronicare.pages.ServicesPage.waitForServicesToLoad(ServicesPage.java:112)
at com.elektronicare.pages.ServicesPage.getServicesCount(ServicesPage.java:330)
at com.elektronicare.pages.ServicesPage.areServicesDisplayed(ServicesPage.java:272)
at com.elektronicare.pages.ServicesPage.lambda$waitForServicesToLoad$0(ServicesPage.java:115)
at org.openqa.selenium.support.ui.FluentWait.until(FluentWait.java:203)
at com.elektronicare.pages.ServicesPage.waitForServicesToLoad(ServicesPage.java:112)
at com.elektronicare.pages.ServicesPage.getServicesCount(ServicesPage.java:330)
at com.elektronicare.pages.ServicesPage.areServicesDisplayed(ServicesPage.java:272)
at com.elektronicare.pages.ServicesPage.lambda$waitForServicesToLoad$0(ServicesPage.java:115)
at org.openqa.selenium.support.ui.FluentWait.until(FluentWait.java:203)
at com.elektronicare.pages.ServicesPage.waitForServicesToLoad(ServicesPage.java:112)
at com.elektronicare.pages.ServicesPage.getServicesCount(ServicesPage.java:330)
at com.elektronicare.pages.ServicesPage.areServicesDisplayed(ServicesPage.java:272)
at com.elektronicare.pages.ServicesPage.lambda$waitForServicesToLoad$0(ServicesPage.java:115)
at org.openqa.selenium.support.ui.FluentWait.until(FluentWait.java:203)
at com.elektronicare.pages.ServicesPage.waitForServicesToLoad(ServicesPage.java:112)
at com.elektronicare.pages.ServicesPage.getServicesCount(ServicesPage.java:330)
at com.elektronicare.pages.ServicesPage.areServicesDisplayed(ServicesPage.java:272)
at com.elektronicare.pages.ServicesPage.lambda$waitForServicesToLoad$0(ServicesPage.java:115)
at org.openqa.selenium.support.ui.FluentWait.until(FluentWait.java:203)
at com.elektronicare.pages.ServicesPage.waitForServicesToLoad(ServicesPage.java:112)
at com.elektronicare.pages.ServicesPage.getServicesCount(ServicesPage.java:330)
at com.elektronicare.pages.ServicesPage.areServicesDisplayed(ServicesPage.java:272)
at com.elektronicare.pages.ServicesPage.lambda$waitForServicesToLoad$0(ServicesPage.java:115)
at org.openqa.selenium.support.ui.FluentWait.until(FluentWait.java:203)
at com.elektronicare.pages.ServicesPage.waitForServicesToLoad(ServicesPage.java:112)
at com.elektronicare.pages.ServicesPage.getServicesCount(ServicesPage.java:330)
at com.elektronicare.pages.ServicesPage.areServicesDisplayed(ServicesPage.java:272)
at com.elektronicare.pages.ServicesPage.lambda$waitForServicesToLoad$0(ServicesPage.java:115)
at org.openqa.selenium.support.ui.FluentWait.until(FluentWait.java:203)
at com.elektronicare.pages.ServicesPage.waitForServicesToLoad(ServicesPage.java:112)
at com.elektronicare.pages.ServicesPage.getServicesCount(ServicesPage.java:330)
at com.elektronicare.pages.ServicesPage.areServicesDisplayed(ServicesPage.java:272)
at com.elektronicare.pages.ServicesPage.lambda$waitForServicesToLoad$0(ServicesPage.java:115)
at org.openqa.selenium.support.ui.FluentWait.until(FluentWait.java:203)
at com.elektronicare.pages.ServicesPage.waitForServicesToLoad(ServicesPage.java:112)
at com.elektronicare.pages.ServicesPage.getServicesCount(ServicesPage.java:330)
at com.elektronicare.pages.ServicesPage.areServicesDisplayed(ServicesPage.java:272)
at com.elektronicare.pages.ServicesPage.lambda$waitForServicesToLoad$0(ServicesPage.java:115)
at org.openqa.selenium.support.ui.FluentWait.until(FluentWait.java:203)
at com.elektronicare.pages.ServicesPage.waitForServicesToLoad(ServicesPage.java:112)
at com.elektronicare.pages.ServicesPage.getServicesCount(ServicesPage.java:330)
at com.elektronicare.pages.ServicesPage.areServicesDisplayed(ServicesPage.java:272)
at com.elektronicare.pages.ServicesPage.lambda$waitForServicesToLoad$0(ServicesPage.java:115)
at org.openqa.selenium.support.ui.FluentWait.until(FluentWait.java:203)
at com.elektronicare.pages.ServicesPage.waitForServicesToLoad(ServicesPage.java:112)
at com.elektronicare.pages.ServicesPage.getServicesCount(ServicesPage.java:330)
at com.elektronicare.pages.ServicesPage.areServicesDisplayed(ServicesPage.java:272)
at com.elektronicare.pages.ServicesPage.lambda$waitForServicesToLoad$0(ServicesPage.java:115)
at org.openqa.selenium.support.ui.FluentWait.until(FluentWait.java:203)
at com.elektronicare.pages.ServicesPage.waitForServicesToLoad(ServicesPage.java:112)
at com.elektronicare.pages.ServicesPage.getServicesCount(ServicesPage.java:330)
at com.elektronicare.pages.ServicesPage.areServicesDisplayed(ServicesPage.java:272)
at com.elektronicare.pages.ServicesPage.lambda$waitForServicesToLoad$0(ServicesPage.java:115)
at org.openqa.selenium.support.ui.FluentWait.until(FluentWait.java:203)
at com.elektronicare.pages.ServicesPage.waitForServicesToLoad(ServicesPage.java:112)
at com.elektronicare.pages.ServicesPage.getServicesCount(ServicesPage.java:330)
at com.elektronicare.pages.ServicesPage.areServicesDisplayed(ServicesPage.java:272)
at com.elektronicare.pages.ServicesPage.lambda$waitForServicesToLoad$0(ServicesPage.java:115)
at org.openqa.selenium.support.ui.FluentWait.until(FluentWait.java:203)
at com.elektronicare.pages.ServicesPage.waitForServicesToLoad(ServicesPage.java:112)
at com.elektronicare.pages.ServicesPage.getServicesCount(ServicesPage.java:330)
at com.elektronicare.pages.ServicesPage.areServicesDisplayed(ServicesPage.java:272)
at com.elektronicare.pages.ServicesPage.lambda$waitForServicesToLoad$0(ServicesPage.java:115)
at org.openqa.selenium.support.ui.FluentWait.until(FluentWait.java:203)
at com.elektronicare.pages.ServicesPage.waitForServicesToLoad(ServicesPage.java:112)
at com.elektronicare.pages.ServicesPage.getServicesCount(ServicesPage.java:330)
at com.elektronicare.pages.ServicesPage.areServicesDisplayed(ServicesPage.java:272)
at com.elektronicare.pages.ServicesPage.lambda$waitForServicesToLoad$0(ServicesPage.java:115)
at org.openqa.selenium.support.ui.FluentWait.until(FluentWait.java:203)
at com.elektronicare.pages.ServicesPage.waitForServicesToLoad(ServicesPage.java:112)
at com.elektronicare.pages.ServicesPage.getServicesCount(ServicesPage.java:330)
at com.elektronicare.pages.ServicesPage.areServicesDisplayed(ServicesPage.java:272)
at com.elektronicare.pages.ServicesPage.lambda$waitForServicesToLoad$0(ServicesPage.java:115)
at org.openqa.selenium.support.ui.FluentWait.until(FluentWait.java:203)
at com.elektronicare.pages.ServicesPage.waitForServicesToLoad(ServicesPage.java:112)
at com.elektronicare.pages.ServicesPage.getServicesCount(ServicesPage.java:330)
at com.elektronicare.pages.ServicesPage.areServicesDisplayed(ServicesPage.java:272)
at com.elektronicare.pages.ServicesPage.lambda$waitForServicesToLoad$0(ServicesPage.java:115)
at org.openqa.selenium.support.ui.FluentWait.until(FluentWait.java:203)
at com.elektronicare.pages.ServicesPage.waitForServicesToLoad(ServicesPage.java:112)
at com.elektronicare.pages.ServicesPage.getServicesCount(ServicesPage.java:330)
at com.elektronicare.pages.ServicesPage.areServicesDisplayed(ServicesPage.java:272)
at com.elektronicare.pages.ServicesPage.lambda$waitForServicesToLoad$0(ServicesPage.java:115)
at org.openqa.selenium.support.ui.FluentWait.until(FluentWait.java:203)
at com.elektronicare.pages.ServicesPage.waitForServicesToLoad(ServicesPage.java:112)
at com.elektronicare.pages.ServicesPage.getServicesCount(ServicesPage.java:330)
at com.elektronicare.pages.ServicesPage.areServicesDisplayed(ServicesPage.java:272)
at com.elektronicare.pages.ServicesPage.lambda$waitForServicesToLoad$0(ServicesPage.java:115)
at org.openqa.selenium.support.ui.FluentWait.until(FluentWait.java:203)
at com.elektronicare.pages.ServicesPage.waitForServicesToLoad(ServicesPage.java:112)
at com.elektronicare.pages.ServicesPage.getServicesCount(ServicesPage.java:330)
at com.elektronicare.pages.ServicesPage.areServicesDisplayed(ServicesPage.java:272)
at com.elektronicare.pages.ServicesPage.lambda$waitForServicesToLoad$0(ServicesPage.java:115)
at org.openqa.selenium.support.ui.FluentWait.until(FluentWait.java:203)
at com.elektronicare.pages.ServicesPage.waitForServicesToLoad(ServicesPage.java:112)
at com.elektronicare.pages.ServicesPage.getServicesCount(ServicesPage.java:330)
at com.elektronicare.pages.ServicesPage.areServicesDisplayed(ServicesPage.java:272)
at com.elektronicare.pages.ServicesPage.lambda$waitForServicesToLoad$0(ServicesPage.java:115)
at org.openqa.selenium.support.ui.FluentWait.until(FluentWait.java:203)
at com.elektronicare.pages.ServicesPage.waitForServicesToLoad(ServicesPage.java:112)
at com.elektronicare.pages.ServicesPage.getServicesCount(ServicesPage.java:330)
at com.elektronicare.pages.ServicesPage.areServicesDisplayed(ServicesPage.java:272)
at com.elektronicare.pages.ServicesPage.lambda$waitForServicesToLoad$0(ServicesPage.java:115)
at org.openqa.selenium.support.ui.FluentWait.until(FluentWait.java:203)
at com.elektronicare.pages.ServicesPage.waitForServicesToLoad(ServicesPage.java:112)
at com.elektronicare.pages.ServicesPage.getServicesCount(ServicesPage.java:330)
at com.elektronicare.pages.ServicesPage.areServicesDisplayed(ServicesPage.java:272)
at com.elektronicare.pages.ServicesPage.lambda$waitForServicesToLoad$0(ServicesPage.java:115)
at org.openqa.selenium.support.ui.FluentWait.until(FluentWait.java:203)
at com.elektronicare.pages.ServicesPage.waitForServicesToLoad(ServicesPage.java:112)
at com.elektronicare.pages.ServicesPage.getServicesCount(ServicesPage.java:330)
at com.elektronicare.pages.ServicesPage.areServicesDisplayed(ServicesPage.java:272)
at com.elektronicare.pages.ServicesPage.lambda$waitForServicesToLoad$0(ServicesPage.java:115)
at org.openqa.selenium.support.ui.FluentWait.until(FluentWait.java:203)
at com.elektronicare.pages.ServicesPage.waitForServicesToLoad(ServicesPage.java:112)
at com.elektronicare.pages.ServicesPage.getServicesCount(ServicesPage.java:330)
at com.elektronicare.pages.ServicesPage.areServicesDisplayed(ServicesPage.java:272)
at com.elektronicare.pages.ServicesPage.lambda$waitForServicesToLoad$0(ServicesPage.java:115)
at org.openqa.selenium.support.ui.FluentWait.until(FluentWait.java:203)
at com.elektronicare.pages.ServicesPage.waitForServicesToLoad(ServicesPage.java:112)
at com.elektronicare.pages.ServicesPage.getServicesCount(ServicesPage.java:330)
at com.elektronicare.pages.ServicesPage.areServicesDisplayed(ServicesPage.java:272)
at com.elektronicare.pages.ServicesPage.lambda$waitForServicesToLoad$0(ServicesPage.java:115)
at org.openqa.selenium.support.ui.FluentWait.until(FluentWait.java:203)
at com.elektronicare.pages.ServicesPage.waitForServicesToLoad(ServicesPage.java:112)
at com.elektronicare.pages.ServicesPage.getServicesCount(ServicesPage.java:330)
at com.elektronicare.pages.ServicesPage.areServicesDisplayed(ServicesPage.java:272)
at com.elektronicare.pages.ServicesPage.lambda$waitForServicesToLoad$0(ServicesPage.java:115)
at org.openqa.selenium.support.ui.FluentWait.until(FluentWait.java:203)
at com.elektronicare.pages.ServicesPage.waitForServicesToLoad(ServicesPage.java:112)
at com.elektronicare.pages.ServicesPage.getServicesCount(ServicesPage.java:330)
at com.elektronicare.pages.ServicesPage.areServicesDisplayed(ServicesPage.java:272)
at com.elektronicare.pages.ServicesPage.lambda$waitForServicesToLoad$0(ServicesPage.java:115)
at org.openqa.selenium.support.ui.FluentWait.until(FluentWait.java:203)
at com.elektronicare.pages.ServicesPage.waitForServicesToLoad(ServicesPage.java:112)
at com.elektronicare.pages.ServicesPage.getServicesCount(ServicesPage.java:330)
at com.elektronicare.pages.ServicesPage.areServicesDisplayed(ServicesPage.java:272)
at com.elektronicare.pages.ServicesPage.lambda$waitForServicesToLoad$0(ServicesPage.java:115)
at org.openqa.selenium.support.ui.FluentWait.until(FluentWait.java:203)
at com.elektronicare.pages.ServicesPage.waitForServicesToLoad(ServicesPage.java:112)
at com.elektronicare.pages.ServicesPage.getServicesCount(ServicesPage.java:330)
at com.elektronicare.pages.ServicesPage.areServicesDisplayed(ServicesPage.java:272)
at com.elektronicare.pages.ServicesPage.lambda$waitForServicesToLoad$0(ServicesPage.java:115)
at org.openqa.selenium.support.ui.FluentWait.until(FluentWait.java:203)
at com.elektronicare.pages.ServicesPage.waitForServicesToLoad(ServicesPage.java:112)
at com.elektronicare.pages.ServicesPage.getServicesCount(ServicesPage.java:330)
at com.elektronicare.pages.ServicesPage.areServicesDisplayed(ServicesPage.java:272)
at com.elektronicare.pages.ServicesPage.lambda$waitForServicesToLoad$0(ServicesPage.java:115)
at org.openqa.selenium.support.ui.FluentWait.until(FluentWait.java:203)
at com.elektronicare.pages.ServicesPage.waitForServicesToLoad(ServicesPage.java:112)
at com.elektronicare.pages.ServicesPage.getServicesCount(ServicesPage.java:330)
at com.elektronicare.pages.ServicesPage.areServicesDisplayed(ServicesPage.java:272)
at com.elektronicare.pages.ServicesPage.lambda$waitForServicesToLoad$0(ServicesPage.java:115)
at org.openqa.selenium.support.ui.FluentWait.until(FluentWait.java:203)
at com.elektronicare.pages.ServicesPage.waitForServicesToLoad(ServicesPage.java:112)
at com.elektronicare.pages.ServicesPage.getServicesCount(ServicesPage.java:330)
at com.elektronicare.pages.ServicesPage.areServicesDisplayed(ServicesPage.java:272)
at com.elektronicare.pages.ServicesPage.lambda$waitForServicesToLoad$0(ServicesPage.java:115)
at org.openqa.selenium.support.ui.FluentWait.until(FluentWait.java:203)
at com.elektronicare.pages.ServicesPage.waitForServicesToLoad(ServicesPage.java:112)
at com.elektronicare.pages.ServicesPage.getServicesCount(ServicesPage.java:330)
at com.elektronicare.pages.ServicesPage.areServicesDisplayed(ServicesPage.java:272)
at com.elektronicare.pages.ServicesPage.lambda$waitForServicesToLoad$0(ServicesPage.java:115)
at org.openqa.selenium.support.ui.FluentWait.until(FluentWait.java:203)
at com.elektronicare.pages.ServicesPage.waitForServicesToLoad(ServicesPage.java:112)
at com.elektronicare.pages.ServicesPage.getServicesCount(ServicesPage.java:330)
at com.elektronicare.pages.ServicesPage.areServicesDisplayed(ServicesPage.java:272)
at com.elektronicare.pages.ServicesPage.lambda$waitForServicesToLoad$0(ServicesPage.java:115)
at org.openqa.selenium.support.ui.FluentWait.until(FluentWait.java:203)
at com.elektronicare.pages.ServicesPage.waitForServicesToLoad(ServicesPage.java:112)
at com.elektronicare.pages.ServicesPage.getServicesCount(ServicesPage.java:330)
at com.elektronicare.pages.ServicesPage.areServicesDisplayed(ServicesPage.java:272)
at com.elektronicare.pages.ServicesPage.lambda$waitForServicesToLoad$0(ServicesPage.java:115)
at org.openqa.selenium.support.ui.FluentWait.until(FluentWait.java:203)
at com.elektronicare.pages.ServicesPage.waitForServicesToLoad(ServicesPage.java:112)
at com.elektronicare.pages.ServicesPage.getServicesCount(ServicesPage.java:330)
at com.elektronicare.pages.ServicesPage.areServicesDisplayed(ServicesPage.java:272)
at com.elektronicare.pages.ServicesPage.lambda$waitForServicesToLoad$0(ServicesPage.java:115)
at org.openqa.selenium.support.ui.FluentWait.until(FluentWait.java:203)
at com.elektronicare.pages.ServicesPage.waitForServicesToLoad(ServicesPage.java:112)
at com.elektronicare.pages.ServicesPage.getServicesCount(ServicesPage.java:330)
at com.elektronicare.pages.ServicesPage.areServicesDisplayed(ServicesPage.java:272)
at com.elektronicare.pages.ServicesPage.lambda$waitForServicesToLoad$0(ServicesPage.java:115)
at org.openqa.selenium.support.ui.FluentWait.until(FluentWait.java:203)
at com.elektronicare.pages.ServicesPage.waitForServicesToLoad(ServicesPage.java:112)
at com.elektronicare.pages.ServicesPage.getServicesCount(ServicesPage.java:330)
at com.elektronicare.pages.ServicesPage.areServicesDisplayed(ServicesPage.java:272)
at com.elektronicare.pages.ServicesPage.lambda$waitForServicesToLoad$0(ServicesPage.java:115)
at org.openqa.selenium.support.ui.FluentWait.until(FluentWait.java:203)
at com.elektronicare.pages.ServicesPage.waitForServicesToLoad(ServicesPage.java:112)
at com.elektronicare.pages.ServicesPage.getServicesCount(ServicesPage.java:330)
at com.elektronicare.pages.ServicesPage.areServicesDisplayed(ServicesPage.java:272)
at com.elektronicare.pages.ServicesPage.lambda$waitForServicesToLoad$0(ServicesPage.java:115)
at org.openqa.selenium.support.ui.FluentWait.until(FluentWait.java:203)
at com.elektronicare.pages.ServicesPage.waitForServicesToLoad(ServicesPage.java:112)
at com.elektronicare.pages.ServicesPage.getServicesCount(ServicesPage.java:330)
at com.elektronicare.pages.ServicesPage.areServicesDisplayed(ServicesPage.java:272)
at com.elektronicare.pages.ServicesPage.lambda$waitForServicesToLoad$0(ServicesPage.java:115)
at org.openqa.selenium.support.ui.FluentWait.until(FluentWait.java:203)
at com.elektronicare.pages.ServicesPage.waitForServicesToLoad(ServicesPage.java:112)
at com.elektronicare.pages.ServicesPage.getServicesCount(ServicesPage.java:330)
at com.elektronicare.pages.ServicesPage.areServicesDisplayed(ServicesPage.java:272)
at com.elektronicare.pages.ServicesPage.lambda$waitForServicesToLoad$0(ServicesPage.java:115)
at org.openqa.selenium.support.ui.FluentWait.until(FluentWait.java:203)
at com.elektronicare.pages.ServicesPage.waitForServicesToLoad(ServicesPage.java:112)
at com.elektronicare.pages.ServicesPage.getServicesCount(ServicesPage.java:330)
at com.elektronicare.pages.ServicesPage.areServicesDisplayed(ServicesPage.java:272)
at com.elektronicare.pages.ServicesPage.lambda$waitForServicesToLoad$0(ServicesPage.java:115)
at org.openqa.selenium.support.ui.FluentWait.until(FluentWait.java:203)
at com.elektronicare.pages.ServicesPage.waitForServicesToLoad(ServicesPage.java:112)
at com.elektronicare.pages.ServicesPage.getServicesCount(ServicesPage.java:330)
at com.elektronicare.pages.ServicesPage.areServicesDisplayed(ServicesPage.java:272)
at com.elektronicare.pages.ServicesPage.lambda$waitForServicesToLoad$0(ServicesPage.java:115)
at org.openqa.selenium.support.ui.FluentWait.until(FluentWait.java:203)
at com.elektronicare.pages.ServicesPage.waitForServicesToLoad(ServicesPage.java:112)
at com.elektronicare.pages.ServicesPage.getServicesCount(ServicesPage.java:330)
at com.elektronicare.pages.ServicesPage.areServicesDisplayed(ServicesPage.java:272)
at com.elektronicare.pages.ServicesPage.lambda$waitForServicesToLoad$0(ServicesPage.java:115)
at org.openqa.selenium.support.ui.FluentWait.until(FluentWait.java:203)
at com.elektronicare.pages.ServicesPage.waitForServicesToLoad(ServicesPage.java:112)
at com.elektronicare.pages.ServicesPage.getServicesCount(ServicesPage.java:330)
at com.elektronicare.pages.ServicesPage.areServicesDisplayed(ServicesPage.java:272)
at com.elektronicare.pages.ServicesPage.lambda$waitForServicesToLoad$0(ServicesPage.java:115)
at org.openqa.selenium.support.ui.FluentWait.until(FluentWait.java:203)
at com.elektronicare.pages.ServicesPage.waitForServicesToLoad(ServicesPage.java:112)
at com.elektronicare.pages.ServicesPage.getServicesCount(ServicesPage.java:330)
at com.elektronicare.pages.ServicesPage.areServicesDisplayed(ServicesPage.java:272)
at com.elektronicare.pages.ServicesPage.lambda$waitForServicesToLoad$0(ServicesPage.java:115)
at org.openqa.selenium.support.ui.FluentWait.until(FluentWait.java:203)
at com.elektronicare.pages.ServicesPage.waitForServicesToLoad(ServicesPage.java:112)
at com.elektronicare.pages.ServicesPage.getServicesCount(ServicesPage.java:330)
at com.elektronicare.pages.ServicesPage.areServicesDisplayed(ServicesPage.java:272)
at com.elektronicare.pages.ServicesPage.lambda$waitForServicesToLoad$0(ServicesPage.java:115)
at org.openqa.selenium.support.ui.FluentWait.until(FluentWait.java:203)
at com.elektronicare.pages.ServicesPage.waitForServicesToLoad(ServicesPage.java:112)
at com.elektronicare.pages.ServicesPage.getServicesCount(ServicesPage.java:330)
at com.elektronicare.pages.ServicesPage.areServicesDisplayed(ServicesPage.java:272)
at com.elektronicare.pages.ServicesPage.lambda$waitForServicesToLoad$0(ServicesPage.java:115)
at org.openqa.selenium.support.ui.FluentWait.until(FluentWait.java:203)
at com.elektronicare.pages.ServicesPage.waitForServicesToLoad(ServicesPage.java:112)
at com.elektronicare.pages.ServicesPage.getServicesCount(ServicesPage.java:330)
at com.elektronicare.pages.ServicesPage.areServicesDisplayed(ServicesPage.java:272)
at com.elektronicare.pages.ServicesPage.lambda$waitForServicesToLoad$0(ServicesPage.java:115)
at org.openqa.selenium.support.ui.FluentWait.until(FluentWait.java:203)
at com.elektronicare.pages.ServicesPage.waitForServicesToLoad(ServicesPage.java:112)
at com.elektronicare.pages.ServicesPage.getServicesCount(ServicesPage.java:330)
at com.elektronicare.pages.ServicesPage.areServicesDisplayed(ServicesPage.java:272)
at com.elektronicare.pages.ServicesPage.lambda$waitForServicesToLoad$0(ServicesPage.java:115)
at org.openqa.selenium.support.ui.FluentWait.until(FluentWait.java:203)
at com.elektronicare.pages.ServicesPage.waitForServicesToLoad(ServicesPage.java:112)
at com.elektronicare.pages.ServicesPage.getServicesCount(ServicesPage.java:330)
at com.elektronicare.pages.ServicesPage.areServicesDisplayed(ServicesPage.java:272)
at com.elektronicare.pages.ServicesPage.lambda$waitForServicesToLoad$0(ServicesPage.java:115)
at org.openqa.selenium.support.ui.FluentWait.until(FluentWait.java:203)
at com.elektronicare.pages.ServicesPage.waitForServicesToLoad(ServicesPage.java:112)
at com.elektronicare.pages.ServicesPage.getServicesCount(ServicesPage.java:330)
at com.elektronicare.pages.ServicesPage.areServicesDisplayed(ServicesPage.java:272)
at com.elektronicare.pages.ServicesPage.lambda$waitForServicesToLoad$0(ServicesPage.java:115)
at org.openqa.selenium.support.ui.FluentWait.until(FluentWait.java:203)
at com.elektronicare.pages.ServicesPage.waitForServicesToLoad(ServicesPage.java:112)
at com.elektronicare.pages.ServicesPage.getServicesCount(ServicesPage.java:330)
at com.elektronicare.pages.ServicesPage.areServicesDisplayed(ServicesPage.java:272)
at com.elektronicare.pages.ServicesPage.lambda$waitForServicesToLoad$0(ServicesPage.java:115)
at org.openqa.selenium.support.ui.FluentWait.until(FluentWait.java:203)
at com.elektronicare.pages.ServicesPage.waitForServicesToLoad(ServicesPage.java:112)
at com.elektronicare.pages.ServicesPage.getServicesCount(ServicesPage.java:330)
at com.elektronicare.pages.ServicesPage.areServicesDisplayed(ServicesPage.java:272)
at com.elektronicare.pages.ServicesPage.lambda$waitForServicesToLoad$0(ServicesPage.java:115)
at org.openqa.selenium.support.ui.FluentWait.until(FluentWait.java:203)
at com.elektronicare.pages.ServicesPage.waitForServicesToLoad(ServicesPage.java:112)
at com.elektronicare.pages.ServicesPage.getServicesCount(ServicesPage.java:330)
at com.elektronicare.pages.ServicesPage.areServicesDisplayed(ServicesPage.java:272)
at com.elektronicare.pages.ServicesPage.lambda$waitForServicesToLoad$0(ServicesPage.java:115)
at org.openqa.selenium.support.ui.FluentWait.until(FluentWait.java:203)
at com.elektronicare.pages.ServicesPage.waitForServicesToLoad(ServicesPage.java:112)
at com.elektronicare.pages.ServicesPage.getServicesCount(ServicesPage.java:330)
at com.elektronicare.pages.ServicesPage.areServicesDisplayed(ServicesPage.java:272)
at com.elektronicare.pages.ServicesPage.lambda$waitForServicesToLoad$0(ServicesPage.java:115)
at org.openqa.selenium.support.ui.FluentWait.until(FluentWait.java:203)
at com.elektronicare.pages.ServicesPage.waitForServicesToLoad(ServicesPage.java:112)
at com.elektronicare.pages.ServicesPage.getServicesCount(ServicesPage.java:330)
at com.elektronicare.pages.ServicesPage.areServicesDisplayed(ServicesPage.java:272)
at com.elektronicare.pages.ServicesPage.lambda$waitForServicesToLoad$0(ServicesPage.java:115)
at org.openqa.selenium.support.ui.FluentWait.until(FluentWait.java:203)
at com.elektronicare.pages.ServicesPage.waitForServicesToLoad(ServicesPage.java:112)
at com.elektronicare.pages.ServicesPage.getServicesCount(ServicesPage.java:330)
at com.elektronicare.pages.ServicesPage.areServicesDisplayed(ServicesPage.java:272)
at com.elektronicare.pages.ServicesPage.lambda$waitForServicesToLoad$0(ServicesPage.java:115)
at org.openqa.selenium.support.ui.FluentWait.until(FluentWait.java:203)
at com.elektronicare.pages.ServicesPage.waitForServicesToLoad(ServicesPage.java:112)
at com.elektronicare.pages.ServicesPage.getServicesCount(ServicesPage.java:330)
at com.elektronicare.pages.ServicesPage.areServicesDisplayed(ServicesPage.java:272)
at com.elektronicare.pages.ServicesPage.lambda$waitForServicesToLoad$0(ServicesPage.java:115)
at org.openqa.selenium.support.ui.FluentWait.until(FluentWait.java:203)
at com.elektronicare.pages.ServicesPage.waitForServicesToLoad(ServicesPage.java:112)
at com.elektronicare.pages.ServicesPage.getServicesCount(ServicesPage.java:330)
at com.elektronicare.pages.ServicesPage.areServicesDisplayed(ServicesPage.java:272)
at com.elektronicare.pages.ServicesPage.lambda$waitForServicesToLoad$0(ServicesPage.java:115)
at org.openqa.selenium.support.ui.FluentWait.until(FluentWait.java:203)
at com.elektronicare.pages.ServicesPage.waitForServicesToLoad(ServicesPage.java:112)
at com.elektronicare.pages.ServicesPage.getServicesCount(ServicesPage.java:330)
at com.elektronicare.pages.ServicesPage.areServicesDisplayed(ServicesPage.java:272)
at com.elektronicare.pages.ServicesPage.lambda$waitForServicesToLoad$0(ServicesPage.java:115)
at org.openqa.selenium.support.ui.FluentWait.until(FluentWait.java:203)
at com.elektronicare.pages.ServicesPage.waitForServicesToLoad(ServicesPage.java:112)
at com.elektronicare.pages.ServicesPage.getServicesCount(ServicesPage.java:330)
at com.elektronicare.pages.ServicesPage.areServicesDisplayed(ServicesPage.java:272)
at com.elektronicare.pages.ServicesPage.lambda$waitForServicesToLoad$0(ServicesPage.java:115)
at org.openqa.selenium.support.ui.FluentWait.until(FluentWait.java:203)
at com.elektronicare.pages.ServicesPage.waitForServicesToLoad(ServicesPage.java:112)
at com.elektronicare.pages.ServicesPage.getServicesCount(ServicesPage.java:330)
at com.elektronicare.pages.ServicesPage.areServicesDisplayed(ServicesPage.java:272)
at com.elektronicare.pages.ServicesPage.lambda$waitForServicesToLoad$0(ServicesPage.java:115)
at org.openqa.selenium.support.ui.FluentWait.until(FluentWait.java:203)
at com.elektronicare.pages.ServicesPage.waitForServicesToLoad(ServicesPage.java:112)
at com.elektronicare.pages.ServicesPage.getServicesCount(ServicesPage.java:330)
at com.elektronicare.pages.ServicesPage.areServicesDisplayed(ServicesPage.java:272)
at com.elektronicare.pages.ServicesPage.lambda$waitForServicesToLoad$0(ServicesPage.java:115)
at org.openqa.selenium.support.ui.FluentWait.until(FluentWait.java:203)
at com.elektronicare.pages.ServicesPage.waitForServicesToLoad(ServicesPage.java:112)
at com.elektronicare.pages.ServicesPage.getServicesCount(ServicesPage.java:330)
at com.elektronicare.pages.ServicesPage.areServicesDisplayed(ServicesPage.java:272)
at com.elektronicare.pages.ServicesPage.lambda$waitForServicesToLoad$0(ServicesPage.java:115)
at org.openqa.selenium.support.ui.FluentWait.until(FluentWait.java:203)
at com.elektronicare.pages.ServicesPage.waitForServicesToLoad(ServicesPage.java:112)
at com.elektronicare.pages.ServicesPage.getServicesCount(ServicesPage.java:330)
at com.elektronicare.pages.ServicesPage.areServicesDisplayed(ServicesPage.java:272)
at com.elektronicare.pages.ServicesPage.lambda$waitForServicesToLoad$0(ServicesPage.java:115)
at org.openqa.selenium.support.ui.FluentWait.until(FluentWait.java:203)
at com.elektronicare.pages.ServicesPage.waitForServicesToLoad(ServicesPage.java:112)
at com.elektronicare.pages.ServicesPage.getServicesCount(ServicesPage.java:330)
at com.elektronicare.pages.ServicesPage.areServicesDisplayed(ServicesPage.java:272)
at com.elektronicare.pages.ServicesPage.lambda$waitForServicesToLoad$0(ServicesPage.java:115)
at org.openqa.selenium.support.ui.FluentWait.until(FluentWait.java:203)
at com.elektronicare.pages.ServicesPage.waitForServicesToLoad(ServicesPage.java:112)
at com.elektronicare.pages.ServicesPage.getServicesCount(ServicesPage.java:330)
at com.elektronicare.pages.ServicesPage.areServicesDisplayed(ServicesPage.java:272)
at com.elektronicare.pages.ServicesPage.lambda$waitForServicesToLoad$0(ServicesPage.java:115)
at org.openqa.selenium.support.ui.FluentWait.until(FluentWait.java:203)
at com.elektronicare.pages.ServicesPage.waitForServicesToLoad(ServicesPage.java:112)
at com.elektronicare.pages.ServicesPage.getServicesCount(ServicesPage.java:330)
at com.elektronicare.pages.ServicesPage.areServicesDisplayed(ServicesPage.java:272)
at com.elektronicare.pages.ServicesPage.lambda$waitForServicesToLoad$0(ServicesPage.java:115)
at org.openqa.selenium.support.ui.FluentWait.until(FluentWait.java:203)
at com.elektronicare.pages.ServicesPage.waitForServicesToLoad(ServicesPage.java:112)
at com.elektronicare.pages.ServicesPage.getServicesCount(ServicesPage.java:330)
at com.elektronicare.pages.ServicesPage.areServicesDisplayed(ServicesPage.java:272)
at com.elektronicare.pages.ServicesPage.lambda$waitForServicesToLoad$0(ServicesPage.java:115)
at org.openqa.selenium.support.ui.FluentWait.until(FluentWait.java:203)
at com.elektronicare.pages.ServicesPage.waitForServicesToLoad(ServicesPage.java:112)
at com.elektronicare.pages.ServicesPage.getServicesCount(ServicesPage.java:330)
at com.elektronicare.pages.ServicesPage.areServicesDisplayed(ServicesPage.java:272)
at com.elektronicare.pages.ServicesPage.lambda$waitForServicesToLoad$0(ServicesPage.java:115)
at org.openqa.selenium.support.ui.FluentWait.until(FluentWait.java:203)
at com.elektronicare.pages.ServicesPage.waitForServicesToLoad(ServicesPage.java:112)
at com.elektronicare.pages.ServicesPage.getServicesCount(ServicesPage.java:330)
at com.elektronicare.pages.ServicesPage.areServicesDisplayed(ServicesPage.java:272)
at com.elektronicare.pages.ServicesPage.lambda$waitForServicesToLoad$0(ServicesPage.java:115)
at org.openqa.selenium.support.ui.FluentWait.until(FluentWait.java:203)
at com.elektronicare.pages.ServicesPage.waitForServicesToLoad(ServicesPage.java:112)
at com.elektronicare.pages.ServicesPage.getServicesCount(ServicesPage.java:330)
at com.elektronicare.pages.ServicesPage.areServicesDisplayed(ServicesPage.java:272)
at com.elektronicare.pages.ServicesPage.lambda$waitForServicesToLoad$0(ServicesPage.java:115)
at org.openqa.selenium.support.ui.FluentWait.until(FluentWait.java:203)
at com.elektronicare.pages.ServicesPage.waitForServicesToLoad(ServicesPage.java:112)
at com.elektronicare.pages.ServicesPage.getServicesCount(ServicesPage.java:330)
at com.elektronicare.pages.ServicesPage.areServicesDisplayed(ServicesPage.java:272)
at com.elektronicare.pages.ServicesPage.lambda$waitForServicesToLoad$0(ServicesPage.java:115)
at org.openqa.selenium.support.ui.FluentWait.until(FluentWait.java:203)
at com.elektronicare.pages.ServicesPage.waitForServicesToLoad(ServicesPage.java:112)
at com.elektronicare.pages.ServicesPage.getServicesCount(ServicesPage.java:330)
at com.elektronicare.pages.ServicesPage.areServicesDisplayed(ServicesPage.java:272)
at com.elektronicare.pages.ServicesPage.lambda$waitForServicesToLoad$0(ServicesPage.java:115)
at org.openqa.selenium.support.ui.FluentWait.until(FluentWait.java:203)
at com.elektronicare.pages.ServicesPage.waitForServicesToLoad(ServicesPage.java:112)
at com.elektronicare.pages.ServicesPage.getServicesCount(ServicesPage.java:330)
at com.elektronicare.pages.ServicesPage.areServicesDisplayed(ServicesPage.java:272)
at com.elektronicare.pages.ServicesPage.lambda$waitForServicesToLoad$0(ServicesPage.java:115)
at org.openqa.selenium.support.ui.FluentWait.until(FluentWait.java:203)
at com.elektronicare.pages.ServicesPage.waitForServicesToLoad(ServicesPage.java:112)
at com.elektronicare.pages.ServicesPage.getServicesCount(ServicesPage.java:330)
at com.elektronicare.pages.ServicesPage.areServicesDisplayed(ServicesPage.java:272)
at com.elektronicare.pages.ServicesPage.lambda$waitForServicesToLoad$0(ServicesPage.java:115)
at org.openqa.selenium.support.ui.FluentWait.until(FluentWait.java:203)
at com.elektronicare.pages.ServicesPage.waitForServicesToLoad(ServicesPage.java:112)
at com.elektronicare.pages.ServicesPage.getServicesCount(ServicesPage.java:330)
at com.elektronicare.pages.ServicesPage.areServicesDisplayed(ServicesPage.java:272)
at com.elektronicare.pages.ServicesPage.lambda$waitForServicesToLoad$0(ServicesPage.java:115)
at org.openqa.selenium.support.ui.FluentWait.until(FluentWait.java:203)
at com.elektronicare.pages.ServicesPage.waitForServicesToLoad(ServicesPage.java:112)
at com.elektronicare.pages.ServicesPage.getServicesCount(ServicesPage.java:330)
at com.elektronicare.pages.ServicesPage.areServicesDisplayed(ServicesPage.java:272)
at com.elektronicare.pages.ServicesPage.lambda$waitForServicesToLoad$0(ServicesPage.java:115)
at org.openqa.selenium.support.ui.FluentWait.until(FluentWait.java:203)
at com.elektronicare.pages.ServicesPage.waitForServicesToLoad(ServicesPage.java:112)
at com.elektronicare.pages.ServicesPage.getServicesCount(ServicesPage.java:330)
at com.elektronicare.pages.ServicesPage.areServicesDisplayed(ServicesPage.java:272)
at com.elektronicare.pages.ServicesPage.lambda$waitForServicesToLoad$0(ServicesPage.java:115)
at org.openqa.selenium.support.ui.FluentWait.until(FluentWait.java:203)
at com.elektronicare.pages.ServicesPage.waitForServicesToLoad(ServicesPage.java:112)
at com.elektronicare.pages.ServicesPage.getServicesCount(ServicesPage.java:330)
at com.elektronicare.pages.ServicesPage.areServicesDisplayed(ServicesPage.java:272)
at com.elektronicare.pages.ServicesPage.lambda$waitForServicesToLoad$0(ServicesPage.java:115)
at org.openqa.selenium.support.ui.FluentWait.until(FluentWait.java:203)
at com.elektronicare.pages.ServicesPage.waitForServicesToLoad(ServicesPage.java:112)
at com.elektronicare.pages.ServicesPage.getServicesCount(ServicesPage.java:330)
at com.elektronicare.pages.ServicesPage.areServicesDisplayed(ServicesPage.java:272)
at com.elektronicare.pages.ServicesPage.lambda$waitForServicesToLoad$0(ServicesPage.java:115)
at org.openqa.selenium.support.ui.FluentWait.until(FluentWait.java:203)
at com.elektronicare.pages.ServicesPage.waitForServicesToLoad(ServicesPage.java:112)
at com.elektronicare.pages.ServicesPage.getServicesCount(ServicesPage.java:330)
at com.elektronicare.pages.ServicesPage.areServicesDisplayed(ServicesPage.java:272)
at com.elektronicare.pages.ServicesPage.lambda$waitForServicesToLoad$0(ServicesPage.java:115)
at org.openqa.selenium.support.ui.FluentWait.until(FluentWait.java:203)
at com.elektronicare.pages.ServicesPage.waitForServicesToLoad(ServicesPage.java:112)
at com.elektronicare.pages.ServicesPage.getServicesCount(ServicesPage.java:330)
at com.elektronicare.pages.ServicesPage.areServicesDisplayed(ServicesPage.java:272)
at com.elektronicare.pages.ServicesPage.lambda$waitForServicesToLoad$0(ServicesPage.java:115)
at org.openqa.selenium.support.ui.FluentWait.until(FluentWait.java:203)
at com.elektronicare.pages.ServicesPage.waitForServicesToLoad(ServicesPage.java:112)
at com.elektronicare.pages.ServicesPage.getServicesCount(ServicesPage.java:330)
at com.elektronicare.pages.ServicesPage.areServicesDisplayed(ServicesPage.java:272)
at com.elektronicare.pages.ServicesPage.lambda$waitForServicesToLoad$0(ServicesPage.java:115)
at org.openqa.selenium.support.ui.FluentWait.until(FluentWait.java:203)
at com.elektronicare.pages.ServicesPage.waitForServicesToLoad(ServicesPage.java:112)
at com.elektronicare.pages.ServicesPage.getServicesCount(ServicesPage.java:330)
at com.elektronicare.pages.ServicesPage.areServicesDisplayed(ServicesPage.java:272)
at com.elektronicare.pages.ServicesPage.lambda$waitForServicesToLoad$0(ServicesPage.java:115)
at org.openqa.selenium.support.ui.FluentWait.until(FluentWait.java:203)
at com.elektronicare.pages.ServicesPage.waitForServicesToLoad(ServicesPage.java:112)
at com.elektronicare.pages.ServicesPage.getServicesCount(ServicesPage.java:330)
at com.elektronicare.pages.ServicesPage.areServicesDisplayed(ServicesPage.java:272)
at com.elektronicare.pages.ServicesPage.lambda$waitForServicesToLoad$0(ServicesPage.java:115)
at org.openqa.selenium.support.ui.FluentWait.until(FluentWait.java:203)
at com.elektronicare.pages.ServicesPage.waitForServicesToLoad(ServicesPage.java:112)
at com.elektronicare.pages.ServicesPage.getServicesCount(ServicesPage.java:330)
at com.elektronicare.pages.ServicesPage.areServicesDisplayed(ServicesPage.java:272)
at com.elektronicare.pages.ServicesPage.lambda$waitForServicesToLoad$0(ServicesPage.java:115)
at org.openqa.selenium.support.ui.FluentWait.until(FluentWait.java:203)
at com.elektronicare.pages.ServicesPage.waitForServicesToLoad(ServicesPage.java:112)
at com.elektronicare.pages.ServicesPage.getServicesCount(ServicesPage.java:330)
at com.elektronicare.pages.ServicesPage.areServicesDisplayed(ServicesPage.java:272)
at com.elektronicare.pages.ServicesPage.lambda$waitForServicesToLoad$0(ServicesPage.java:115)
at org.openqa.selenium.support.ui.FluentWait.until(FluentWait.java:203)
at com.elektronicare.pages.ServicesPage.waitForServicesToLoad(ServicesPage.java:112)
at com.elektronicare.pages.ServicesPage.getServicesCount(ServicesPage.java:330)
at com.elektronicare.pages.ServicesPage.areServicesDisplayed(ServicesPage.java:272)
at com.elektronicare.pages.ServicesPage.lambda$waitForServicesToLoad$0(ServicesPage.java:115)
at org.openqa.selenium.support.ui.FluentWait.until(FluentWait.java:203)
at com.elektronicare.pages.ServicesPage.waitForServicesToLoad(ServicesPage.java:112)
at com.elektronicare.pages.ServicesPage.getServicesCount(ServicesPage.java:330)
at com.elektronicare.pages.ServicesPage.areServicesDisplayed(ServicesPage.java:272)
at com.elektronicare.pages.ServicesPage.lambda$waitForServicesToLoad$0(ServicesPage.java:115)
at org.openqa.selenium.support.ui.FluentWait.until(FluentWait.java:203)
at com.elektronicare.pages.ServicesPage.waitForServicesToLoad(ServicesPage.java:112)
at com.elektronicare.pages.ServicesPage.getServicesCount(ServicesPage.java:330)
at com.elektronicare.pages.ServicesPage.areServicesDisplayed(ServicesPage.java:272)
at com.elektronicare.pages.ServicesPage.lambda$waitForServicesToLoad$0(ServicesPage.java:115)
at org.openqa.selenium.support.ui.FluentWait.until(FluentWait.java:203)
at com.elektronicare.pages.ServicesPage.waitForServicesToLoad(ServicesPage.java:112)
at com.elektronicare.pages.ServicesPage.getServicesCount(ServicesPage.java:330)
at com.elektronicare.pages.ServicesPage.areServicesDisplayed(ServicesPage.java:272)
at com.elektronicare.pages.ServicesPage.lambda$waitForServicesToLoad$0(ServicesPage.java:115)
at org.openqa.selenium.support.ui.FluentWait.until(FluentWait.java:203)
at com.elektronicare.pages.ServicesPage.waitForServicesToLoad(ServicesPage.java:112)
at com.elektronicare.pages.ServicesPage.getServicesCount(ServicesPage.java:330)
at com.elektronicare.pages.ServicesPage.areServicesDisplayed(ServicesPage.java:272)
at com.elektronicare.pages.ServicesPage.lambda$waitForServicesToLoad$0(ServicesPage.java:115)
at org.openqa.selenium.support.ui.FluentWait.until(FluentWait.java:203)
at com.elektronicare.pages.ServicesPage.waitForServicesToLoad(ServicesPage.java:112)
at com.elektronicare.pages.ServicesPage.getServicesCount(ServicesPage.java:330)
at com.elektronicare.pages.ServicesPage.areServicesDisplayed(ServicesPage.java:272)
at com.elektronicare.pages.ServicesPage.lambda$waitForServicesToLoad$0(ServicesPage.java:115)
at org.openqa.selenium.support.ui.FluentWait.until(FluentWait.java:203)
at com.elektronicare.pages.ServicesPage.waitForServicesToLoad(ServicesPage.java:112)
at com.elektronicare.pages.ServicesPage.getServicesCount(ServicesPage.java:330)
at com.elektronicare.pages.ServicesPage.areServicesDisplayed(ServicesPage.java:272)
at com.elektronicare.pages.ServicesPage.lambda$waitForServicesToLoad$0(ServicesPage.java:115)
at org.openqa.selenium.support.ui.FluentWait.until(FluentWait.java:203)
at com.elektronicare.pages.ServicesPage.waitForServicesToLoad(ServicesPage.java:112)
at com.elektronicare.pages.ServicesPage.getServicesCount(ServicesPage.java:330)
at com.elektronicare.pages.ServicesPage.areServicesDisplayed(ServicesPage.java:272)
at com.elektronicare.pages.ServicesPage.lambda$waitForServicesToLoad$0(ServicesPage.java:115)
at org.openqa.selenium.support.ui.FluentWait.until(FluentWait.java:203)
at com.elektronicare.pages.ServicesPage.waitForServicesToLoad(ServicesPage.java:112)
at com.elektronicare.pages.ServicesPage.getServicesCount(ServicesPage.java:330)
at com.elektronicare.pages.ServicesPage.areServicesDisplayed(ServicesPage.java:272)
at com.elektronicare.pages.ServicesPage.lambda$waitForServicesToLoad$0(ServicesPage.java:115)
at org.openqa.selenium.support.ui.FluentWait.until(FluentWait.java:203)
at com.elektronicare.pages.ServicesPage.waitForServicesToLoad(ServicesPage.java:112)
at com.elektronicare.pages.ServicesPage.getServicesCount(ServicesPage.java:330)
at com.elektronicare.pages.ServicesPage.areServicesDisplayed(ServicesPage.java:272)
at com.elektronicare.pages.ServicesPage.lambda$waitForServicesToLoad$0(ServicesPage.java:115)
at org.openqa.selenium.support.ui.FluentWait.until(FluentWait.java:203)
at com.elektronicare.pages.ServicesPage.waitForServicesToLoad(ServicesPage.java:112)
at com.elektronicare.pages.ServicesPage.getServicesCount(ServicesPage.java:330)
at com.elektronicare.pages.ServicesPage.areServicesDisplayed(ServicesPage.java:272)
at com.elektronicare.pages.ServicesPage.lambda$waitForServicesToLoad$0(ServicesPage.java:115)
at org.openqa.selenium.support.ui.FluentWait.until(FluentWait.java:203)
at com.elektronicare.pages.ServicesPage.waitForServicesToLoad(ServicesPage.java:112)
at com.elektronicare.pages.ServicesPage.getServicesCount(ServicesPage.java:330)
at com.elektronicare.pages.ServicesPage.areServicesDisplayed(ServicesPage.java:272)
at com.elektronicare.pages.ServicesPage.lambda$waitForServicesToLoad$0(ServicesPage.java:115)
at org.openqa.selenium.support.ui.FluentWait.until(FluentWait.java:203)
at com.elektronicare.pages.ServicesPage.waitForServicesToLoad(ServicesPage.java:112)
at com.elektronicare.pages.ServicesPage.getServicesCount(ServicesPage.java:330)
at com.elektronicare.pages.ServicesPage.areServicesDisplayed(ServicesPage.java:272)
at com.elektronicare.pages.ServicesPage.lambda$waitForServicesToLoad$0(ServicesPage.java:115)
at org.openqa.selenium.support.ui.FluentWait.until(FluentWait.java:203)
at com.elektronicare.pages.ServicesPage.waitForServicesToLoad(ServicesPage.java:112)
at com.elektronicare.pages.ServicesPage.getServicesCount(ServicesPage.java:330)
at com.elektronicare.pages.ServicesPage.areServicesDisplayed(ServicesPage.java:272)
at com.elektronicare.pages.ServicesPage.lambda$waitForServicesToLoad$0(ServicesPage.java:115)
at org.openqa.selenium.support.ui.FluentWait.until(FluentWait.java:203)
at com.elektronicare.pages.ServicesPage.waitForServicesToLoad(ServicesPage.java:112)
at com.elektronicare.pages.ServicesPage.getServicesCount(ServicesPage.java:330)
at com.elektronicare.pages.ServicesPage.areServicesDisplayed(ServicesPage.java:272)
at com.elektronicare.pages.ServicesPage.lambda$waitForServicesToLoad$0(ServicesPage.java:115)
at org.openqa.selenium.support.ui.FluentWait.until(FluentWait.java:203)
at com.elektronicare.pages.ServicesPage.waitForServicesToLoad(ServicesPage.java:112)
at com.elektronicare.pages.ServicesPage.getServicesCount(ServicesPage.java:330)
at com.elektronicare.pages.ServicesPage.areServicesDisplayed(ServicesPage.java:272)
at com.elektronicare.pages.ServicesPage.lambda$waitForServicesToLoad$0(ServicesPage.java:115)
at org.openqa.selenium.support.ui.FluentWait.until(FluentWait.java:203)
at com.elektronicare.pages.ServicesPage.waitForServicesToLoad(ServicesPage.java:112)
at com.elektronicare.pages.ServicesPage.getServicesCount(ServicesPage.java:330)
at com.elektronicare.pages.ServicesPage.areServicesDisplayed(ServicesPage.java:272)
at com.elektronicare.pages.ServicesPage.lambda$waitForServicesToLoad$0(ServicesPage.java:115)
at org.openqa.selenium.support.ui.FluentWait.until(FluentWait.java:203)
at com.elektronicare.pages.ServicesPage.waitForServicesToLoad(ServicesPage.java:112)
at com.elektronicare.pages.ServicesPage.getServicesCount(ServicesPage.java:330)
at com.elektronicare.pages.ServicesPage.areServicesDisplayed(ServicesPage.java:272)
at com.elektronicare.pages.ServicesPage.lambda$waitForServicesToLoad$0(ServicesPage.java:115)
at org.openqa.selenium.support.ui.FluentWait.until(FluentWait.java:203)
at com.elektronicare.pages.ServicesPage.waitForServicesToLoad(ServicesPage.java:112)
at com.elektronicare.pages.ServicesPage.getServicesCount(ServicesPage.java:330)
at com.elektronicare.pages.ServicesPage.areServicesDisplayed(ServicesPage.java:272)
at com.elektronicare.pages.ServicesPage.lambda$waitForServicesToLoad$0(ServicesPage.java:115)
at org.openqa.selenium.support.ui.FluentWait.until(FluentWait.java:203)
at com.elektronicare.pages.ServicesPage.waitForServicesToLoad(ServicesPage.java:112)
at com.elektronicare.pages.ServicesPage.getServicesCount(ServicesPage.java:330)
at com.elektronicare.pages.ServicesPage.areServicesDisplayed(ServicesPage.java:272)
at com.elektronicare.pages.ServicesPage.lambda$waitForServicesToLoad$0(ServicesPage.java:115)
at org.openqa.selenium.support.ui.FluentWait.until(FluentWait.java:203)
at com.elektronicare.pages.ServicesPage.waitForServicesToLoad(ServicesPage.java:112)
at com.elektronicare.pages.ServicesPage.getServicesCount(ServicesPage.java:330)
at com.elektronicare.pages.ServicesPage.areServicesDisplayed(ServicesPage.java:272)
at com.elektronicare.pages.ServicesPage.lambda$waitForServicesToLoad$0(ServicesPage.java:115)
at org.openqa.selenium.support.ui.FluentWait.until(FluentWait.java:203)
at com.elektronicare.pages.ServicesPage.waitForServicesToLoad(ServicesPage.java:112)
at com.elektronicare.pages.ServicesPage.getServicesCount(ServicesPage.java:330)
at com.elektronicare.pages.ServicesPage.areServicesDisplayed(ServicesPage.java:272)
at com.elektronicare.pages.ServicesPage.lambda$waitForServicesToLoad$0(ServicesPage.java:115)
at org.openqa.selenium.support.ui.FluentWait.until(FluentWait.java:203)
at com.elektronicare.pages.ServicesPage.waitForServicesToLoad(ServicesPage.java:112)
at com.elektronicare.pages.ServicesPage.getServicesCount(ServicesPage.java:330)
at com.elektronicare.pages.ServicesPage.areServicesDisplayed(ServicesPage.java:272)
at com.elektronicare.pages.ServicesPage.lambda$waitForServicesToLoad$0(ServicesPage.java:115)
at org.openqa.selenium.support.ui.FluentWait.until(FluentWait.java:203)
at com.elektronicare.pages.ServicesPage.waitForServicesToLoad(ServicesPage.java:112)
at com.elektronicare.pages.ServicesPage.getServicesCount(ServicesPage.java:330)
at com.elektronicare.pages.ServicesPage.areServicesDisplayed(ServicesPage.java:272)
at com.elektronicare.pages.ServicesPage.lambda$waitForServicesToLoad$0(ServicesPage.java:115)
at org.openqa.selenium.support.ui.FluentWait.until(FluentWait.java:203)
at com.elektronicare.pages.ServicesPage.waitForServicesToLoad(ServicesPage.java:112)
at com.elektronicare.pages.ServicesPage.getServicesCount(ServicesPage.java:330)
at com.elektronicare.pages.ServicesPage.areServicesDisplayed(ServicesPage.java:272)
at com.elektronicare.pages.ServicesPage.lambda$waitForServicesToLoad$0(ServicesPage.java:115)
at org.openqa.selenium.support.ui.FluentWait.until(FluentWait.java:203)
at com.elektronicare.pages.ServicesPage.waitForServicesToLoad(ServicesPage.java:112)
at com.elektronicare.pages.ServicesPage.getServicesCount(ServicesPage.java:330)
at com.elektronicare.pages.ServicesPage.areServicesDisplayed(ServicesPage.java:272)
at com.elektronicare.pages.ServicesPage.lambda$waitForServicesToLoad$0(ServicesPage.java:115)
at org.openqa.selenium.support.ui.FluentWait.until(FluentWait.java:203)
at com.elektronicare.pages.ServicesPage.waitForServicesToLoad(ServicesPage.java:112)
at com.elektronicare.pages.ServicesPage.getServicesCount(ServicesPage.java:330)
at com.elektronicare.pages.ServicesPage.areServicesDisplayed(ServicesPage.java:272)
at com.elektronicare.pages.ServicesPage.lambda$waitForServicesToLoad$0(ServicesPage.java:115)
at org.openqa.selenium.support.ui.FluentWait.until(FluentWait.java:203)
at com.elektronicare.pages.ServicesPage.waitForServicesToLoad(ServicesPage.java:112)
at com.elektronicare.pages.ServicesPage.getServicesCount(ServicesPage.java:330)
at com.elektronicare.pages.ServicesPage.areServicesDisplayed(ServicesPage.java:272)
at com.elektronicare.pages.ServicesPage.lambda$waitForServicesToLoad$0(ServicesPage.java:115)
at org.openqa.selenium.support.ui.FluentWait.until(FluentWait.java:203)
at com.elektronicare.pages.ServicesPage.waitForServicesToLoad(ServicesPage.java:112)
at com.elektronicare.pages.ServicesPage.getServicesCount(ServicesPage.java:330)
at com.elektronicare.pages.ServicesPage.areServicesDisplayed(ServicesPage.java:272)
at com.elektronicare.pages.ServicesPage.lambda$waitForServicesToLoad$0(ServicesPage.java:115)
at org.openqa.selenium.support.ui.FluentWait.until(FluentWait.java:203)
at com.elektronicare.pages.ServicesPage.waitForServicesToLoad(ServicesPage.java:112)
at com.elektronicare.pages.ServicesPage.getServicesCount(ServicesPage.java:330)
at com.elektronicare.pages.ServicesPage.areServicesDisplayed(ServicesPage.java:272)
at com.elektronicare.pages.ServicesPage.lambda$waitForServicesToLoad$0(ServicesPage.java:115)
at org.openqa.selenium.support.ui.FluentWait.until(FluentWait.java:203)
at com.elektronicare.pages.ServicesPage.waitForServicesToLoad(ServicesPage.java:112)
at com.elektronicare.pages.ServicesPage.getServicesCount(ServicesPage.java:330)
at com.elektronicare.pages.ServicesPage.areServicesDisplayed(ServicesPage.java:272)
at com.elektronicare.pages.ServicesPage.lambda$waitForServicesToLoad$0(ServicesPage.java:115)
at org.openqa.selenium.support.ui.FluentWait.until(FluentWait.java:203)
at com.elektronicare.pages.ServicesPage.waitForServicesToLoad(ServicesPage.java:112)
at com.elektronicare.pages.ServicesPage.getServicesCount(ServicesPage.java:330)
at com.elektronicare.pages.ServicesPage.areServicesDisplayed(ServicesPage.java:272)
at com.elektronicare.pages.ServicesPage.lambda$waitForServicesToLoad$0(ServicesPage.java:115)
at org.openqa.selenium.support.ui.FluentWait.until(FluentWait.java:203)
at com.elektronicare.pages.ServicesPage.waitForServicesToLoad(ServicesPage.java:112)
at com.elektronicare.pages.ServicesPage.getServicesCount(ServicesPage.java:330)
at com.elektronicare.pages.ServicesPage.areServicesDisplayed(ServicesPage.java:272)
at com.elektronicare.pages.ServicesPage.lambda$waitForServicesToLoad$0(ServicesPage.java:115)
at org.openqa.selenium.support.ui.FluentWait.until(FluentWait.java:203)
at com.elektronicare.pages.ServicesPage.waitForServicesToLoad(ServicesPage.java:112)
at com.elektronicare.pages.ServicesPage.getServicesCount(ServicesPage.java:330)
at com.elektronicare.pages.ServicesPage.areServicesDisplayed(ServicesPage.java:272)
at com.elektronicare.pages.ServicesPage.lambda$waitForServicesToLoad$0(ServicesPage.java:115)
at org.openqa.selenium.support.ui.FluentWait.until(FluentWait.java:203)
at com.elektronicare.pages.ServicesPage.waitForServicesToLoad(ServicesPage.java:112)
at com.elektronicare.pages.ServicesPage.getServicesCount(ServicesPage.java:330)
at com.elektronicare.pages.ServicesPage.areServicesDisplayed(ServicesPage.java:272)
at com.elektronicare.pages.ServicesPage.lambda$waitForServicesToLoad$0(ServicesPage.java:115)
at org.openqa.selenium.support.ui.FluentWait.until(FluentWait.java:203)
at com.elektronicare.pages.ServicesPage.waitForServicesToLoad(ServicesPage.java:112)
at com.elektronicare.pages.ServicesPage.getServicesCount(ServicesPage.java:330)
at com.elektronicare.pages.ServicesPage.areServicesDisplayed(ServicesPage.java:272)
at com.elektronicare.pages.ServicesPage.lambda$waitForServicesToLoad$0(ServicesPage.java:115)
at org.openqa.selenium.support.ui.FluentWait.until(FluentWait.java:203)
at com.elektronicare.pages.ServicesPage.waitForServicesToLoad(ServicesPage.java:112)
at com.elektronicare.pages.ServicesPage.getServicesCount(ServicesPage.java:330)
at com.elektronicare.pages.ServicesPage.areServicesDisplayed(ServicesPage.java:272)
at com.elektronicare.pages.ServicesPage.lambda$waitForServicesToLoad$0(ServicesPage.java:115)
at org.openqa.selenium.support.ui.FluentWait.until(FluentWait.java:203)
at com.elektronicare.pages.ServicesPage.waitForServicesToLoad(ServicesPage.java:112)
at com.elektronicare.pages.ServicesPage.getServicesCount(ServicesPage.java:330)
at com.elektronicare.pages.ServicesPage.areServicesDisplayed(ServicesPage.java:272)
at com.elektronicare.pages.ServicesPage.lambda$waitForServicesToLoad$0(ServicesPage.java:115)
at org.openqa.selenium.support.ui.FluentWait.until(FluentWait.java:203)
at com.elektronicare.pages.ServicesPage.waitForServicesToLoad(ServicesPage.java:112)
at com.elektronicare.pages.ServicesPage.getServicesCount(ServicesPage.java:330)
at com.elektronicare.pages.ServicesPage.areServicesDisplayed(ServicesPage.java:272)
at com.elektronicare.pages.ServicesPage.lambda$waitForServicesToLoad$0(ServicesPage.java:115)
at org.openqa.selenium.support.ui.FluentWait.until(FluentWait.java:203)
at com.elektronicare.pages.ServicesPage.waitForServicesToLoad(ServicesPage.java:112)
at com.elektronicare.pages.ServicesPage.getServicesCount(ServicesPage.java:330)
at com.elektronicare.pages.ServicesPage.areServicesDisplayed(ServicesPage.java:272)
at com.elektronicare.pages.ServicesPage.lambda$waitForServicesToLoad$0(ServicesPage.java:115)
at org.openqa.selenium.support.ui.FluentWait.until(FluentWait.java:203)
at com.elektronicare.pages.ServicesPage.waitForServicesToLoad(ServicesPage.java:112)
at com.elektronicare.pages.ServicesPage.getServicesCount(ServicesPage.java:330)
at com.elektronicare.pages.ServicesPage.areServicesDisplayed(ServicesPage.java:272)
at com.elektronicare.pages.ServicesPage.lambda$waitForServicesToLoad$0(ServicesPage.java:115)
at org.openqa.selenium.support.ui.FluentWait.until(FluentWait.java:203)
at com.elektronicare.pages.ServicesPage.waitForServicesToLoad(ServicesPage.java:112)
at com.elektronicare.pages.ServicesPage.getServicesCount(ServicesPage.java:330)
at com.elektronicare.pages.ServicesPage.areServicesDisplayed(ServicesPage.java:272)
at com.elektronicare.pages.ServicesPage.lambda$waitForServicesToLoad$0(ServicesPage.java:115)
at org.openqa.selenium.support.ui.FluentWait.until(FluentWait.java:203)
at com.elektronicare.pages.ServicesPage.waitForServicesToLoad(ServicesPage.java:112)
at com.elektronicare.pages.ServicesPage.getServicesCount(ServicesPage.java:330)
at com.elektronicare.pages.ServicesPage.areServicesDisplayed(ServicesPage.java:272)
at com.elektronicare.pages.ServicesPage.lambda$waitForServicesToLoad$0(ServicesPage.java:115)
at org.openqa.selenium.support.ui.FluentWait.until(FluentWait.java:203)
at com.elektronicare.pages.ServicesPage.waitForServicesToLoad(ServicesPage.java:112)
at com.elektronicare.pages.ServicesPage.getServicesCount(ServicesPage.java:330)
at com.elektronicare.pages.ServicesPage.areServicesDisplayed(ServicesPage.java:272)
at com.elektronicare.pages.ServicesPage.lambda$waitForServicesToLoad$0(ServicesPage.java:115)
at org.openqa.selenium.support.ui.FluentWait.until(FluentWait.java:203)
at com.elektronicare.pages.ServicesPage.waitForServicesToLoad(ServicesPage.java:112)
at com.elektronicare.pages.ServicesPage.getServicesCount(ServicesPage.java:330)
at com.elektronicare.pages.ServicesPage.areServicesDisplayed(ServicesPage.java:272)
at com.elektronicare.pages.ServicesPage.lambda$waitForServicesToLoad$0(ServicesPage.java:115)
at org.openqa.selenium.support.ui.FluentWait.until(FluentWait.java:203)
at com.elektronicare.pages.ServicesPage.waitForServicesToLoad(ServicesPage.java:112)
at com.elektronicare.pages.ServicesPage.getServicesCount(ServicesPage.java:330)
at com.elektronicare.pages.ServicesPage.areServicesDisplayed(ServicesPage.java:272)
at com.elektronicare.pages.ServicesPage.lambda$waitForServicesToLoad$0(ServicesPage.java:115)
at org.openqa.selenium.support.ui.FluentWait.until(FluentWait.java:203)
at com.elektronicare.pages.ServicesPage.waitForServicesToLoad(ServicesPage.java:112)
at com.elektronicare.pages.ServicesPage.getServicesCount(ServicesPage.java:330)
at com.elektronicare.pages.ServicesPage.areServicesDisplayed(ServicesPage.java:272)
at com.elektronicare.pages.ServicesPage.lambda$waitForServicesToLoad$0(ServicesPage.java:115)
at org.openqa.selenium.support.ui.FluentWait.until(FluentWait.java:203)
at com.elektronicare.pages.ServicesPage.waitForServicesToLoad(ServicesPage.java:112)
at com.elektronicare.pages.ServicesPage.getServicesCount(ServicesPage.java:330)
at com.elektronicare.pages.ServicesPage.areServicesDisplayed(ServicesPage.java:272)
at com.elektronicare.pages.ServicesPage.lambda$waitForServicesToLoad$0(ServicesPage.java:115)
at org.openqa.selenium.support.ui.FluentWait.until(FluentWait.java:203)
at com.elektronicare.pages.ServicesPage.waitForServicesToLoad(ServicesPage.java:112)
at com.elektronicare.pages.ServicesPage.getServicesCount(ServicesPage.java:330)
at com.elektronicare.pages.ServicesPage.areServicesDisplayed(ServicesPage.java:272)
at com.elektronicare.pages.ServicesPage.lambda$waitForServicesToLoad$0(ServicesPage.java:115)
at org.openqa.selenium.support.ui.FluentWait.until(FluentWait.java:203)
at com.elektronicare.pages.ServicesPage.waitForServicesToLoad(ServicesPage.java:112)
at com.elektronicare.pages.ServicesPage.getServicesCount(ServicesPage.java:330)
at com.elektronicare.pages.ServicesPage.areServicesDisplayed(ServicesPage.java:272)
at com.elektronicare.pages.ServicesPage.lambda$waitForServicesToLoad$0(ServicesPage.java:115)
at org.openqa.selenium.support.ui.FluentWait.until(FluentWait.java:203)
at com.elektronicare.pages.ServicesPage.waitForServicesToLoad(ServicesPage.java:112)
at com.elektronicare.pages.ServicesPage.getServicesCount(ServicesPage.java:330)
at com.elektronicare.pages.ServicesPage.areServicesDisplayed(ServicesPage.java:272)
at com.elektronicare.pages.ServicesPage.lambda$waitForServicesToLoad$0(ServicesPage.java:115)
at org.openqa.selenium.support.ui.FluentWait.until(FluentWait.java:203)
at com.elektronicare.pages.ServicesPage.waitForServicesToLoad(ServicesPage.java:112)
at com.elektronicare.pages.ServicesPage.getServicesCount(ServicesPage.java:330)
at com.elektronicare.pages.ServicesPage.areServicesDisplayed(ServicesPage.java:272)
at com.elektronicare.pages.ServicesPage.lambda$waitForServicesToLoad$0(ServicesPage.java:115)
at org.openqa.selenium.support.ui.FluentWait.until(FluentWait.java:203)
at com.elektronicare.pages.ServicesPage.waitForServicesToLoad(ServicesPage.java:112)
]]>
    </failure>
  </testcase> <!-- testServicesPageDisplay -->
  <testcase classname="com.elektronicare.tests.ServicesTest" name="testServicesLoading" time="16.368">
    <failure type="java.lang.AssertionError" message="Either services should be displayed or no services message should be shown expected [true] but found [false]">
      <![CDATA[java.lang.AssertionError: Either services should be displayed or no services message should be shown expected [true] but found [false]
at com.elektronicare.tests.ServicesTest.testServicesLoading(ServicesTest.java:57)
at java.base/java.util.ArrayList.forEach(ArrayList.java:1511)
... Removed 34 stack frames]]>
    </failure>
  </testcase> <!-- testServicesLoading -->
  <testcase classname="com.elektronicare.tests.ServicesTest" name="testServiceSelection" time="12.761"/>
  <testcase classname="com.elektronicare.tests.ServicesTest" name="testServiceTypes" time="12.178"/>
  <testcase classname="com.elektronicare.tests.ServicesTest" name="testServicePrices" time="12.583"/>
  <testcase classname="com.elektronicare.tests.ServicesTest" name="testBackNavigation" time="16.439">
    <failure type="java.lang.AssertionError" message="Should navigate back to dashboard expected [true] but found [false]">
      <![CDATA[java.lang.AssertionError: Should navigate back to dashboard expected [true] but found [false]
at com.elektronicare.tests.ServicesTest.testBackNavigation(ServicesTest.java:200)
at java.base/java.util.ArrayList.forEach(ArrayList.java:1511)
... Removed 34 stack frames]]>
    </failure>
  </testcase> <!-- testBackNavigation -->
  <testcase classname="com.elektronicare.tests.ServicesTest" name="testBottomNavigation" time="16.995">
    <failure type="java.lang.AssertionError" message="Should navigate to dashboard via bottom navigation expected [true] but found [false]">
      <![CDATA[java.lang.AssertionError: Should navigate to dashboard via bottom navigation expected [true] but found [false]
at com.elektronicare.tests.ServicesTest.testBottomNavigation(ServicesTest.java:215)
at java.base/java.util.ArrayList.forEach(ArrayList.java:1511)
... Removed 34 stack frames]]>
    </failure>
  </testcase> <!-- testBottomNavigation -->
  <testcase classname="com.elektronicare.tests.HistoryTest" name="testHistoryPageElements" time="13.022"/>
  <testcase classname="com.elektronicare.tests.HistoryTest" name="testNavigationFunctionality" time="14.563"/>
  <testcase classname="com.elektronicare.tests.HistoryTest" name="testHistoryItemInteraction" time="9.693"/>
  <testcase classname="com.elektronicare.tests.HistoryTest" name="testBackButton" time="4.648"/>
  <testcase classname="com.elektronicare.tests.HistoryTest" name="testHistoryPageLoading" time="12.516"/>
  <testcase classname="com.elektronicare.tests.HistoryTest" name="testHistoryDataValidation" time="9.538"/>
  <testcase classname="com.elektronicare.tests.BaseTest" name="@AfterSuite afterSuite" time="0.0">
    <ignored/>
  </testcase> <!-- @AfterSuite afterSuite -->
  <testcase classname="com.elektronicare.tests.BaseTest" name="@BeforeSuite beforeSuite" time="0.0">
    <ignored/>
  </testcase> <!-- @BeforeSuite beforeSuite -->
  <testcase classname="com.elektronicare.tests.BaseTest" name="@BeforeSuite beforeSuite" time="0.0">
    <ignored/>
  </testcase> <!-- @BeforeSuite beforeSuite -->
  <testcase classname="com.elektronicare.tests.BaseTest" name="@BeforeSuite beforeSuite" time="0.0">
    <ignored/>
  </testcase> <!-- @BeforeSuite beforeSuite -->
  <testcase classname="com.elektronicare.tests.BaseTest" name="@BeforeSuite beforeSuite" time="0.0">
    <ignored/>
  </testcase> <!-- @BeforeSuite beforeSuite -->
  <testcase classname="com.elektronicare.tests.BaseTest" name="@BeforeSuite beforeSuite" time="0.0">
    <ignored/>
  </testcase> <!-- @BeforeSuite beforeSuite -->
  <testcase classname="com.elektronicare.tests.BaseTest" name="@AfterSuite afterSuite" time="0.0">
    <ignored/>
  </testcase> <!-- @AfterSuite afterSuite -->
  <testcase classname="com.elektronicare.tests.BaseTest" name="@BeforeSuite beforeSuite" time="0.0">
    <ignored/>
  </testcase> <!-- @BeforeSuite beforeSuite -->
  <testcase classname="com.elektronicare.tests.BaseTest" name="@AfterSuite afterSuite" time="0.0">
    <ignored/>
  </testcase> <!-- @AfterSuite afterSuite -->
  <testcase classname="com.elektronicare.tests.BaseTest" name="@AfterSuite afterSuite" time="0.0">
    <ignored/>
  </testcase> <!-- @AfterSuite afterSuite -->
  <testcase classname="com.elektronicare.tests.BaseTest" name="@AfterSuite afterSuite" time="0.0">
    <ignored/>
  </testcase> <!-- @AfterSuite afterSuite -->
  <testcase classname="com.elektronicare.tests.BaseTest" name="@AfterSuite afterSuite" time="0.0">
    <ignored/>
  </testcase> <!-- @AfterSuite afterSuite -->
</testsuite> <!-- Full Regression Tests -->
