<?xml version="1.0" encoding="UTF-8"?>
<!-- Generated by org.testng.reporters.JUnitXMLReporter -->
<testsuite ignored="10" hostname="neonnex" failures="3" tests="3" name="Smoke Tests" time="0.045" errors="0" timestamp="2025-05-31T22:45:38 WIB">
  <testcase classname="com.elektronicare.tests.OnboardingTest" name="testOnboardingPageDisplay" time="0.018">
    <failure type="java.lang.AssertionError" message="Onboarding page should be displayed expected [true] but found [false]">
      <![CDATA[java.lang.AssertionError: Onboarding page should be displayed expected [true] but found [false]
at com.elektronicare.tests.OnboardingTest.testOnboardingPageDisplay(OnboardingTest.java:19)
at java.base/java.util.ArrayList.forEach(ArrayList.java:1511)
... Removed 34 stack frames]]>
    </failure>
  </testcase> <!-- testOnboardingPageDisplay -->
  <testcase classname="com.elektronicare.tests.LoginTest" name="testLoginPageElements" time="0.001">
    <failure type="java.lang.NullPointerException" message="Cannot invoke &amp;quot;com.elektronicare.pages.LoginPage.isPageLoaded()&amp;quot; because &amp;quot;this.loginPage&amp;quot; is null">
      <![CDATA[java.lang.NullPointerException: Cannot invoke "com.elektronicare.pages.LoginPage.isPageLoaded()" because "this.loginPage" is null
at com.elektronicare.tests.LoginTest.testLoginPageElements(LoginTest.java:35)
at java.base/java.util.ArrayList.forEach(ArrayList.java:1511)
... Removed 31 stack frames]]>
    </failure>
  </testcase> <!-- testLoginPageElements -->
  <testcase classname="com.elektronicare.tests.DashboardTest" name="testDashboardElements" time="0.0">
    <failure type="java.lang.NullPointerException" message="Cannot invoke &amp;quot;com.elektronicare.pages.DashboardPage.isPageLoaded()&amp;quot; because &amp;quot;this.dashboardPage&amp;quot; is null">
      <![CDATA[java.lang.NullPointerException: Cannot invoke "com.elektronicare.pages.DashboardPage.isPageLoaded()" because "this.dashboardPage" is null
at com.elektronicare.tests.DashboardTest.testDashboardElements(DashboardTest.java:42)
at java.base/java.util.ArrayList.forEach(ArrayList.java:1511)
... Removed 31 stack frames]]>
    </failure>
  </testcase> <!-- testDashboardElements -->
  <testcase classname="com.elektronicare.tests.OnboardingTest" name="testOnboardingNavigation" time="0.0">
    <ignored/>
  </testcase> <!-- testOnboardingNavigation -->
  <testcase classname="com.elektronicare.tests.LoginTest" name="testInvalidLogin" time="0.0">
    <ignored/>
  </testcase> <!-- testInvalidLogin -->
  <testcase classname="com.elektronicare.tests.DashboardTest" name="testBottomNavigation" time="0.0">
    <ignored/>
  </testcase> <!-- testBottomNavigation -->
  <testcase classname="com.elektronicare.tests.DashboardTest" name="testNavigationButtons" time="0.0">
    <ignored/>
  </testcase> <!-- testNavigationButtons -->
  <testcase classname="com.elektronicare.tests.LoginTest" name="testValidLogin" time="0.0">
    <ignored/>
  </testcase> <!-- testValidLogin -->
  <testcase classname="com.elektronicare.tests.LoginTest" name="testEmptyFieldsLogin" time="0.0">
    <ignored/>
  </testcase> <!-- testEmptyFieldsLogin -->
  <testcase classname="com.elektronicare.tests.LoginTest" name="testGoogleSignIn" time="0.0">
    <ignored/>
  </testcase> <!-- testGoogleSignIn -->
  <testcase classname="com.elektronicare.tests.LoginTest" name="testRegisterLink" time="0.0">
    <ignored/>
  </testcase> <!-- testRegisterLink -->
  <testcase classname="com.elektronicare.tests.OnboardingTest" name="testOnboardingSkip" time="0.0">
    <ignored/>
  </testcase> <!-- testOnboardingSkip -->
  <testcase classname="com.elektronicare.tests.OnboardingTest" name="testOnboardingComplete" time="0.0">
    <ignored/>
  </testcase> <!-- testOnboardingComplete -->
</testsuite> <!-- Smoke Tests -->
