<?xml version="1.0" encoding="UTF-8"?>
<testng-results ignored="0" total="54" passed="38" failed="16" skipped="0">
  <reporter-output>
  </reporter-output>
  <suite started-at="2025-05-31T22:45:37 WIB" name="ElektroniCare Mobile App Test Suite" finished-at="2025-05-31T23:06:24 WIB" duration-ms="1246077">
    <groups>
      <group name="navigation">
        <method signature="WelcomeTest.testNavigateToRegister()[pri:3, instance:com.elektronicare.tests.WelcomeTest@4f83df68]" name="testNavigateToRegister" class="com.elektronicare.tests.WelcomeTest"/>
        <method signature="WelcomeTest.testNavigateToLogin()[pri:4, instance:com.elektronicare.tests.WelcomeTest@4f83df68]" name="testNavigateToLogin" class="com.elektronicare.tests.WelcomeTest"/>
        <method signature="ServicesTest.testBackNavigation()[pri:6, instance:com.elektronicare.tests.ServicesTest@799f10e1]" name="testBackNavigation" class="com.elektronicare.tests.ServicesTest"/>
        <method signature="ServicesTest.testBottomNavigation()[pri:7, instance:com.elektronicare.tests.ServicesTest@799f10e1]" name="testBottomNavigation" class="com.elektronicare.tests.ServicesTest"/>
        <method signature="RegisterTest.testNavigateToLogin()[pri:8, instance:com.elektronicare.tests.RegisterTest@6cf0e0ba]" name="testNavigateToLogin" class="com.elektronicare.tests.RegisterTest"/>
        <method signature="RegisterTest.testBackNavigation()[pri:9, instance:com.elektronicare.tests.RegisterTest@6cf0e0ba]" name="testBackNavigation" class="com.elektronicare.tests.RegisterTest"/>
      </group> <!-- navigation -->
      <group name="functional">
        <method signature="OnboardingTest.testOnboardingNavigation()[pri:2, instance:com.elektronicare.tests.OnboardingTest@55183b20]" name="testOnboardingNavigation" class="com.elektronicare.tests.OnboardingTest"/>
        <method signature="RegisterTest.testRegisterValidation()[pri:2, instance:com.elektronicare.tests.RegisterTest@6cf0e0ba]" name="testRegisterValidation" class="com.elektronicare.tests.RegisterTest"/>
        <method signature="ServicesTest.testServicesLoading()[pri:2, instance:com.elektronicare.tests.ServicesTest@799f10e1]" name="testServicesLoading" class="com.elektronicare.tests.ServicesTest"/>
        <method signature="OnboardingTest.testOnboardingSkip()[pri:3, instance:com.elektronicare.tests.OnboardingTest@55183b20]" name="testOnboardingSkip" class="com.elektronicare.tests.OnboardingTest"/>
        <method signature="RegisterTest.testInvalidEmailValidation()[pri:3, instance:com.elektronicare.tests.RegisterTest@6cf0e0ba]" name="testInvalidEmailValidation" class="com.elektronicare.tests.RegisterTest"/>
        <method signature="ServicesTest.testServiceSelection()[pri:3, instance:com.elektronicare.tests.ServicesTest@799f10e1]" name="testServiceSelection" class="com.elektronicare.tests.ServicesTest"/>
        <method signature="WelcomeTest.testNavigateToRegister()[pri:3, instance:com.elektronicare.tests.WelcomeTest@4f83df68]" name="testNavigateToRegister" class="com.elektronicare.tests.WelcomeTest"/>
        <method signature="OnboardingTest.testOnboardingComplete()[pri:4, instance:com.elektronicare.tests.OnboardingTest@55183b20]" name="testOnboardingComplete" class="com.elektronicare.tests.OnboardingTest"/>
        <method signature="RegisterTest.testInvalidPhoneValidation()[pri:4, instance:com.elektronicare.tests.RegisterTest@6cf0e0ba]" name="testInvalidPhoneValidation" class="com.elektronicare.tests.RegisterTest"/>
        <method signature="WelcomeTest.testNavigateToLogin()[pri:4, instance:com.elektronicare.tests.WelcomeTest@4f83df68]" name="testNavigateToLogin" class="com.elektronicare.tests.WelcomeTest"/>
        <method signature="RegisterTest.testShortPasswordValidation()[pri:5, instance:com.elektronicare.tests.RegisterTest@6cf0e0ba]" name="testShortPasswordValidation" class="com.elektronicare.tests.RegisterTest"/>
        <method signature="RegisterTest.testPasswordVisibilityToggle()[pri:6, instance:com.elektronicare.tests.RegisterTest@6cf0e0ba]" name="testPasswordVisibilityToggle" class="com.elektronicare.tests.RegisterTest"/>
        <method signature="ServicesTest.testBackNavigation()[pri:6, instance:com.elektronicare.tests.ServicesTest@799f10e1]" name="testBackNavigation" class="com.elektronicare.tests.ServicesTest"/>
        <method signature="RegisterTest.testValidRegistration()[pri:7, instance:com.elektronicare.tests.RegisterTest@6cf0e0ba]" name="testValidRegistration" class="com.elektronicare.tests.RegisterTest"/>
        <method signature="ServicesTest.testBottomNavigation()[pri:7, instance:com.elektronicare.tests.ServicesTest@799f10e1]" name="testBottomNavigation" class="com.elektronicare.tests.ServicesTest"/>
        <method signature="RegisterTest.testNavigateToLogin()[pri:8, instance:com.elektronicare.tests.RegisterTest@6cf0e0ba]" name="testNavigateToLogin" class="com.elektronicare.tests.RegisterTest"/>
        <method signature="RegisterTest.testBackNavigation()[pri:9, instance:com.elektronicare.tests.RegisterTest@6cf0e0ba]" name="testBackNavigation" class="com.elektronicare.tests.RegisterTest"/>
        <method signature="RegisterTest.testGoogleSignInButton()[pri:10, instance:com.elektronicare.tests.RegisterTest@6cf0e0ba]" name="testGoogleSignInButton" class="com.elektronicare.tests.RegisterTest"/>
        <method signature="RegisterTest.testPhoneNumberFormatting()[pri:11, instance:com.elektronicare.tests.RegisterTest@6cf0e0ba]" name="testPhoneNumberFormatting" class="com.elektronicare.tests.RegisterTest"/>
      </group> <!-- functional -->
      <group name="ui">
        <method signature="OnboardingTest.testOnboardingPageDisplay()[pri:1, instance:com.elektronicare.tests.OnboardingTest@6a192cfe]" name="testOnboardingPageDisplay" class="com.elektronicare.tests.OnboardingTest"/>
        <method signature="OnboardingTest.testOnboardingPageDisplay()[pri:1, instance:com.elektronicare.tests.OnboardingTest@55183b20]" name="testOnboardingPageDisplay" class="com.elektronicare.tests.OnboardingTest"/>
        <method signature="RegisterTest.testRegisterPageDisplay()[pri:1, instance:com.elektronicare.tests.RegisterTest@6cf0e0ba]" name="testRegisterPageDisplay" class="com.elektronicare.tests.RegisterTest"/>
        <method signature="ServicesTest.testServicesPageDisplay()[pri:1, instance:com.elektronicare.tests.ServicesTest@799f10e1]" name="testServicesPageDisplay" class="com.elektronicare.tests.ServicesTest"/>
        <method signature="WelcomeTest.testWelcomePageDisplay()[pri:1, instance:com.elektronicare.tests.WelcomeTest@4f83df68]" name="testWelcomePageDisplay" class="com.elektronicare.tests.WelcomeTest"/>
        <method signature="WelcomeTest.testWelcomePageElements()[pri:2, instance:com.elektronicare.tests.WelcomeTest@4f83df68]" name="testWelcomePageElements" class="com.elektronicare.tests.WelcomeTest"/>
        <method signature="ServicesTest.testServiceTypes()[pri:4, instance:com.elektronicare.tests.ServicesTest@799f10e1]" name="testServiceTypes" class="com.elektronicare.tests.ServicesTest"/>
        <method signature="ServicesTest.testServicePrices()[pri:5, instance:com.elektronicare.tests.ServicesTest@799f10e1]" name="testServicePrices" class="com.elektronicare.tests.ServicesTest"/>
        <method signature="WelcomeTest.testWelcomePageBranding()[pri:5, instance:com.elektronicare.tests.WelcomeTest@4f83df68]" name="testWelcomePageBranding" class="com.elektronicare.tests.WelcomeTest"/>
        <method signature="OnboardingTest.testOnboardingPageDisplay()[pri:1, instance:com.elektronicare.tests.OnboardingTest@3023df74]" name="testOnboardingPageDisplay" class="com.elektronicare.tests.OnboardingTest"/>
      </group> <!-- ui -->
      <group name="smoke">
        <method signature="OnboardingTest.testOnboardingPageDisplay()[pri:1, instance:com.elektronicare.tests.OnboardingTest@6a192cfe]" name="testOnboardingPageDisplay" class="com.elektronicare.tests.OnboardingTest"/>
        <method signature="OnboardingTest.testOnboardingPageDisplay()[pri:1, instance:com.elektronicare.tests.OnboardingTest@55183b20]" name="testOnboardingPageDisplay" class="com.elektronicare.tests.OnboardingTest"/>
        <method signature="RegisterTest.testRegisterPageDisplay()[pri:1, instance:com.elektronicare.tests.RegisterTest@6cf0e0ba]" name="testRegisterPageDisplay" class="com.elektronicare.tests.RegisterTest"/>
        <method signature="ServicesTest.testServicesPageDisplay()[pri:1, instance:com.elektronicare.tests.ServicesTest@799f10e1]" name="testServicesPageDisplay" class="com.elektronicare.tests.ServicesTest"/>
        <method signature="WelcomeTest.testWelcomePageDisplay()[pri:1, instance:com.elektronicare.tests.WelcomeTest@4f83df68]" name="testWelcomePageDisplay" class="com.elektronicare.tests.WelcomeTest"/>
        <method signature="OnboardingTest.testOnboardingPageDisplay()[pri:1, instance:com.elektronicare.tests.OnboardingTest@3023df74]" name="testOnboardingPageDisplay" class="com.elektronicare.tests.OnboardingTest"/>
      </group> <!-- smoke -->
    </groups>
    <test started-at="2025-05-31T22:45:37 WIB" name="Smoke Tests" finished-at="2025-05-31T22:45:38 WIB" duration-ms="45">
      <class name="com.elektronicare.tests.LoginTest">
        <test-method signature="testLoginPageElements()[pri:1, instance:com.elektronicare.tests.LoginTest@7714e963]" started-at="2025-05-31T22:45:38 WIB" name="testLoginPageElements" description="Verify login page elements are displayed" finished-at="2025-05-31T22:45:38 WIB" duration-ms="1" status="FAIL">
          <exception class="java.lang.NullPointerException">
            <message>
              <![CDATA[Cannot invoke "com.elektronicare.pages.LoginPage.isPageLoaded()" because "this.loginPage" is null]]>
            </message>
            <full-stacktrace>
              <![CDATA[java.lang.NullPointerException: Cannot invoke "com.elektronicare.pages.LoginPage.isPageLoaded()" because "this.loginPage" is null
at com.elektronicare.tests.LoginTest.testLoginPageElements(LoginTest.java:35)
at java.base/jdk.internal.reflect.NativeMethodAccessorImpl.invoke0(Native Method)
at java.base/jdk.internal.reflect.NativeMethodAccessorImpl.invoke(NativeMethodAccessorImpl.java:77)
at java.base/jdk.internal.reflect.DelegatingMethodAccessorImpl.invoke(DelegatingMethodAccessorImpl.java:43)
at java.base/java.lang.reflect.Method.invoke(Method.java:569)
at org.testng.internal.invokers.MethodInvocationHelper.invokeMethod(MethodInvocationHelper.java:141)
at org.testng.internal.invokers.TestInvoker.invokeMethod(TestInvoker.java:686)
at org.testng.internal.invokers.TestInvoker.invokeTestMethod(TestInvoker.java:230)
at org.testng.internal.invokers.MethodRunner.runInSequence(MethodRunner.java:63)
at org.testng.internal.invokers.TestInvoker$MethodInvocationAgent.invoke(TestInvoker.java:992)
at org.testng.internal.invokers.TestInvoker.invokeTestMethods(TestInvoker.java:203)
at org.testng.internal.invokers.TestMethodWorker.invokeTestMethods(TestMethodWorker.java:154)
at org.testng.internal.invokers.TestMethodWorker.run(TestMethodWorker.java:134)
at java.base/java.util.ArrayList.forEach(ArrayList.java:1511)
at org.testng.TestRunner.privateRun(TestRunner.java:739)
at org.testng.TestRunner.run(TestRunner.java:614)
at org.testng.SuiteRunner.runTest(SuiteRunner.java:421)
at org.testng.SuiteRunner.runSequentially(SuiteRunner.java:413)
at org.testng.SuiteRunner.privateRun(SuiteRunner.java:373)
at org.testng.SuiteRunner.run(SuiteRunner.java:312)
at org.testng.SuiteRunnerWorker.runSuite(SuiteRunnerWorker.java:52)
at org.testng.SuiteRunnerWorker.run(SuiteRunnerWorker.java:95)
at org.testng.TestNG.runSuitesSequentially(TestNG.java:1274)
at org.testng.TestNG.runSuitesLocally(TestNG.java:1208)
at org.testng.TestNG.runSuites(TestNG.java:1112)
at org.testng.TestNG.run(TestNG.java:1079)
at org.apache.maven.surefire.testng.TestNGExecutor.run(TestNGExecutor.java:308)
at org.apache.maven.surefire.testng.TestNGXmlTestSuite.execute(TestNGXmlTestSuite.java:71)
at org.apache.maven.surefire.testng.TestNGProvider.invoke(TestNGProvider.java:113)
at org.apache.maven.surefire.booter.ForkedBooter.runSuitesInProcess(ForkedBooter.java:385)
at org.apache.maven.surefire.booter.ForkedBooter.execute(ForkedBooter.java:162)
at org.apache.maven.surefire.booter.ForkedBooter.run(ForkedBooter.java:507)
at org.apache.maven.surefire.booter.ForkedBooter.main(ForkedBooter.java:495)
]]>
            </full-stacktrace>
          </exception> <!-- java.lang.NullPointerException -->
          <reporter-output>
          </reporter-output>
        </test-method> <!-- testLoginPageElements -->
      </class> <!-- com.elektronicare.tests.LoginTest -->
      <class name="com.elektronicare.tests.OnboardingTest">
        <test-method signature="testOnboardingPageDisplay()[pri:1, instance:com.elektronicare.tests.OnboardingTest@6a192cfe]" started-at="2025-05-31T22:45:38 WIB" name="testOnboardingPageDisplay" finished-at="2025-05-31T22:45:38 WIB" duration-ms="18" status="FAIL">
          <exception class="java.lang.AssertionError">
            <message>
              <![CDATA[Onboarding page should be displayed expected [true] but found [false]]]>
            </message>
            <full-stacktrace>
              <![CDATA[java.lang.AssertionError: Onboarding page should be displayed expected [true] but found [false]
at org.testng.Assert.fail(Assert.java:111)
at org.testng.Assert.failNotEquals(Assert.java:1578)
at org.testng.Assert.assertTrue(Assert.java:57)
at com.elektronicare.tests.OnboardingTest.testOnboardingPageDisplay(OnboardingTest.java:19)
at java.base/jdk.internal.reflect.NativeMethodAccessorImpl.invoke0(Native Method)
at java.base/jdk.internal.reflect.NativeMethodAccessorImpl.invoke(NativeMethodAccessorImpl.java:77)
at java.base/jdk.internal.reflect.DelegatingMethodAccessorImpl.invoke(DelegatingMethodAccessorImpl.java:43)
at java.base/java.lang.reflect.Method.invoke(Method.java:569)
at org.testng.internal.invokers.MethodInvocationHelper.invokeMethod(MethodInvocationHelper.java:141)
at org.testng.internal.invokers.TestInvoker.invokeMethod(TestInvoker.java:686)
at org.testng.internal.invokers.TestInvoker.invokeTestMethod(TestInvoker.java:230)
at org.testng.internal.invokers.MethodRunner.runInSequence(MethodRunner.java:63)
at org.testng.internal.invokers.TestInvoker$MethodInvocationAgent.invoke(TestInvoker.java:992)
at org.testng.internal.invokers.TestInvoker.invokeTestMethods(TestInvoker.java:203)
at org.testng.internal.invokers.TestMethodWorker.invokeTestMethods(TestMethodWorker.java:154)
at org.testng.internal.invokers.TestMethodWorker.run(TestMethodWorker.java:134)
at java.base/java.util.ArrayList.forEach(ArrayList.java:1511)
at org.testng.TestRunner.privateRun(TestRunner.java:739)
at org.testng.TestRunner.run(TestRunner.java:614)
at org.testng.SuiteRunner.runTest(SuiteRunner.java:421)
at org.testng.SuiteRunner.runSequentially(SuiteRunner.java:413)
at org.testng.SuiteRunner.privateRun(SuiteRunner.java:373)
at org.testng.SuiteRunner.run(SuiteRunner.java:312)
at org.testng.SuiteRunnerWorker.runSuite(SuiteRunnerWorker.java:52)
at org.testng.SuiteRunnerWorker.run(SuiteRunnerWorker.java:95)
at org.testng.TestNG.runSuitesSequentially(TestNG.java:1274)
at org.testng.TestNG.runSuitesLocally(TestNG.java:1208)
at org.testng.TestNG.runSuites(TestNG.java:1112)
at org.testng.TestNG.run(TestNG.java:1079)
at org.apache.maven.surefire.testng.TestNGExecutor.run(TestNGExecutor.java:308)
at org.apache.maven.surefire.testng.TestNGXmlTestSuite.execute(TestNGXmlTestSuite.java:71)
at org.apache.maven.surefire.testng.TestNGProvider.invoke(TestNGProvider.java:113)
at org.apache.maven.surefire.booter.ForkedBooter.runSuitesInProcess(ForkedBooter.java:385)
at org.apache.maven.surefire.booter.ForkedBooter.execute(ForkedBooter.java:162)
at org.apache.maven.surefire.booter.ForkedBooter.run(ForkedBooter.java:507)
at org.apache.maven.surefire.booter.ForkedBooter.main(ForkedBooter.java:495)
]]>
            </full-stacktrace>
          </exception> <!-- java.lang.AssertionError -->
          <reporter-output>
          </reporter-output>
        </test-method> <!-- testOnboardingPageDisplay -->
      </class> <!-- com.elektronicare.tests.OnboardingTest -->
      <class name="com.elektronicare.tests.DashboardTest">
        <test-method signature="testDashboardElements()[pri:1, instance:com.elektronicare.tests.DashboardTest@20ce78ec]" started-at="2025-05-31T22:45:38 WIB" name="testDashboardElements" description="Verify dashboard page elements" finished-at="2025-05-31T22:45:38 WIB" duration-ms="0" status="FAIL">
          <exception class="java.lang.NullPointerException">
            <message>
              <![CDATA[Cannot invoke "com.elektronicare.pages.DashboardPage.isPageLoaded()" because "this.dashboardPage" is null]]>
            </message>
            <full-stacktrace>
              <![CDATA[java.lang.NullPointerException: Cannot invoke "com.elektronicare.pages.DashboardPage.isPageLoaded()" because "this.dashboardPage" is null
at com.elektronicare.tests.DashboardTest.testDashboardElements(DashboardTest.java:42)
at java.base/jdk.internal.reflect.NativeMethodAccessorImpl.invoke0(Native Method)
at java.base/jdk.internal.reflect.NativeMethodAccessorImpl.invoke(NativeMethodAccessorImpl.java:77)
at java.base/jdk.internal.reflect.DelegatingMethodAccessorImpl.invoke(DelegatingMethodAccessorImpl.java:43)
at java.base/java.lang.reflect.Method.invoke(Method.java:569)
at org.testng.internal.invokers.MethodInvocationHelper.invokeMethod(MethodInvocationHelper.java:141)
at org.testng.internal.invokers.TestInvoker.invokeMethod(TestInvoker.java:686)
at org.testng.internal.invokers.TestInvoker.invokeTestMethod(TestInvoker.java:230)
at org.testng.internal.invokers.MethodRunner.runInSequence(MethodRunner.java:63)
at org.testng.internal.invokers.TestInvoker$MethodInvocationAgent.invoke(TestInvoker.java:992)
at org.testng.internal.invokers.TestInvoker.invokeTestMethods(TestInvoker.java:203)
at org.testng.internal.invokers.TestMethodWorker.invokeTestMethods(TestMethodWorker.java:154)
at org.testng.internal.invokers.TestMethodWorker.run(TestMethodWorker.java:134)
at java.base/java.util.ArrayList.forEach(ArrayList.java:1511)
at org.testng.TestRunner.privateRun(TestRunner.java:739)
at org.testng.TestRunner.run(TestRunner.java:614)
at org.testng.SuiteRunner.runTest(SuiteRunner.java:421)
at org.testng.SuiteRunner.runSequentially(SuiteRunner.java:413)
at org.testng.SuiteRunner.privateRun(SuiteRunner.java:373)
at org.testng.SuiteRunner.run(SuiteRunner.java:312)
at org.testng.SuiteRunnerWorker.runSuite(SuiteRunnerWorker.java:52)
at org.testng.SuiteRunnerWorker.run(SuiteRunnerWorker.java:95)
at org.testng.TestNG.runSuitesSequentially(TestNG.java:1274)
at org.testng.TestNG.runSuitesLocally(TestNG.java:1208)
at org.testng.TestNG.runSuites(TestNG.java:1112)
at org.testng.TestNG.run(TestNG.java:1079)
at org.apache.maven.surefire.testng.TestNGExecutor.run(TestNGExecutor.java:308)
at org.apache.maven.surefire.testng.TestNGXmlTestSuite.execute(TestNGXmlTestSuite.java:71)
at org.apache.maven.surefire.testng.TestNGProvider.invoke(TestNGProvider.java:113)
at org.apache.maven.surefire.booter.ForkedBooter.runSuitesInProcess(ForkedBooter.java:385)
at org.apache.maven.surefire.booter.ForkedBooter.execute(ForkedBooter.java:162)
at org.apache.maven.surefire.booter.ForkedBooter.run(ForkedBooter.java:507)
at org.apache.maven.surefire.booter.ForkedBooter.main(ForkedBooter.java:495)
]]>
            </full-stacktrace>
          </exception> <!-- java.lang.NullPointerException -->
          <reporter-output>
          </reporter-output>
        </test-method> <!-- testDashboardElements -->
      </class> <!-- com.elektronicare.tests.DashboardTest -->
    </test> <!-- Smoke Tests -->
    <test started-at="2025-05-31T22:45:38 WIB" name="Full Regression Tests" finished-at="2025-05-31T23:06:24 WIB" duration-ms="1245957">
      <class name="com.elektronicare.tests.LoginTest">
        <test-method is-config="true" signature="beforeMethod()[pri:0, instance:com.elektronicare.tests.LoginTest@7d8995e]" started-at="2025-05-31T22:51:27 WIB" name="beforeMethod" finished-at="2025-05-31T22:51:35 WIB" duration-ms="8002" status="PASS">
          <reporter-output>
          </reporter-output>
        </test-method> <!-- beforeMethod -->
        <test-method is-config="true" signature="setupLoginTest()[pri:0, instance:com.elektronicare.tests.LoginTest@7d8995e]" started-at="2025-05-31T22:51:35 WIB" name="setupLoginTest" finished-at="2025-05-31T22:51:42 WIB" duration-ms="7256" status="PASS">
          <reporter-output>
          </reporter-output>
        </test-method> <!-- setupLoginTest -->
        <test-method signature="testLoginPageElements()[pri:1, instance:com.elektronicare.tests.LoginTest@7d8995e]" started-at="2025-05-31T22:51:42 WIB" name="testLoginPageElements" description="Verify login page elements are displayed" finished-at="2025-05-31T22:51:44 WIB" duration-ms="1487" status="PASS">
          <reporter-output>
          </reporter-output>
        </test-method> <!-- testLoginPageElements -->
        <test-method is-config="true" signature="afterMethod(org.testng.ITestResult)[pri:0, instance:com.elektronicare.tests.LoginTest@7d8995e]" started-at="2025-05-31T22:51:44 WIB" name="afterMethod" finished-at="2025-05-31T22:51:45 WIB" duration-ms="705" status="PASS">
          <params>
            <param index="0">
              <value>
                <![CDATA[[TestResult name=testLoginPageElements status=SUCCESS method=LoginTest.testLoginPageElements()[pri:1, instance:com.elektronicare.tests.LoginTest@7d8995e] output={null}]]]>
              </value>
            </param>
          </params>
          <reporter-output>
          </reporter-output>
        </test-method> <!-- afterMethod -->
        <test-method is-config="true" signature="beforeMethod()[pri:0, instance:com.elektronicare.tests.LoginTest@7d8995e]" started-at="2025-05-31T22:51:45 WIB" name="beforeMethod" finished-at="2025-05-31T22:51:53 WIB" duration-ms="7933" status="PASS">
          <reporter-output>
          </reporter-output>
        </test-method> <!-- beforeMethod -->
        <test-method is-config="true" signature="setupLoginTest()[pri:0, instance:com.elektronicare.tests.LoginTest@7d8995e]" started-at="2025-05-31T22:51:53 WIB" name="setupLoginTest" finished-at="2025-05-31T22:52:00 WIB" duration-ms="7217" status="PASS">
          <reporter-output>
          </reporter-output>
        </test-method> <!-- setupLoginTest -->
        <test-method signature="testValidLogin()[pri:2, instance:com.elektronicare.tests.LoginTest@7d8995e]" started-at="2025-05-31T22:52:00 WIB" name="testValidLogin" description="Test login with valid credentials" finished-at="2025-05-31T22:52:09 WIB" duration-ms="8796" status="PASS">
          <reporter-output>
          </reporter-output>
        </test-method> <!-- testValidLogin -->
        <test-method is-config="true" signature="afterMethod(org.testng.ITestResult)[pri:0, instance:com.elektronicare.tests.LoginTest@7d8995e]" started-at="2025-05-31T22:52:09 WIB" name="afterMethod" finished-at="2025-05-31T22:52:09 WIB" duration-ms="724" status="PASS">
          <params>
            <param index="0">
              <value>
                <![CDATA[[TestResult name=testValidLogin status=SUCCESS method=LoginTest.testValidLogin()[pri:2, instance:com.elektronicare.tests.LoginTest@7d8995e] output={null}]]]>
              </value>
            </param>
          </params>
          <reporter-output>
          </reporter-output>
        </test-method> <!-- afterMethod -->
        <test-method is-config="true" signature="beforeMethod()[pri:0, instance:com.elektronicare.tests.LoginTest@7d8995e]" started-at="2025-05-31T22:52:09 WIB" name="beforeMethod" finished-at="2025-05-31T22:52:17 WIB" duration-ms="8086" status="PASS">
          <reporter-output>
          </reporter-output>
        </test-method> <!-- beforeMethod -->
        <test-method is-config="true" signature="setupLoginTest()[pri:0, instance:com.elektronicare.tests.LoginTest@7d8995e]" started-at="2025-05-31T22:52:17 WIB" name="setupLoginTest" finished-at="2025-05-31T22:52:25 WIB" duration-ms="7305" status="PASS">
          <reporter-output>
          </reporter-output>
        </test-method> <!-- setupLoginTest -->
        <test-method signature="testInvalidLogin()[pri:3, instance:com.elektronicare.tests.LoginTest@7d8995e]" started-at="2025-05-31T22:52:25 WIB" name="testInvalidLogin" description="Test login with invalid credentials" finished-at="2025-05-31T22:52:34 WIB" duration-ms="9544" status="PASS">
          <reporter-output>
          </reporter-output>
        </test-method> <!-- testInvalidLogin -->
        <test-method is-config="true" signature="afterMethod(org.testng.ITestResult)[pri:0, instance:com.elektronicare.tests.LoginTest@7d8995e]" started-at="2025-05-31T22:52:34 WIB" name="afterMethod" finished-at="2025-05-31T22:52:35 WIB" duration-ms="706" status="PASS">
          <params>
            <param index="0">
              <value>
                <![CDATA[[TestResult name=testInvalidLogin status=SUCCESS method=LoginTest.testInvalidLogin()[pri:3, instance:com.elektronicare.tests.LoginTest@7d8995e] output={null}]]]>
              </value>
            </param>
          </params>
          <reporter-output>
          </reporter-output>
        </test-method> <!-- afterMethod -->
        <test-method is-config="true" signature="beforeMethod()[pri:0, instance:com.elektronicare.tests.LoginTest@7d8995e]" started-at="2025-05-31T22:52:35 WIB" name="beforeMethod" finished-at="2025-05-31T22:52:43 WIB" duration-ms="8057" status="PASS">
          <reporter-output>
          </reporter-output>
        </test-method> <!-- beforeMethod -->
        <test-method is-config="true" signature="setupLoginTest()[pri:0, instance:com.elektronicare.tests.LoginTest@7d8995e]" started-at="2025-05-31T22:52:43 WIB" name="setupLoginTest" finished-at="2025-05-31T22:52:50 WIB" duration-ms="7289" status="PASS">
          <reporter-output>
          </reporter-output>
        </test-method> <!-- setupLoginTest -->
        <test-method signature="testEmptyFieldsLogin()[pri:4, instance:com.elektronicare.tests.LoginTest@7d8995e]" started-at="2025-05-31T22:52:50 WIB" name="testEmptyFieldsLogin" description="Test login with empty fields" finished-at="2025-05-31T22:52:59 WIB" duration-ms="8916" status="PASS">
          <reporter-output>
          </reporter-output>
        </test-method> <!-- testEmptyFieldsLogin -->
        <test-method is-config="true" signature="afterMethod(org.testng.ITestResult)[pri:0, instance:com.elektronicare.tests.LoginTest@7d8995e]" started-at="2025-05-31T22:52:59 WIB" name="afterMethod" finished-at="2025-05-31T22:53:00 WIB" duration-ms="695" status="PASS">
          <params>
            <param index="0">
              <value>
                <![CDATA[[TestResult name=testEmptyFieldsLogin status=SUCCESS method=LoginTest.testEmptyFieldsLogin()[pri:4, instance:com.elektronicare.tests.LoginTest@7d8995e] output={null}]]]>
              </value>
            </param>
          </params>
          <reporter-output>
          </reporter-output>
        </test-method> <!-- afterMethod -->
        <test-method is-config="true" signature="beforeMethod()[pri:0, instance:com.elektronicare.tests.LoginTest@7d8995e]" started-at="2025-05-31T22:53:00 WIB" name="beforeMethod" finished-at="2025-05-31T22:53:08 WIB" duration-ms="8081" status="PASS">
          <reporter-output>
          </reporter-output>
        </test-method> <!-- beforeMethod -->
        <test-method is-config="true" signature="setupLoginTest()[pri:0, instance:com.elektronicare.tests.LoginTest@7d8995e]" started-at="2025-05-31T22:53:08 WIB" name="setupLoginTest" finished-at="2025-05-31T22:53:15 WIB" duration-ms="7257" status="PASS">
          <reporter-output>
          </reporter-output>
        </test-method> <!-- setupLoginTest -->
        <test-method signature="testGoogleSignIn()[pri:5, instance:com.elektronicare.tests.LoginTest@7d8995e]" started-at="2025-05-31T22:53:15 WIB" name="testGoogleSignIn" description="Test Google Sign In button" finished-at="2025-05-31T22:53:20 WIB" duration-ms="4647" status="PASS">
          <reporter-output>
          </reporter-output>
        </test-method> <!-- testGoogleSignIn -->
        <test-method is-config="true" signature="afterMethod(org.testng.ITestResult)[pri:0, instance:com.elektronicare.tests.LoginTest@7d8995e]" started-at="2025-05-31T22:53:20 WIB" name="afterMethod" finished-at="2025-05-31T22:53:20 WIB" duration-ms="592" status="PASS">
          <params>
            <param index="0">
              <value>
                <![CDATA[[TestResult name=testGoogleSignIn status=SUCCESS method=LoginTest.testGoogleSignIn()[pri:5, instance:com.elektronicare.tests.LoginTest@7d8995e] output={null}]]]>
              </value>
            </param>
          </params>
          <reporter-output>
          </reporter-output>
        </test-method> <!-- afterMethod -->
        <test-method is-config="true" signature="beforeMethod()[pri:0, instance:com.elektronicare.tests.LoginTest@7d8995e]" started-at="2025-05-31T22:53:20 WIB" name="beforeMethod" finished-at="2025-05-31T22:53:29 WIB" duration-ms="8239" status="PASS">
          <reporter-output>
          </reporter-output>
        </test-method> <!-- beforeMethod -->
        <test-method is-config="true" signature="setupLoginTest()[pri:0, instance:com.elektronicare.tests.LoginTest@7d8995e]" started-at="2025-05-31T22:53:29 WIB" name="setupLoginTest" finished-at="2025-05-31T22:53:36 WIB" duration-ms="7270" status="PASS">
          <reporter-output>
          </reporter-output>
        </test-method> <!-- setupLoginTest -->
        <test-method signature="testRegisterLink()[pri:6, instance:com.elektronicare.tests.LoginTest@7d8995e]" started-at="2025-05-31T22:53:36 WIB" name="testRegisterLink" description="Test register link navigation" finished-at="2025-05-31T22:53:45 WIB" duration-ms="8829" status="PASS">
          <reporter-output>
          </reporter-output>
        </test-method> <!-- testRegisterLink -->
        <test-method is-config="true" signature="afterMethod(org.testng.ITestResult)[pri:0, instance:com.elektronicare.tests.LoginTest@7d8995e]" started-at="2025-05-31T22:53:45 WIB" name="afterMethod" finished-at="2025-05-31T22:53:45 WIB" duration-ms="679" status="PASS">
          <params>
            <param index="0">
              <value>
                <![CDATA[[TestResult name=testRegisterLink status=SUCCESS method=LoginTest.testRegisterLink()[pri:6, instance:com.elektronicare.tests.LoginTest@7d8995e] output={null}]]]>
              </value>
            </param>
          </params>
          <reporter-output>
          </reporter-output>
        </test-method> <!-- afterMethod -->
      </class> <!-- com.elektronicare.tests.LoginTest -->
      <class name="com.elektronicare.tests.RegisterTest">
        <test-method is-config="true" signature="beforeMethod()[pri:0, instance:com.elektronicare.tests.RegisterTest@6cf0e0ba]" started-at="2025-05-31T22:47:37 WIB" name="beforeMethod" finished-at="2025-05-31T22:47:45 WIB" duration-ms="7989" status="PASS">
          <reporter-output>
          </reporter-output>
        </test-method> <!-- beforeMethod -->
        <test-method signature="testRegisterPageDisplay()[pri:1, instance:com.elektronicare.tests.RegisterTest@6cf0e0ba]" started-at="2025-05-31T22:47:45 WIB" name="testRegisterPageDisplay" finished-at="2025-05-31T22:47:59 WIB" duration-ms="14241" status="PASS">
          <reporter-output>
          </reporter-output>
        </test-method> <!-- testRegisterPageDisplay -->
        <test-method is-config="true" signature="afterMethod(org.testng.ITestResult)[pri:0, instance:com.elektronicare.tests.RegisterTest@6cf0e0ba]" started-at="2025-05-31T22:47:59 WIB" name="afterMethod" finished-at="2025-05-31T22:48:00 WIB" duration-ms="720" status="PASS">
          <params>
            <param index="0">
              <value>
                <![CDATA[[TestResult name=testRegisterPageDisplay status=SUCCESS method=RegisterTest.testRegisterPageDisplay()[pri:1, instance:com.elektronicare.tests.RegisterTest@6cf0e0ba] output={null}]]]>
              </value>
            </param>
          </params>
          <reporter-output>
          </reporter-output>
        </test-method> <!-- afterMethod -->
        <test-method is-config="true" signature="beforeMethod()[pri:0, instance:com.elektronicare.tests.RegisterTest@6cf0e0ba]" started-at="2025-05-31T22:48:00 WIB" name="beforeMethod" finished-at="2025-05-31T22:48:08 WIB" duration-ms="7959" status="PASS">
          <reporter-output>
          </reporter-output>
        </test-method> <!-- beforeMethod -->
        <test-method signature="testRegisterValidation()[pri:2, instance:com.elektronicare.tests.RegisterTest@6cf0e0ba]" started-at="2025-05-31T22:48:08 WIB" name="testRegisterValidation" finished-at="2025-05-31T22:48:23 WIB" duration-ms="15507" status="PASS">
          <reporter-output>
          </reporter-output>
        </test-method> <!-- testRegisterValidation -->
        <test-method is-config="true" signature="afterMethod(org.testng.ITestResult)[pri:0, instance:com.elektronicare.tests.RegisterTest@6cf0e0ba]" started-at="2025-05-31T22:48:23 WIB" name="afterMethod" finished-at="2025-05-31T22:48:24 WIB" duration-ms="706" status="PASS">
          <params>
            <param index="0">
              <value>
                <![CDATA[[TestResult name=testRegisterValidation status=SUCCESS method=RegisterTest.testRegisterValidation()[pri:2, instance:com.elektronicare.tests.RegisterTest@6cf0e0ba] output={null}]]]>
              </value>
            </param>
          </params>
          <reporter-output>
          </reporter-output>
        </test-method> <!-- afterMethod -->
        <test-method is-config="true" signature="beforeMethod()[pri:0, instance:com.elektronicare.tests.RegisterTest@6cf0e0ba]" started-at="2025-05-31T22:48:24 WIB" name="beforeMethod" finished-at="2025-05-31T22:48:33 WIB" duration-ms="8960" status="PASS">
          <reporter-output>
          </reporter-output>
        </test-method> <!-- beforeMethod -->
        <test-method signature="testInvalidEmailValidation()[pri:3, instance:com.elektronicare.tests.RegisterTest@6cf0e0ba]" started-at="2025-05-31T22:48:33 WIB" name="testInvalidEmailValidation" finished-at="2025-05-31T22:48:54 WIB" duration-ms="21119" status="PASS">
          <reporter-output>
          </reporter-output>
        </test-method> <!-- testInvalidEmailValidation -->
        <test-method is-config="true" signature="afterMethod(org.testng.ITestResult)[pri:0, instance:com.elektronicare.tests.RegisterTest@6cf0e0ba]" started-at="2025-05-31T22:48:54 WIB" name="afterMethod" finished-at="2025-05-31T22:48:55 WIB" duration-ms="744" status="PASS">
          <params>
            <param index="0">
              <value>
                <![CDATA[[TestResult name=testInvalidEmailValidation status=SUCCESS method=RegisterTest.testInvalidEmailValidation()[pri:3, instance:com.elektronicare.tests.RegisterTest@6cf0e0ba] output={null}]]]>
              </value>
            </param>
          </params>
          <reporter-output>
          </reporter-output>
        </test-method> <!-- afterMethod -->
        <test-method is-config="true" signature="beforeMethod()[pri:0, instance:com.elektronicare.tests.RegisterTest@6cf0e0ba]" started-at="2025-05-31T22:48:55 WIB" name="beforeMethod" finished-at="2025-05-31T22:49:03 WIB" duration-ms="7977" status="PASS">
          <reporter-output>
          </reporter-output>
        </test-method> <!-- beforeMethod -->
        <test-method signature="testInvalidPhoneValidation()[pri:4, instance:com.elektronicare.tests.RegisterTest@6cf0e0ba]" started-at="2025-05-31T22:49:03 WIB" name="testInvalidPhoneValidation" finished-at="2025-05-31T22:49:17 WIB" duration-ms="14449" status="PASS">
          <reporter-output>
          </reporter-output>
        </test-method> <!-- testInvalidPhoneValidation -->
        <test-method is-config="true" signature="afterMethod(org.testng.ITestResult)[pri:0, instance:com.elektronicare.tests.RegisterTest@6cf0e0ba]" started-at="2025-05-31T22:49:17 WIB" name="afterMethod" finished-at="2025-05-31T22:49:18 WIB" duration-ms="711" status="PASS">
          <params>
            <param index="0">
              <value>
                <![CDATA[[TestResult name=testInvalidPhoneValidation status=SUCCESS method=RegisterTest.testInvalidPhoneValidation()[pri:4, instance:com.elektronicare.tests.RegisterTest@6cf0e0ba] output={null}]]]>
              </value>
            </param>
          </params>
          <reporter-output>
          </reporter-output>
        </test-method> <!-- afterMethod -->
        <test-method is-config="true" signature="beforeMethod()[pri:0, instance:com.elektronicare.tests.RegisterTest@6cf0e0ba]" started-at="2025-05-31T22:49:18 WIB" name="beforeMethod" finished-at="2025-05-31T22:49:26 WIB" duration-ms="7905" status="PASS">
          <reporter-output>
          </reporter-output>
        </test-method> <!-- beforeMethod -->
        <test-method signature="testShortPasswordValidation()[pri:5, instance:com.elektronicare.tests.RegisterTest@6cf0e0ba]" started-at="2025-05-31T22:49:26 WIB" name="testShortPasswordValidation" finished-at="2025-05-31T22:49:40 WIB" duration-ms="14295" status="PASS">
          <reporter-output>
          </reporter-output>
        </test-method> <!-- testShortPasswordValidation -->
        <test-method is-config="true" signature="afterMethod(org.testng.ITestResult)[pri:0, instance:com.elektronicare.tests.RegisterTest@6cf0e0ba]" started-at="2025-05-31T22:49:40 WIB" name="afterMethod" finished-at="2025-05-31T22:49:41 WIB" duration-ms="722" status="PASS">
          <params>
            <param index="0">
              <value>
                <![CDATA[[TestResult name=testShortPasswordValidation status=SUCCESS method=RegisterTest.testShortPasswordValidation()[pri:5, instance:com.elektronicare.tests.RegisterTest@6cf0e0ba] output={null}]]]>
              </value>
            </param>
          </params>
          <reporter-output>
          </reporter-output>
        </test-method> <!-- afterMethod -->
        <test-method is-config="true" signature="beforeMethod()[pri:0, instance:com.elektronicare.tests.RegisterTest@6cf0e0ba]" started-at="2025-05-31T22:49:41 WIB" name="beforeMethod" finished-at="2025-05-31T22:49:49 WIB" duration-ms="8011" status="PASS">
          <reporter-output>
          </reporter-output>
        </test-method> <!-- beforeMethod -->
        <test-method signature="testPasswordVisibilityToggle()[pri:6, instance:com.elektronicare.tests.RegisterTest@6cf0e0ba]" started-at="2025-05-31T22:49:49 WIB" name="testPasswordVisibilityToggle" finished-at="2025-05-31T22:49:57 WIB" duration-ms="7637" status="PASS">
          <reporter-output>
          </reporter-output>
        </test-method> <!-- testPasswordVisibilityToggle -->
        <test-method is-config="true" signature="afterMethod(org.testng.ITestResult)[pri:0, instance:com.elektronicare.tests.RegisterTest@6cf0e0ba]" started-at="2025-05-31T22:49:57 WIB" name="afterMethod" finished-at="2025-05-31T22:49:57 WIB" duration-ms="677" status="PASS">
          <params>
            <param index="0">
              <value>
                <![CDATA[[TestResult name=testPasswordVisibilityToggle status=SUCCESS method=RegisterTest.testPasswordVisibilityToggle()[pri:6, instance:com.elektronicare.tests.RegisterTest@6cf0e0ba] output={null}]]]>
              </value>
            </param>
          </params>
          <reporter-output>
          </reporter-output>
        </test-method> <!-- afterMethod -->
        <test-method is-config="true" signature="beforeMethod()[pri:0, instance:com.elektronicare.tests.RegisterTest@6cf0e0ba]" started-at="2025-05-31T22:49:57 WIB" name="beforeMethod" finished-at="2025-05-31T22:50:05 WIB" duration-ms="7921" status="PASS">
          <reporter-output>
          </reporter-output>
        </test-method> <!-- beforeMethod -->
        <test-method signature="testValidRegistration()[pri:7, instance:com.elektronicare.tests.RegisterTest@6cf0e0ba]" started-at="2025-05-31T22:50:05 WIB" name="testValidRegistration" finished-at="2025-05-31T22:50:25 WIB" duration-ms="19462" status="PASS">
          <reporter-output>
          </reporter-output>
        </test-method> <!-- testValidRegistration -->
        <test-method is-config="true" signature="afterMethod(org.testng.ITestResult)[pri:0, instance:com.elektronicare.tests.RegisterTest@6cf0e0ba]" started-at="2025-05-31T22:50:25 WIB" name="afterMethod" finished-at="2025-05-31T22:50:25 WIB" duration-ms="647" status="PASS">
          <params>
            <param index="0">
              <value>
                <![CDATA[[TestResult name=testValidRegistration status=SUCCESS method=RegisterTest.testValidRegistration()[pri:7, instance:com.elektronicare.tests.RegisterTest@6cf0e0ba] output={null}]]]>
              </value>
            </param>
          </params>
          <reporter-output>
          </reporter-output>
        </test-method> <!-- afterMethod -->
        <test-method is-config="true" signature="beforeMethod()[pri:0, instance:com.elektronicare.tests.RegisterTest@6cf0e0ba]" started-at="2025-05-31T22:50:25 WIB" name="beforeMethod" finished-at="2025-05-31T22:50:33 WIB" duration-ms="7919" status="PASS">
          <reporter-output>
          </reporter-output>
        </test-method> <!-- beforeMethod -->
        <test-method signature="testNavigateToLogin()[pri:8, instance:com.elektronicare.tests.RegisterTest@6cf0e0ba]" started-at="2025-05-31T22:50:33 WIB" name="testNavigateToLogin" finished-at="2025-05-31T22:50:40 WIB" duration-ms="6615" status="PASS">
          <reporter-output>
          </reporter-output>
        </test-method> <!-- testNavigateToLogin -->
        <test-method is-config="true" signature="afterMethod(org.testng.ITestResult)[pri:0, instance:com.elektronicare.tests.RegisterTest@6cf0e0ba]" started-at="2025-05-31T22:50:40 WIB" name="afterMethod" finished-at="2025-05-31T22:50:41 WIB" duration-ms="682" status="PASS">
          <params>
            <param index="0">
              <value>
                <![CDATA[[TestResult name=testNavigateToLogin status=SUCCESS method=RegisterTest.testNavigateToLogin()[pri:8, instance:com.elektronicare.tests.RegisterTest@6cf0e0ba] output={null}]]]>
              </value>
            </param>
          </params>
          <reporter-output>
          </reporter-output>
        </test-method> <!-- afterMethod -->
        <test-method is-config="true" signature="beforeMethod()[pri:0, instance:com.elektronicare.tests.RegisterTest@6cf0e0ba]" started-at="2025-05-31T22:50:41 WIB" name="beforeMethod" finished-at="2025-05-31T22:50:50 WIB" duration-ms="8912" status="PASS">
          <reporter-output>
          </reporter-output>
        </test-method> <!-- beforeMethod -->
        <test-method signature="testBackNavigation()[pri:9, instance:com.elektronicare.tests.RegisterTest@6cf0e0ba]" started-at="2025-05-31T22:50:50 WIB" name="testBackNavigation" finished-at="2025-05-31T22:50:55 WIB" duration-ms="5561" status="PASS">
          <reporter-output>
          </reporter-output>
        </test-method> <!-- testBackNavigation -->
        <test-method is-config="true" signature="afterMethod(org.testng.ITestResult)[pri:0, instance:com.elektronicare.tests.RegisterTest@6cf0e0ba]" started-at="2025-05-31T22:50:55 WIB" name="afterMethod" finished-at="2025-05-31T22:50:56 WIB" duration-ms="570" status="PASS">
          <params>
            <param index="0">
              <value>
                <![CDATA[[TestResult name=testBackNavigation status=SUCCESS method=RegisterTest.testBackNavigation()[pri:9, instance:com.elektronicare.tests.RegisterTest@6cf0e0ba] output={null}]]]>
              </value>
            </param>
          </params>
          <reporter-output>
          </reporter-output>
        </test-method> <!-- afterMethod -->
        <test-method is-config="true" signature="beforeMethod()[pri:0, instance:com.elektronicare.tests.RegisterTest@6cf0e0ba]" started-at="2025-05-31T22:50:56 WIB" name="beforeMethod" finished-at="2025-05-31T22:51:04 WIB" duration-ms="7998" status="PASS">
          <reporter-output>
          </reporter-output>
        </test-method> <!-- beforeMethod -->
        <test-method signature="testGoogleSignInButton()[pri:10, instance:com.elektronicare.tests.RegisterTest@6cf0e0ba]" started-at="2025-05-31T22:51:04 WIB" name="testGoogleSignInButton" finished-at="2025-05-31T22:51:09 WIB" duration-ms="5769" status="PASS">
          <reporter-output>
          </reporter-output>
        </test-method> <!-- testGoogleSignInButton -->
        <test-method is-config="true" signature="afterMethod(org.testng.ITestResult)[pri:0, instance:com.elektronicare.tests.RegisterTest@6cf0e0ba]" started-at="2025-05-31T22:51:09 WIB" name="afterMethod" finished-at="2025-05-31T22:51:10 WIB" duration-ms="621" status="PASS">
          <params>
            <param index="0">
              <value>
                <![CDATA[[TestResult name=testGoogleSignInButton status=SUCCESS method=RegisterTest.testGoogleSignInButton()[pri:10, instance:com.elektronicare.tests.RegisterTest@6cf0e0ba] output={null}]]]>
              </value>
            </param>
          </params>
          <reporter-output>
          </reporter-output>
        </test-method> <!-- afterMethod -->
        <test-method is-config="true" signature="beforeMethod()[pri:0, instance:com.elektronicare.tests.RegisterTest@6cf0e0ba]" started-at="2025-05-31T22:51:10 WIB" name="beforeMethod" finished-at="2025-05-31T22:51:19 WIB" duration-ms="9047" status="PASS">
          <reporter-output>
          </reporter-output>
        </test-method> <!-- beforeMethod -->
        <test-method signature="testPhoneNumberFormatting()[pri:11, instance:com.elektronicare.tests.RegisterTest@6cf0e0ba]" started-at="2025-05-31T22:51:19 WIB" name="testPhoneNumberFormatting" finished-at="2025-05-31T22:51:26 WIB" duration-ms="7288" status="PASS">
          <reporter-output>
          </reporter-output>
        </test-method> <!-- testPhoneNumberFormatting -->
        <test-method is-config="true" signature="afterMethod(org.testng.ITestResult)[pri:0, instance:com.elektronicare.tests.RegisterTest@6cf0e0ba]" started-at="2025-05-31T22:51:26 WIB" name="afterMethod" finished-at="2025-05-31T22:51:27 WIB" duration-ms="719" status="PASS">
          <params>
            <param index="0">
              <value>
                <![CDATA[[TestResult name=testPhoneNumberFormatting status=SUCCESS method=RegisterTest.testPhoneNumberFormatting()[pri:11, instance:com.elektronicare.tests.RegisterTest@6cf0e0ba] output={null}]]]>
              </value>
            </param>
          </params>
          <reporter-output>
          </reporter-output>
        </test-method> <!-- afterMethod -->
      </class> <!-- com.elektronicare.tests.RegisterTest -->
      <class name="com.elektronicare.tests.OnboardingTest">
        <test-method is-config="true" signature="beforeMethod()[pri:0, instance:com.elektronicare.tests.OnboardingTest@55183b20]" started-at="2025-05-31T22:45:38 WIB" name="beforeMethod" finished-at="2025-05-31T22:45:46 WIB" duration-ms="8721" status="PASS">
          <reporter-output>
          </reporter-output>
        </test-method> <!-- beforeMethod -->
        <test-method signature="testOnboardingPageDisplay()[pri:1, instance:com.elektronicare.tests.OnboardingTest@55183b20]" started-at="2025-05-31T22:45:46 WIB" name="testOnboardingPageDisplay" finished-at="2025-05-31T22:45:47 WIB" duration-ms="977" status="PASS">
          <reporter-output>
          </reporter-output>
        </test-method> <!-- testOnboardingPageDisplay -->
        <test-method is-config="true" signature="afterMethod(org.testng.ITestResult)[pri:0, instance:com.elektronicare.tests.OnboardingTest@55183b20]" started-at="2025-05-31T22:45:47 WIB" name="afterMethod" finished-at="2025-05-31T22:45:48 WIB" duration-ms="545" status="PASS">
          <params>
            <param index="0">
              <value>
                <![CDATA[[TestResult name=testOnboardingPageDisplay status=SUCCESS method=OnboardingTest.testOnboardingPageDisplay()[pri:1, instance:com.elektronicare.tests.OnboardingTest@55183b20] output={null}]]]>
              </value>
            </param>
          </params>
          <reporter-output>
          </reporter-output>
        </test-method> <!-- afterMethod -->
        <test-method is-config="true" signature="beforeMethod()[pri:0, instance:com.elektronicare.tests.OnboardingTest@55183b20]" started-at="2025-05-31T22:45:48 WIB" name="beforeMethod" finished-at="2025-05-31T22:45:56 WIB" duration-ms="7845" status="PASS">
          <reporter-output>
          </reporter-output>
        </test-method> <!-- beforeMethod -->
        <test-method signature="testOnboardingNavigation()[pri:2, instance:com.elektronicare.tests.OnboardingTest@55183b20]" started-at="2025-05-31T22:45:56 WIB" name="testOnboardingNavigation" finished-at="2025-05-31T22:46:08 WIB" duration-ms="12559" status="PASS">
          <reporter-output>
          </reporter-output>
        </test-method> <!-- testOnboardingNavigation -->
        <test-method is-config="true" signature="afterMethod(org.testng.ITestResult)[pri:0, instance:com.elektronicare.tests.OnboardingTest@55183b20]" started-at="2025-05-31T22:46:08 WIB" name="afterMethod" finished-at="2025-05-31T22:46:09 WIB" duration-ms="728" status="PASS">
          <params>
            <param index="0">
              <value>
                <![CDATA[[TestResult name=testOnboardingNavigation status=SUCCESS method=OnboardingTest.testOnboardingNavigation()[pri:2, instance:com.elektronicare.tests.OnboardingTest@55183b20] output={null}]]]>
              </value>
            </param>
          </params>
          <reporter-output>
          </reporter-output>
        </test-method> <!-- afterMethod -->
        <test-method is-config="true" signature="beforeMethod()[pri:0, instance:com.elektronicare.tests.OnboardingTest@55183b20]" started-at="2025-05-31T22:46:09 WIB" name="beforeMethod" finished-at="2025-05-31T22:46:17 WIB" duration-ms="8002" status="PASS">
          <reporter-output>
          </reporter-output>
        </test-method> <!-- beforeMethod -->
        <test-method signature="testOnboardingSkip()[pri:3, instance:com.elektronicare.tests.OnboardingTest@55183b20]" started-at="2025-05-31T22:46:17 WIB" name="testOnboardingSkip" finished-at="2025-05-31T22:46:18 WIB" duration-ms="1504" status="PASS">
          <reporter-output>
          </reporter-output>
        </test-method> <!-- testOnboardingSkip -->
        <test-method is-config="true" signature="afterMethod(org.testng.ITestResult)[pri:0, instance:com.elektronicare.tests.OnboardingTest@55183b20]" started-at="2025-05-31T22:46:18 WIB" name="afterMethod" finished-at="2025-05-31T22:46:19 WIB" duration-ms="694" status="PASS">
          <params>
            <param index="0">
              <value>
                <![CDATA[[TestResult name=testOnboardingSkip status=SUCCESS method=OnboardingTest.testOnboardingSkip()[pri:3, instance:com.elektronicare.tests.OnboardingTest@55183b20] output={null}]]]>
              </value>
            </param>
          </params>
          <reporter-output>
          </reporter-output>
        </test-method> <!-- afterMethod -->
        <test-method is-config="true" signature="beforeMethod()[pri:0, instance:com.elektronicare.tests.OnboardingTest@55183b20]" started-at="2025-05-31T22:46:19 WIB" name="beforeMethod" finished-at="2025-05-31T22:46:27 WIB" duration-ms="8199" status="PASS">
          <reporter-output>
          </reporter-output>
        </test-method> <!-- beforeMethod -->
        <test-method signature="testOnboardingComplete()[pri:4, instance:com.elektronicare.tests.OnboardingTest@55183b20]" started-at="2025-05-31T22:46:27 WIB" name="testOnboardingComplete" finished-at="2025-05-31T22:46:31 WIB" duration-ms="3737" status="PASS">
          <reporter-output>
          </reporter-output>
        </test-method> <!-- testOnboardingComplete -->
        <test-method is-config="true" signature="afterMethod(org.testng.ITestResult)[pri:0, instance:com.elektronicare.tests.OnboardingTest@55183b20]" started-at="2025-05-31T22:46:31 WIB" name="afterMethod" finished-at="2025-05-31T22:46:32 WIB" duration-ms="701" status="PASS">
          <params>
            <param index="0">
              <value>
                <![CDATA[[TestResult name=testOnboardingComplete status=SUCCESS method=OnboardingTest.testOnboardingComplete()[pri:4, instance:com.elektronicare.tests.OnboardingTest@55183b20] output={null}]]]>
              </value>
            </param>
          </params>
          <reporter-output>
          </reporter-output>
        </test-method> <!-- afterMethod -->
      </class> <!-- com.elektronicare.tests.OnboardingTest -->
      <class name="com.elektronicare.tests.HistoryTest">
        <test-method is-config="true" signature="beforeMethod()[pri:0, instance:com.elektronicare.tests.HistoryTest@4c371370]" started-at="2025-05-31T23:02:50 WIB" name="beforeMethod" finished-at="2025-05-31T23:02:58 WIB" duration-ms="7981" status="PASS">
          <reporter-output>
          </reporter-output>
        </test-method> <!-- beforeMethod -->
        <test-method is-config="true" signature="navigateToHistory()[pri:0, instance:com.elektronicare.tests.HistoryTest@4c371370]" started-at="2025-05-31T23:02:58 WIB" name="navigateToHistory" finished-at="2025-05-31T23:03:14 WIB" duration-ms="16289" status="PASS">
          <reporter-output>
          </reporter-output>
        </test-method> <!-- navigateToHistory -->
        <test-method signature="testHistoryPageElements()[pri:1, instance:com.elektronicare.tests.HistoryTest@4c371370]" started-at="2025-05-31T23:03:14 WIB" name="testHistoryPageElements" description="Verify history page elements" finished-at="2025-05-31T23:03:27 WIB" duration-ms="13022" status="PASS">
          <reporter-output>
          </reporter-output>
        </test-method> <!-- testHistoryPageElements -->
        <test-method is-config="true" signature="afterMethod(org.testng.ITestResult)[pri:0, instance:com.elektronicare.tests.HistoryTest@4c371370]" started-at="2025-05-31T23:03:27 WIB" name="afterMethod" finished-at="2025-05-31T23:03:28 WIB" duration-ms="690" status="PASS">
          <params>
            <param index="0">
              <value>
                <![CDATA[[TestResult name=testHistoryPageElements status=SUCCESS method=HistoryTest.testHistoryPageElements()[pri:1, instance:com.elektronicare.tests.HistoryTest@4c371370] output={null}]]]>
              </value>
            </param>
          </params>
          <reporter-output>
          </reporter-output>
        </test-method> <!-- afterMethod -->
        <test-method is-config="true" signature="beforeMethod()[pri:0, instance:com.elektronicare.tests.HistoryTest@4c371370]" started-at="2025-05-31T23:03:28 WIB" name="beforeMethod" finished-at="2025-05-31T23:03:36 WIB" duration-ms="8069" status="PASS">
          <reporter-output>
          </reporter-output>
        </test-method> <!-- beforeMethod -->
        <test-method is-config="true" signature="navigateToHistory()[pri:0, instance:com.elektronicare.tests.HistoryTest@4c371370]" started-at="2025-05-31T23:03:36 WIB" name="navigateToHistory" finished-at="2025-05-31T23:03:51 WIB" duration-ms="15110" status="PASS">
          <reporter-output>
          </reporter-output>
        </test-method> <!-- navigateToHistory -->
        <test-method signature="testNavigationFunctionality()[pri:2, instance:com.elektronicare.tests.HistoryTest@4c371370]" started-at="2025-05-31T23:03:51 WIB" name="testNavigationFunctionality" description="Test navigation functionality" finished-at="2025-05-31T23:04:06 WIB" duration-ms="14563" status="PASS">
          <reporter-output>
          </reporter-output>
        </test-method> <!-- testNavigationFunctionality -->
        <test-method is-config="true" signature="afterMethod(org.testng.ITestResult)[pri:0, instance:com.elektronicare.tests.HistoryTest@4c371370]" started-at="2025-05-31T23:04:06 WIB" name="afterMethod" finished-at="2025-05-31T23:04:06 WIB" duration-ms="733" status="PASS">
          <params>
            <param index="0">
              <value>
                <![CDATA[[TestResult name=testNavigationFunctionality status=SUCCESS method=HistoryTest.testNavigationFunctionality()[pri:2, instance:com.elektronicare.tests.HistoryTest@4c371370] output={null}]]]>
              </value>
            </param>
          </params>
          <reporter-output>
          </reporter-output>
        </test-method> <!-- afterMethod -->
        <test-method is-config="true" signature="beforeMethod()[pri:0, instance:com.elektronicare.tests.HistoryTest@4c371370]" started-at="2025-05-31T23:04:06 WIB" name="beforeMethod" finished-at="2025-05-31T23:04:14 WIB" duration-ms="8034" status="PASS">
          <reporter-output>
          </reporter-output>
        </test-method> <!-- beforeMethod -->
        <test-method is-config="true" signature="navigateToHistory()[pri:0, instance:com.elektronicare.tests.HistoryTest@4c371370]" started-at="2025-05-31T23:04:14 WIB" name="navigateToHistory" finished-at="2025-05-31T23:04:30 WIB" duration-ms="16039" status="PASS">
          <reporter-output>
          </reporter-output>
        </test-method> <!-- navigateToHistory -->
        <test-method signature="testHistoryItemInteraction()[pri:3, instance:com.elektronicare.tests.HistoryTest@4c371370]" started-at="2025-05-31T23:04:30 WIB" name="testHistoryItemInteraction" description="Test history item interaction" finished-at="2025-05-31T23:04:40 WIB" duration-ms="9693" status="PASS">
          <reporter-output>
          </reporter-output>
        </test-method> <!-- testHistoryItemInteraction -->
        <test-method is-config="true" signature="afterMethod(org.testng.ITestResult)[pri:0, instance:com.elektronicare.tests.HistoryTest@4c371370]" started-at="2025-05-31T23:04:40 WIB" name="afterMethod" finished-at="2025-05-31T23:04:41 WIB" duration-ms="720" status="PASS">
          <params>
            <param index="0">
              <value>
                <![CDATA[[TestResult name=testHistoryItemInteraction status=SUCCESS method=HistoryTest.testHistoryItemInteraction()[pri:3, instance:com.elektronicare.tests.HistoryTest@4c371370] output={null}]]]>
              </value>
            </param>
          </params>
          <reporter-output>
          </reporter-output>
        </test-method> <!-- afterMethod -->
        <test-method is-config="true" signature="beforeMethod()[pri:0, instance:com.elektronicare.tests.HistoryTest@4c371370]" started-at="2025-05-31T23:04:41 WIB" name="beforeMethod" finished-at="2025-05-31T23:04:49 WIB" duration-ms="7928" status="PASS">
          <reporter-output>
          </reporter-output>
        </test-method> <!-- beforeMethod -->
        <test-method is-config="true" signature="navigateToHistory()[pri:0, instance:com.elektronicare.tests.HistoryTest@4c371370]" started-at="2025-05-31T23:04:49 WIB" name="navigateToHistory" finished-at="2025-05-31T23:05:08 WIB" duration-ms="19084" status="PASS">
          <reporter-output>
          </reporter-output>
        </test-method> <!-- navigateToHistory -->
        <test-method signature="testBackButton()[pri:4, instance:com.elektronicare.tests.HistoryTest@4c371370]" started-at="2025-05-31T23:05:08 WIB" name="testBackButton" description="Test back button functionality" finished-at="2025-05-31T23:05:13 WIB" duration-ms="4648" status="PASS">
          <reporter-output>
          </reporter-output>
        </test-method> <!-- testBackButton -->
        <test-method is-config="true" signature="afterMethod(org.testng.ITestResult)[pri:0, instance:com.elektronicare.tests.HistoryTest@4c371370]" started-at="2025-05-31T23:05:13 WIB" name="afterMethod" finished-at="2025-05-31T23:05:13 WIB" duration-ms="754" status="PASS">
          <params>
            <param index="0">
              <value>
                <![CDATA[[TestResult name=testBackButton status=SUCCESS method=HistoryTest.testBackButton()[pri:4, instance:com.elektronicare.tests.HistoryTest@4c371370] output={null}]]]>
              </value>
            </param>
          </params>
          <reporter-output>
          </reporter-output>
        </test-method> <!-- afterMethod -->
        <test-method is-config="true" signature="beforeMethod()[pri:0, instance:com.elektronicare.tests.HistoryTest@4c371370]" started-at="2025-05-31T23:05:13 WIB" name="beforeMethod" finished-at="2025-05-31T23:05:21 WIB" duration-ms="8000" status="PASS">
          <reporter-output>
          </reporter-output>
        </test-method> <!-- beforeMethod -->
        <test-method is-config="true" signature="navigateToHistory()[pri:0, instance:com.elektronicare.tests.HistoryTest@4c371370]" started-at="2025-05-31T23:05:21 WIB" name="navigateToHistory" finished-at="2025-05-31T23:05:37 WIB" duration-ms="15452" status="PASS">
          <reporter-output>
          </reporter-output>
        </test-method> <!-- navigateToHistory -->
        <test-method signature="testHistoryPageLoading()[pri:5, instance:com.elektronicare.tests.HistoryTest@4c371370]" started-at="2025-05-31T23:05:37 WIB" name="testHistoryPageLoading" description="Test history page loading" finished-at="2025-05-31T23:05:49 WIB" duration-ms="12516" status="PASS">
          <reporter-output>
          </reporter-output>
        </test-method> <!-- testHistoryPageLoading -->
        <test-method is-config="true" signature="afterMethod(org.testng.ITestResult)[pri:0, instance:com.elektronicare.tests.HistoryTest@4c371370]" started-at="2025-05-31T23:05:49 WIB" name="afterMethod" finished-at="2025-05-31T23:05:50 WIB" duration-ms="734" status="PASS">
          <params>
            <param index="0">
              <value>
                <![CDATA[[TestResult name=testHistoryPageLoading status=SUCCESS method=HistoryTest.testHistoryPageLoading()[pri:5, instance:com.elektronicare.tests.HistoryTest@4c371370] output={null}]]]>
              </value>
            </param>
          </params>
          <reporter-output>
          </reporter-output>
        </test-method> <!-- afterMethod -->
        <test-method is-config="true" signature="beforeMethod()[pri:0, instance:com.elektronicare.tests.HistoryTest@4c371370]" started-at="2025-05-31T23:05:50 WIB" name="beforeMethod" finished-at="2025-05-31T23:05:58 WIB" duration-ms="8066" status="PASS">
          <reporter-output>
          </reporter-output>
        </test-method> <!-- beforeMethod -->
        <test-method is-config="true" signature="navigateToHistory()[pri:0, instance:com.elektronicare.tests.HistoryTest@4c371370]" started-at="2025-05-31T23:05:58 WIB" name="navigateToHistory" finished-at="2025-05-31T23:06:13 WIB" duration-ms="15203" status="PASS">
          <reporter-output>
          </reporter-output>
        </test-method> <!-- navigateToHistory -->
        <test-method signature="testHistoryDataValidation()[pri:6, instance:com.elektronicare.tests.HistoryTest@4c371370]" started-at="2025-05-31T23:06:13 WIB" name="testHistoryDataValidation" description="Test history data validation" finished-at="2025-05-31T23:06:23 WIB" duration-ms="9538" status="PASS">
          <reporter-output>
          </reporter-output>
        </test-method> <!-- testHistoryDataValidation -->
        <test-method is-config="true" signature="afterMethod(org.testng.ITestResult)[pri:0, instance:com.elektronicare.tests.HistoryTest@4c371370]" started-at="2025-05-31T23:06:23 WIB" name="afterMethod" finished-at="2025-05-31T23:06:24 WIB" duration-ms="732" status="PASS">
          <params>
            <param index="0">
              <value>
                <![CDATA[[TestResult name=testHistoryDataValidation status=SUCCESS method=HistoryTest.testHistoryDataValidation()[pri:6, instance:com.elektronicare.tests.HistoryTest@4c371370] output={null}]]]>
              </value>
            </param>
          </params>
          <reporter-output>
          </reporter-output>
        </test-method> <!-- afterMethod -->
      </class> <!-- com.elektronicare.tests.HistoryTest -->
      <class name="com.elektronicare.tests.ServicesTest">
        <test-method is-config="true" signature="beforeMethod()[pri:0, instance:com.elektronicare.tests.ServicesTest@799f10e1]" started-at="2025-05-31T22:55:21 WIB" name="beforeMethod" finished-at="2025-05-31T22:55:29 WIB" duration-ms="8081" status="PASS">
          <reporter-output>
          </reporter-output>
        </test-method> <!-- beforeMethod -->
        <test-method signature="testServicesPageDisplay()[pri:1, instance:com.elektronicare.tests.ServicesTest@799f10e1]" started-at="2025-05-31T22:55:29 WIB" name="testServicesPageDisplay" finished-at="2025-05-31T23:00:27 WIB" duration-ms="297339" status="FAIL">
          <exception class="java.lang.StackOverflowError">
            <full-stacktrace>
              <![CDATA[java.lang.StackOverflowError
at com.elektronicare.pages.ServicesPage.areServicesDisplayed(ServicesPage.java:274)
at com.elektronicare.pages.ServicesPage.lambda$waitForServicesToLoad$0(ServicesPage.java:115)
at org.openqa.selenium.support.ui.FluentWait.until(FluentWait.java:203)
at com.elektronicare.pages.ServicesPage.waitForServicesToLoad(ServicesPage.java:112)
at com.elektronicare.pages.ServicesPage.getServicesCount(ServicesPage.java:330)
at com.elektronicare.pages.ServicesPage.areServicesDisplayed(ServicesPage.java:272)
at com.elektronicare.pages.ServicesPage.lambda$waitForServicesToLoad$0(ServicesPage.java:115)
at org.openqa.selenium.support.ui.FluentWait.until(FluentWait.java:203)
at com.elektronicare.pages.ServicesPage.waitForServicesToLoad(ServicesPage.java:112)
at com.elektronicare.pages.ServicesPage.getServicesCount(ServicesPage.java:330)
at com.elektronicare.pages.ServicesPage.areServicesDisplayed(ServicesPage.java:272)
at com.elektronicare.pages.ServicesPage.lambda$waitForServicesToLoad$0(ServicesPage.java:115)
at org.openqa.selenium.support.ui.FluentWait.until(FluentWait.java:203)
at com.elektronicare.pages.ServicesPage.waitForServicesToLoad(ServicesPage.java:112)
at com.elektronicare.pages.ServicesPage.getServicesCount(ServicesPage.java:330)
at com.elektronicare.pages.ServicesPage.areServicesDisplayed(ServicesPage.java:272)
at com.elektronicare.pages.ServicesPage.lambda$waitForServicesToLoad$0(ServicesPage.java:115)
at org.openqa.selenium.support.ui.FluentWait.until(FluentWait.java:203)
at com.elektronicare.pages.ServicesPage.waitForServicesToLoad(ServicesPage.java:112)
at com.elektronicare.pages.ServicesPage.getServicesCount(ServicesPage.java:330)
at com.elektronicare.pages.ServicesPage.areServicesDisplayed(ServicesPage.java:272)
at com.elektronicare.pages.ServicesPage.lambda$waitForServicesToLoad$0(ServicesPage.java:115)
at org.openqa.selenium.support.ui.FluentWait.until(FluentWait.java:203)
at com.elektronicare.pages.ServicesPage.waitForServicesToLoad(ServicesPage.java:112)
at com.elektronicare.pages.ServicesPage.getServicesCount(ServicesPage.java:330)
at com.elektronicare.pages.ServicesPage.areServicesDisplayed(ServicesPage.java:272)
at com.elektronicare.pages.ServicesPage.lambda$waitForServicesToLoad$0(ServicesPage.java:115)
at org.openqa.selenium.support.ui.FluentWait.until(FluentWait.java:203)
at com.elektronicare.pages.ServicesPage.waitForServicesToLoad(ServicesPage.java:112)
at com.elektronicare.pages.ServicesPage.getServicesCount(ServicesPage.java:330)
at com.elektronicare.pages.ServicesPage.areServicesDisplayed(ServicesPage.java:272)
at com.elektronicare.pages.ServicesPage.lambda$waitForServicesToLoad$0(ServicesPage.java:115)
at org.openqa.selenium.support.ui.FluentWait.until(FluentWait.java:203)
at com.elektronicare.pages.ServicesPage.waitForServicesToLoad(ServicesPage.java:112)
at com.elektronicare.pages.ServicesPage.getServicesCount(ServicesPage.java:330)
at com.elektronicare.pages.ServicesPage.areServicesDisplayed(ServicesPage.java:272)
at com.elektronicare.pages.ServicesPage.lambda$waitForServicesToLoad$0(ServicesPage.java:115)
at org.openqa.selenium.support.ui.FluentWait.until(FluentWait.java:203)
at com.elektronicare.pages.ServicesPage.waitForServicesToLoad(ServicesPage.java:112)
at com.elektronicare.pages.ServicesPage.getServicesCount(ServicesPage.java:330)
at com.elektronicare.pages.ServicesPage.areServicesDisplayed(ServicesPage.java:272)
at com.elektronicare.pages.ServicesPage.lambda$waitForServicesToLoad$0(ServicesPage.java:115)
at org.openqa.selenium.support.ui.FluentWait.until(FluentWait.java:203)
at com.elektronicare.pages.ServicesPage.waitForServicesToLoad(ServicesPage.java:112)
at com.elektronicare.pages.ServicesPage.getServicesCount(ServicesPage.java:330)
at com.elektronicare.pages.ServicesPage.areServicesDisplayed(ServicesPage.java:272)
at com.elektronicare.pages.ServicesPage.lambda$waitForServicesToLoad$0(ServicesPage.java:115)
at org.openqa.selenium.support.ui.FluentWait.until(FluentWait.java:203)
at com.elektronicare.pages.ServicesPage.waitForServicesToLoad(ServicesPage.java:112)
at com.elektronicare.pages.ServicesPage.getServicesCount(ServicesPage.java:330)
at com.elektronicare.pages.ServicesPage.areServicesDisplayed(ServicesPage.java:272)
at com.elektronicare.pages.ServicesPage.lambda$waitForServicesToLoad$0(ServicesPage.java:115)
at org.openqa.selenium.support.ui.FluentWait.until(FluentWait.java:203)
at com.elektronicare.pages.ServicesPage.waitForServicesToLoad(ServicesPage.java:112)
at com.elektronicare.pages.ServicesPage.getServicesCount(ServicesPage.java:330)
at com.elektronicare.pages.ServicesPage.areServicesDisplayed(ServicesPage.java:272)
at com.elektronicare.pages.ServicesPage.lambda$waitForServicesToLoad$0(ServicesPage.java:115)
at org.openqa.selenium.support.ui.FluentWait.until(FluentWait.java:203)
at com.elektronicare.pages.ServicesPage.waitForServicesToLoad(ServicesPage.java:112)
at com.elektronicare.pages.ServicesPage.getServicesCount(ServicesPage.java:330)
at com.elektronicare.pages.ServicesPage.areServicesDisplayed(ServicesPage.java:272)
at com.elektronicare.pages.ServicesPage.lambda$waitForServicesToLoad$0(ServicesPage.java:115)
at org.openqa.selenium.support.ui.FluentWait.until(FluentWait.java:203)
at com.elektronicare.pages.ServicesPage.waitForServicesToLoad(ServicesPage.java:112)
at com.elektronicare.pages.ServicesPage.getServicesCount(ServicesPage.java:330)
at com.elektronicare.pages.ServicesPage.areServicesDisplayed(ServicesPage.java:272)
at com.elektronicare.pages.ServicesPage.lambda$waitForServicesToLoad$0(ServicesPage.java:115)
at org.openqa.selenium.support.ui.FluentWait.until(FluentWait.java:203)
at com.elektronicare.pages.ServicesPage.waitForServicesToLoad(ServicesPage.java:112)
at com.elektronicare.pages.ServicesPage.getServicesCount(ServicesPage.java:330)
at com.elektronicare.pages.ServicesPage.areServicesDisplayed(ServicesPage.java:272)
at com.elektronicare.pages.ServicesPage.lambda$waitForServicesToLoad$0(ServicesPage.java:115)
at org.openqa.selenium.support.ui.FluentWait.until(FluentWait.java:203)
at com.elektronicare.pages.ServicesPage.waitForServicesToLoad(ServicesPage.java:112)
at com.elektronicare.pages.ServicesPage.getServicesCount(ServicesPage.java:330)
at com.elektronicare.pages.ServicesPage.areServicesDisplayed(ServicesPage.java:272)
at com.elektronicare.pages.ServicesPage.lambda$waitForServicesToLoad$0(ServicesPage.java:115)
at org.openqa.selenium.support.ui.FluentWait.until(FluentWait.java:203)
at com.elektronicare.pages.ServicesPage.waitForServicesToLoad(ServicesPage.java:112)
at com.elektronicare.pages.ServicesPage.getServicesCount(ServicesPage.java:330)
at com.elektronicare.pages.ServicesPage.areServicesDisplayed(ServicesPage.java:272)
at com.elektronicare.pages.ServicesPage.lambda$waitForServicesToLoad$0(ServicesPage.java:115)
at org.openqa.selenium.support.ui.FluentWait.until(FluentWait.java:203)
at com.elektronicare.pages.ServicesPage.waitForServicesToLoad(ServicesPage.java:112)
at com.elektronicare.pages.ServicesPage.getServicesCount(ServicesPage.java:330)
at com.elektronicare.pages.ServicesPage.areServicesDisplayed(ServicesPage.java:272)
at com.elektronicare.pages.ServicesPage.lambda$waitForServicesToLoad$0(ServicesPage.java:115)
at org.openqa.selenium.support.ui.FluentWait.until(FluentWait.java:203)
at com.elektronicare.pages.ServicesPage.waitForServicesToLoad(ServicesPage.java:112)
at com.elektronicare.pages.ServicesPage.getServicesCount(ServicesPage.java:330)
at com.elektronicare.pages.ServicesPage.areServicesDisplayed(ServicesPage.java:272)
at com.elektronicare.pages.ServicesPage.lambda$waitForServicesToLoad$0(ServicesPage.java:115)
at org.openqa.selenium.support.ui.FluentWait.until(FluentWait.java:203)
at com.elektronicare.pages.ServicesPage.waitForServicesToLoad(ServicesPage.java:112)
at com.elektronicare.pages.ServicesPage.getServicesCount(ServicesPage.java:330)
at com.elektronicare.pages.ServicesPage.areServicesDisplayed(ServicesPage.java:272)
at com.elektronicare.pages.ServicesPage.lambda$waitForServicesToLoad$0(ServicesPage.java:115)
at org.openqa.selenium.support.ui.FluentWait.until(FluentWait.java:203)
at com.elektronicare.pages.ServicesPage.waitForServicesToLoad(ServicesPage.java:112)
at com.elektronicare.pages.ServicesPage.getServicesCount(ServicesPage.java:330)
at com.elektronicare.pages.ServicesPage.areServicesDisplayed(ServicesPage.java:272)
at com.elektronicare.pages.ServicesPage.lambda$waitForServicesToLoad$0(ServicesPage.java:115)
at org.openqa.selenium.support.ui.FluentWait.until(FluentWait.java:203)
at com.elektronicare.pages.ServicesPage.waitForServicesToLoad(ServicesPage.java:112)
at com.elektronicare.pages.ServicesPage.getServicesCount(ServicesPage.java:330)
at com.elektronicare.pages.ServicesPage.areServicesDisplayed(ServicesPage.java:272)
at com.elektronicare.pages.ServicesPage.lambda$waitForServicesToLoad$0(ServicesPage.java:115)
at org.openqa.selenium.support.ui.FluentWait.until(FluentWait.java:203)
at com.elektronicare.pages.ServicesPage.waitForServicesToLoad(ServicesPage.java:112)
at com.elektronicare.pages.ServicesPage.getServicesCount(ServicesPage.java:330)
at com.elektronicare.pages.ServicesPage.areServicesDisplayed(ServicesPage.java:272)
at com.elektronicare.pages.ServicesPage.lambda$waitForServicesToLoad$0(ServicesPage.java:115)
at org.openqa.selenium.support.ui.FluentWait.until(FluentWait.java:203)
at com.elektronicare.pages.ServicesPage.waitForServicesToLoad(ServicesPage.java:112)
at com.elektronicare.pages.ServicesPage.getServicesCount(ServicesPage.java:330)
at com.elektronicare.pages.ServicesPage.areServicesDisplayed(ServicesPage.java:272)
at com.elektronicare.pages.ServicesPage.lambda$waitForServicesToLoad$0(ServicesPage.java:115)
at org.openqa.selenium.support.ui.FluentWait.until(FluentWait.java:203)
at com.elektronicare.pages.ServicesPage.waitForServicesToLoad(ServicesPage.java:112)
at com.elektronicare.pages.ServicesPage.getServicesCount(ServicesPage.java:330)
at com.elektronicare.pages.ServicesPage.areServicesDisplayed(ServicesPage.java:272)
at com.elektronicare.pages.ServicesPage.lambda$waitForServicesToLoad$0(ServicesPage.java:115)
at org.openqa.selenium.support.ui.FluentWait.until(FluentWait.java:203)
at com.elektronicare.pages.ServicesPage.waitForServicesToLoad(ServicesPage.java:112)
at com.elektronicare.pages.ServicesPage.getServicesCount(ServicesPage.java:330)
at com.elektronicare.pages.ServicesPage.areServicesDisplayed(ServicesPage.java:272)
at com.elektronicare.pages.ServicesPage.lambda$waitForServicesToLoad$0(ServicesPage.java:115)
at org.openqa.selenium.support.ui.FluentWait.until(FluentWait.java:203)
at com.elektronicare.pages.ServicesPage.waitForServicesToLoad(ServicesPage.java:112)
at com.elektronicare.pages.ServicesPage.getServicesCount(ServicesPage.java:330)
at com.elektronicare.pages.ServicesPage.areServicesDisplayed(ServicesPage.java:272)
at com.elektronicare.pages.ServicesPage.lambda$waitForServicesToLoad$0(ServicesPage.java:115)
at org.openqa.selenium.support.ui.FluentWait.until(FluentWait.java:203)
at com.elektronicare.pages.ServicesPage.waitForServicesToLoad(ServicesPage.java:112)
at com.elektronicare.pages.ServicesPage.getServicesCount(ServicesPage.java:330)
at com.elektronicare.pages.ServicesPage.areServicesDisplayed(ServicesPage.java:272)
at com.elektronicare.pages.ServicesPage.lambda$waitForServicesToLoad$0(ServicesPage.java:115)
at org.openqa.selenium.support.ui.FluentWait.until(FluentWait.java:203)
at com.elektronicare.pages.ServicesPage.waitForServicesToLoad(ServicesPage.java:112)
at com.elektronicare.pages.ServicesPage.getServicesCount(ServicesPage.java:330)
at com.elektronicare.pages.ServicesPage.areServicesDisplayed(ServicesPage.java:272)
at com.elektronicare.pages.ServicesPage.lambda$waitForServicesToLoad$0(ServicesPage.java:115)
at org.openqa.selenium.support.ui.FluentWait.until(FluentWait.java:203)
at com.elektronicare.pages.ServicesPage.waitForServicesToLoad(ServicesPage.java:112)
at com.elektronicare.pages.ServicesPage.getServicesCount(ServicesPage.java:330)
at com.elektronicare.pages.ServicesPage.areServicesDisplayed(ServicesPage.java:272)
at com.elektronicare.pages.ServicesPage.lambda$waitForServicesToLoad$0(ServicesPage.java:115)
at org.openqa.selenium.support.ui.FluentWait.until(FluentWait.java:203)
at com.elektronicare.pages.ServicesPage.waitForServicesToLoad(ServicesPage.java:112)
at com.elektronicare.pages.ServicesPage.getServicesCount(ServicesPage.java:330)
at com.elektronicare.pages.ServicesPage.areServicesDisplayed(ServicesPage.java:272)
at com.elektronicare.pages.ServicesPage.lambda$waitForServicesToLoad$0(ServicesPage.java:115)
at org.openqa.selenium.support.ui.FluentWait.until(FluentWait.java:203)
at com.elektronicare.pages.ServicesPage.waitForServicesToLoad(ServicesPage.java:112)
at com.elektronicare.pages.ServicesPage.getServicesCount(ServicesPage.java:330)
at com.elektronicare.pages.ServicesPage.areServicesDisplayed(ServicesPage.java:272)
at com.elektronicare.pages.ServicesPage.lambda$waitForServicesToLoad$0(ServicesPage.java:115)
at org.openqa.selenium.support.ui.FluentWait.until(FluentWait.java:203)
at com.elektronicare.pages.ServicesPage.waitForServicesToLoad(ServicesPage.java:112)
at com.elektronicare.pages.ServicesPage.getServicesCount(ServicesPage.java:330)
at com.elektronicare.pages.ServicesPage.areServicesDisplayed(ServicesPage.java:272)
at com.elektronicare.pages.ServicesPage.lambda$waitForServicesToLoad$0(ServicesPage.java:115)
at org.openqa.selenium.support.ui.FluentWait.until(FluentWait.java:203)
at com.elektronicare.pages.ServicesPage.waitForServicesToLoad(ServicesPage.java:112)
at com.elektronicare.pages.ServicesPage.getServicesCount(ServicesPage.java:330)
at com.elektronicare.pages.ServicesPage.areServicesDisplayed(ServicesPage.java:272)
at com.elektronicare.pages.ServicesPage.lambda$waitForServicesToLoad$0(ServicesPage.java:115)
at org.openqa.selenium.support.ui.FluentWait.until(FluentWait.java:203)
at com.elektronicare.pages.ServicesPage.waitForServicesToLoad(ServicesPage.java:112)
at com.elektronicare.pages.ServicesPage.getServicesCount(ServicesPage.java:330)
at com.elektronicare.pages.ServicesPage.areServicesDisplayed(ServicesPage.java:272)
at com.elektronicare.pages.ServicesPage.lambda$waitForServicesToLoad$0(ServicesPage.java:115)
at org.openqa.selenium.support.ui.FluentWait.until(FluentWait.java:203)
at com.elektronicare.pages.ServicesPage.waitForServicesToLoad(ServicesPage.java:112)
at com.elektronicare.pages.ServicesPage.getServicesCount(ServicesPage.java:330)
at com.elektronicare.pages.ServicesPage.areServicesDisplayed(ServicesPage.java:272)
at com.elektronicare.pages.ServicesPage.lambda$waitForServicesToLoad$0(ServicesPage.java:115)
at org.openqa.selenium.support.ui.FluentWait.until(FluentWait.java:203)
at com.elektronicare.pages.ServicesPage.waitForServicesToLoad(ServicesPage.java:112)
[...]
at java.base/java.util.ArrayList.forEach(ArrayList.java:1511)
at org.testng.TestRunner.privateRun(TestRunner.java:739)
at org.testng.TestRunner.run(TestRunner.java:614)
at org.testng.SuiteRunner.runTest(SuiteRunner.java:421)
at org.testng.SuiteRunner.runSequentially(SuiteRunner.java:413)
at org.testng.SuiteRunner.privateRun(SuiteRunner.java:373)
at org.testng.SuiteRunner.run(SuiteRunner.java:312)
at org.testng.SuiteRunnerWorker.runSuite(SuiteRunnerWorker.java:52)
at org.testng.SuiteRunnerWorker.run(SuiteRunnerWorker.java:95)
at org.testng.TestNG.runSuitesSequentially(TestNG.java:1274)
at org.testng.TestNG.runSuitesLocally(TestNG.java:1208)
at org.testng.TestNG.runSuites(TestNG.java:1112)
at org.testng.TestNG.run(TestNG.java:1079)
at org.apache.maven.surefire.testng.TestNGExecutor.run(TestNGExecutor.java:308)
at org.apache.maven.surefire.testng.TestNGXmlTestSuite.execute(TestNGXmlTestSuite.java:71)
at org.apache.maven.surefire.testng.TestNGProvider.invoke(TestNGProvider.java:113)
at org.apache.maven.surefire.booter.ForkedBooter.runSuitesInProcess(ForkedBooter.java:385)
at org.apache.maven.surefire.booter.ForkedBooter.execute(ForkedBooter.java:162)
at org.apache.maven.surefire.booter.ForkedBooter.run(ForkedBooter.java:507)
at org.apache.maven.surefire.booter.ForkedBooter.main(ForkedBooter.java:495)
]]>
            </full-stacktrace>
          </exception> <!-- java.lang.NullPointerException -->
          <reporter-output>
          </reporter-output>
        </test-method> <!-- testEmptyFieldsLogin -->
      </class> <!-- com.elektronicare.tests.LoginTest -->
      <class name="com.elektronicare.tests.HistoryTest">
        <test-method signature="testHistoryItemInteraction()[pri:3, instance:com.elektronicare.tests.HistoryTest@34a3d150]" started-at="2025-05-31T23:06:24 WIB" name="testHistoryItemInteraction" description="Test history item interaction" finished-at="2025-05-31T23:06:24 WIB" duration-ms="0" status="FAIL">
          <exception class="java.lang.NullPointerException">
            <message>
              <![CDATA[Cannot invoke "com.elektronicare.pages.HistoryPage.isPageLoaded()" because "this.historyPage" is null]]>
            </message>
            <full-stacktrace>
              <![CDATA[java.lang.NullPointerException: Cannot invoke "com.elektronicare.pages.HistoryPage.isPageLoaded()" because "this.historyPage" is null
at com.elektronicare.tests.HistoryTest.testHistoryItemInteraction(HistoryTest.java:157)
at java.base/jdk.internal.reflect.NativeMethodAccessorImpl.invoke0(Native Method)
at java.base/jdk.internal.reflect.NativeMethodAccessorImpl.invoke(NativeMethodAccessorImpl.java:77)
at java.base/jdk.internal.reflect.DelegatingMethodAccessorImpl.invoke(DelegatingMethodAccessorImpl.java:43)
at java.base/java.lang.reflect.Method.invoke(Method.java:569)
at org.testng.internal.invokers.MethodInvocationHelper.invokeMethod(MethodInvocationHelper.java:141)
at org.testng.internal.invokers.TestInvoker.invokeMethod(TestInvoker.java:686)
at org.testng.internal.invokers.TestInvoker.invokeTestMethod(TestInvoker.java:230)
at org.testng.internal.invokers.MethodRunner.runInSequence(MethodRunner.java:63)
at org.testng.internal.invokers.TestInvoker$MethodInvocationAgent.invoke(TestInvoker.java:992)
at org.testng.internal.invokers.TestInvoker.invokeTestMethods(TestInvoker.java:203)
at org.testng.internal.invokers.TestMethodWorker.invokeTestMethods(TestMethodWorker.java:154)
at org.testng.internal.invokers.TestMethodWorker.run(TestMethodWorker.java:134)
at java.base/java.util.ArrayList.forEach(ArrayList.java:1511)
at org.testng.TestRunner.privateRun(TestRunner.java:739)
at org.testng.TestRunner.run(TestRunner.java:614)
at org.testng.SuiteRunner.runTest(SuiteRunner.java:421)
at org.testng.SuiteRunner.runSequentially(SuiteRunner.java:413)
at org.testng.SuiteRunner.privateRun(SuiteRunner.java:373)
at org.testng.SuiteRunner.run(SuiteRunner.java:312)
at org.testng.SuiteRunnerWorker.runSuite(SuiteRunnerWorker.java:52)
at org.testng.SuiteRunnerWorker.run(SuiteRunnerWorker.java:95)
at org.testng.TestNG.runSuitesSequentially(TestNG.java:1274)
at org.testng.TestNG.runSuitesLocally(TestNG.java:1208)
at org.testng.TestNG.runSuites(TestNG.java:1112)
at org.testng.TestNG.run(TestNG.java:1079)
at org.apache.maven.surefire.testng.TestNGExecutor.run(TestNGExecutor.java:308)
at org.apache.maven.surefire.testng.TestNGXmlTestSuite.execute(TestNGXmlTestSuite.java:71)
at org.apache.maven.surefire.testng.TestNGProvider.invoke(TestNGProvider.java:113)
at org.apache.maven.surefire.booter.ForkedBooter.runSuitesInProcess(ForkedBooter.java:385)
at org.apache.maven.surefire.booter.ForkedBooter.execute(ForkedBooter.java:162)
at org.apache.maven.surefire.booter.ForkedBooter.run(ForkedBooter.java:507)
at org.apache.maven.surefire.booter.ForkedBooter.main(ForkedBooter.java:495)
]]>
            </full-stacktrace>
          </exception> <!-- java.lang.NullPointerException -->
          <reporter-output>
          </reporter-output>
        </test-method> <!-- testHistoryItemInteraction -->
        <test-method signature="testNavigationFunctionality()[pri:2, instance:com.elektronicare.tests.HistoryTest@34a3d150]" started-at="2025-05-31T23:06:24 WIB" name="testNavigationFunctionality" description="Test navigation functionality" finished-at="2025-05-31T23:06:24 WIB" duration-ms="0" status="FAIL">
          <exception class="java.lang.NullPointerException">
            <message>
              <![CDATA[Cannot invoke "com.elektronicare.pages.HistoryPage.isPageLoaded()" because "this.historyPage" is null]]>
            </message>
            <full-stacktrace>
              <![CDATA[java.lang.NullPointerException: Cannot invoke "com.elektronicare.pages.HistoryPage.isPageLoaded()" because "this.historyPage" is null
at com.elektronicare.tests.HistoryTest.testNavigationFunctionality(HistoryTest.java:113)
at java.base/jdk.internal.reflect.NativeMethodAccessorImpl.invoke0(Native Method)
at java.base/jdk.internal.reflect.NativeMethodAccessorImpl.invoke(NativeMethodAccessorImpl.java:77)
at java.base/jdk.internal.reflect.DelegatingMethodAccessorImpl.invoke(DelegatingMethodAccessorImpl.java:43)
at java.base/java.lang.reflect.Method.invoke(Method.java:569)
at org.testng.internal.invokers.MethodInvocationHelper.invokeMethod(MethodInvocationHelper.java:141)
at org.testng.internal.invokers.TestInvoker.invokeMethod(TestInvoker.java:686)
at org.testng.internal.invokers.TestInvoker.invokeTestMethod(TestInvoker.java:230)
at org.testng.internal.invokers.MethodRunner.runInSequence(MethodRunner.java:63)
at org.testng.internal.invokers.TestInvoker$MethodInvocationAgent.invoke(TestInvoker.java:992)
at org.testng.internal.invokers.TestInvoker.invokeTestMethods(TestInvoker.java:203)
at org.testng.internal.invokers.TestMethodWorker.invokeTestMethods(TestMethodWorker.java:154)
at org.testng.internal.invokers.TestMethodWorker.run(TestMethodWorker.java:134)
at java.base/java.util.ArrayList.forEach(ArrayList.java:1511)
at org.testng.TestRunner.privateRun(TestRunner.java:739)
at org.testng.TestRunner.run(TestRunner.java:614)
at org.testng.SuiteRunner.runTest(SuiteRunner.java:421)
at org.testng.SuiteRunner.runSequentially(SuiteRunner.java:413)
at org.testng.SuiteRunner.privateRun(SuiteRunner.java:373)
at org.testng.SuiteRunner.run(SuiteRunner.java:312)
at org.testng.SuiteRunnerWorker.runSuite(SuiteRunnerWorker.java:52)
at org.testng.SuiteRunnerWorker.run(SuiteRunnerWorker.java:95)
at org.testng.TestNG.runSuitesSequentially(TestNG.java:1274)
at org.testng.TestNG.runSuitesLocally(TestNG.java:1208)
at org.testng.TestNG.runSuites(TestNG.java:1112)
at org.testng.TestNG.run(TestNG.java:1079)
at org.apache.maven.surefire.testng.TestNGExecutor.run(TestNGExecutor.java:308)
at org.apache.maven.surefire.testng.TestNGXmlTestSuite.execute(TestNGXmlTestSuite.java:71)
at org.apache.maven.surefire.testng.TestNGProvider.invoke(TestNGProvider.java:113)
at org.apache.maven.surefire.booter.ForkedBooter.runSuitesInProcess(ForkedBooter.java:385)
at org.apache.maven.surefire.booter.ForkedBooter.execute(ForkedBooter.java:162)
at org.apache.maven.surefire.booter.ForkedBooter.run(ForkedBooter.java:507)
at org.apache.maven.surefire.booter.ForkedBooter.main(ForkedBooter.java:495)
]]>
            </full-stacktrace>
          </exception> <!-- java.lang.NullPointerException -->
          <reporter-output>
          </reporter-output>
        </test-method> <!-- testNavigationFunctionality -->
      </class> <!-- com.elektronicare.tests.HistoryTest -->
    </test> <!-- Functional Tests -->
    <test started-at="2025-05-31T23:06:24 WIB" name="Navigation Tests" finished-at="2025-05-31T23:06:24 WIB" duration-ms="4">
      <class name="com.elektronicare.tests.OnboardingTest">
        <test-method is-config="true" signature="beforeSuite()[pri:0, instance:com.elektronicare.tests.OnboardingTest@55183b20]" started-at="2025-05-31T22:45:36 WIB" name="beforeSuite" finished-at="2025-05-31T22:45:37 WIB" duration-ms="1578" status="PASS">
          <reporter-output>
          </reporter-output>
        </test-method> <!-- beforeSuite -->
        <test-method is-config="true" signature="afterSuite()[pri:0, instance:com.elektronicare.tests.OnboardingTest@55183b20]" started-at="2025-05-31T23:06:24 WIB" name="afterSuite" finished-at="2025-05-31T23:06:24 WIB" duration-ms="231" status="PASS">
          <reporter-output>
          </reporter-output>
        </test-method> <!-- afterSuite -->
      </class> <!-- com.elektronicare.tests.OnboardingTest -->
      <class name="com.elektronicare.tests.HistoryTest">
        <test-method signature="testBackButton()[pri:4, instance:com.elektronicare.tests.HistoryTest@459e9125]" started-at="2025-05-31T23:06:24 WIB" name="testBackButton" description="Test back button functionality" finished-at="2025-05-31T23:06:24 WIB" duration-ms="0" status="FAIL">
          <exception class="java.lang.NullPointerException">
            <message>
              <![CDATA[Cannot invoke "com.elektronicare.pages.HistoryPage.isPageLoaded()" because "this.historyPage" is null]]>
            </message>
            <full-stacktrace>
              <![CDATA[java.lang.NullPointerException: Cannot invoke "com.elektronicare.pages.HistoryPage.isPageLoaded()" because "this.historyPage" is null
at com.elektronicare.tests.HistoryTest.testBackButton(HistoryTest.java:210)
at java.base/jdk.internal.reflect.NativeMethodAccessorImpl.invoke0(Native Method)
at java.base/jdk.internal.reflect.NativeMethodAccessorImpl.invoke(NativeMethodAccessorImpl.java:77)
at java.base/jdk.internal.reflect.DelegatingMethodAccessorImpl.invoke(DelegatingMethodAccessorImpl.java:43)
at java.base/java.lang.reflect.Method.invoke(Method.java:569)
at org.testng.internal.invokers.MethodInvocationHelper.invokeMethod(MethodInvocationHelper.java:141)
at org.testng.internal.invokers.TestInvoker.invokeMethod(TestInvoker.java:686)
at org.testng.internal.invokers.TestInvoker.invokeTestMethod(TestInvoker.java:230)
at org.testng.internal.invokers.MethodRunner.runInSequence(MethodRunner.java:63)
at org.testng.internal.invokers.TestInvoker$MethodInvocationAgent.invoke(TestInvoker.java:992)
at org.testng.internal.invokers.TestInvoker.invokeTestMethods(TestInvoker.java:203)
at org.testng.internal.invokers.TestMethodWorker.invokeTestMethods(TestMethodWorker.java:154)
at org.testng.internal.invokers.TestMethodWorker.run(TestMethodWorker.java:134)
at java.base/java.util.ArrayList.forEach(ArrayList.java:1511)
at org.testng.TestRunner.privateRun(TestRunner.java:739)
at org.testng.TestRunner.run(TestRunner.java:614)
at org.testng.SuiteRunner.runTest(SuiteRunner.java:421)
at org.testng.SuiteRunner.runSequentially(SuiteRunner.java:413)
at org.testng.SuiteRunner.privateRun(SuiteRunner.java:373)
at org.testng.SuiteRunner.run(SuiteRunner.java:312)
at org.testng.SuiteRunnerWorker.runSuite(SuiteRunnerWorker.java:52)
at org.testng.SuiteRunnerWorker.run(SuiteRunnerWorker.java:95)
at org.testng.TestNG.runSuitesSequentially(TestNG.java:1274)
at org.testng.TestNG.runSuitesLocally(TestNG.java:1208)
at org.testng.TestNG.runSuites(TestNG.java:1112)
at org.testng.TestNG.run(TestNG.java:1079)
at org.apache.maven.surefire.testng.TestNGExecutor.run(TestNGExecutor.java:308)
at org.apache.maven.surefire.testng.TestNGXmlTestSuite.execute(TestNGXmlTestSuite.java:71)
at org.apache.maven.surefire.testng.TestNGProvider.invoke(TestNGProvider.java:113)
at org.apache.maven.surefire.booter.ForkedBooter.runSuitesInProcess(ForkedBooter.java:385)
at org.apache.maven.surefire.booter.ForkedBooter.execute(ForkedBooter.java:162)
at org.apache.maven.surefire.booter.ForkedBooter.run(ForkedBooter.java:507)
at org.apache.maven.surefire.booter.ForkedBooter.main(ForkedBooter.java:495)
]]>
            </full-stacktrace>
          </exception> <!-- java.lang.NullPointerException -->
          <reporter-output>
          </reporter-output>
        </test-method> <!-- testBackButton -->
      </class> <!-- com.elektronicare.tests.HistoryTest -->
      <class name="com.elektronicare.tests.DashboardTest">
        <test-method signature="testNavigationButtons()[pri:2, instance:com.elektronicare.tests.DashboardTest@6f1de4c7]" started-at="2025-05-31T23:06:24 WIB" name="testNavigationButtons" description="Test navigation buttons" finished-at="2025-05-31T23:06:24 WIB" duration-ms="1" status="FAIL">
          <exception class="java.lang.NullPointerException">
            <message>
              <![CDATA[Cannot invoke "com.elektronicare.pages.DashboardPage.isPageLoaded()" because "this.dashboardPage" is null]]>
            </message>
            <full-stacktrace>
              <![CDATA[java.lang.NullPointerException: Cannot invoke "com.elektronicare.pages.DashboardPage.isPageLoaded()" because "this.dashboardPage" is null
at com.elektronicare.tests.DashboardTest.testNavigationButtons(DashboardTest.java:105)
at java.base/jdk.internal.reflect.NativeMethodAccessorImpl.invoke0(Native Method)
at java.base/jdk.internal.reflect.NativeMethodAccessorImpl.invoke(NativeMethodAccessorImpl.java:77)
at java.base/jdk.internal.reflect.DelegatingMethodAccessorImpl.invoke(DelegatingMethodAccessorImpl.java:43)
at java.base/java.lang.reflect.Method.invoke(Method.java:569)
at org.testng.internal.invokers.MethodInvocationHelper.invokeMethod(MethodInvocationHelper.java:141)
at org.testng.internal.invokers.TestInvoker.invokeMethod(TestInvoker.java:686)
at org.testng.internal.invokers.TestInvoker.invokeTestMethod(TestInvoker.java:230)
at org.testng.internal.invokers.MethodRunner.runInSequence(MethodRunner.java:63)
at org.testng.internal.invokers.TestInvoker$MethodInvocationAgent.invoke(TestInvoker.java:992)
at org.testng.internal.invokers.TestInvoker.invokeTestMethods(TestInvoker.java:203)
at org.testng.internal.invokers.TestMethodWorker.invokeTestMethods(TestMethodWorker.java:154)
at org.testng.internal.invokers.TestMethodWorker.run(TestMethodWorker.java:134)
at java.base/java.util.ArrayList.forEach(ArrayList.java:1511)
at org.testng.TestRunner.privateRun(TestRunner.java:739)
at org.testng.TestRunner.run(TestRunner.java:614)
at org.testng.SuiteRunner.runTest(SuiteRunner.java:421)
at org.testng.SuiteRunner.runSequentially(SuiteRunner.java:413)
at org.testng.SuiteRunner.privateRun(SuiteRunner.java:373)
at org.testng.SuiteRunner.run(SuiteRunner.java:312)
at org.testng.SuiteRunnerWorker.runSuite(SuiteRunnerWorker.java:52)
at org.testng.SuiteRunnerWorker.run(SuiteRunnerWorker.java:95)
at org.testng.TestNG.runSuitesSequentially(TestNG.java:1274)
at org.testng.TestNG.runSuitesLocally(TestNG.java:1208)
at org.testng.TestNG.runSuites(TestNG.java:1112)
at org.testng.TestNG.run(TestNG.java:1079)
at org.apache.maven.surefire.testng.TestNGExecutor.run(TestNGExecutor.java:308)
at org.apache.maven.surefire.testng.TestNGXmlTestSuite.execute(TestNGXmlTestSuite.java:71)
at org.apache.maven.surefire.testng.TestNGProvider.invoke(TestNGProvider.java:113)
at org.apache.maven.surefire.booter.ForkedBooter.runSuitesInProcess(ForkedBooter.java:385)
at org.apache.maven.surefire.booter.ForkedBooter.execute(ForkedBooter.java:162)
at org.apache.maven.surefire.booter.ForkedBooter.run(ForkedBooter.java:507)
at org.apache.maven.surefire.booter.ForkedBooter.main(ForkedBooter.java:495)
]]>
            </full-stacktrace>
          </exception> <!-- java.lang.NullPointerException -->
          <reporter-output>
          </reporter-output>
        </test-method> <!-- testNavigationButtons -->
        <test-method signature="testBottomNavigation()[pri:3, instance:com.elektronicare.tests.DashboardTest@6f1de4c7]" started-at="2025-05-31T23:06:24 WIB" name="testBottomNavigation" description="Test bottom navigation" finished-at="2025-05-31T23:06:24 WIB" duration-ms="0" status="FAIL">
          <exception class="java.lang.NullPointerException">
            <message>
              <![CDATA[Cannot invoke "com.elektronicare.pages.DashboardPage.isPageLoaded()" because "this.dashboardPage" is null]]>
            </message>
            <full-stacktrace>
              <![CDATA[java.lang.NullPointerException: Cannot invoke "com.elektronicare.pages.DashboardPage.isPageLoaded()" because "this.dashboardPage" is null
at com.elektronicare.tests.DashboardTest.testBottomNavigation(DashboardTest.java:145)
at java.base/jdk.internal.reflect.NativeMethodAccessorImpl.invoke0(Native Method)
at java.base/jdk.internal.reflect.NativeMethodAccessorImpl.invoke(NativeMethodAccessorImpl.java:77)
at java.base/jdk.internal.reflect.DelegatingMethodAccessorImpl.invoke(DelegatingMethodAccessorImpl.java:43)
at java.base/java.lang.reflect.Method.invoke(Method.java:569)
at org.testng.internal.invokers.MethodInvocationHelper.invokeMethod(MethodInvocationHelper.java:141)
at org.testng.internal.invokers.TestInvoker.invokeMethod(TestInvoker.java:686)
at org.testng.internal.invokers.TestInvoker.invokeTestMethod(TestInvoker.java:230)
at org.testng.internal.invokers.MethodRunner.runInSequence(MethodRunner.java:63)
at org.testng.internal.invokers.TestInvoker$MethodInvocationAgent.invoke(TestInvoker.java:992)
at org.testng.internal.invokers.TestInvoker.invokeTestMethods(TestInvoker.java:203)
at org.testng.internal.invokers.TestMethodWorker.invokeTestMethods(TestMethodWorker.java:154)
at org.testng.internal.invokers.TestMethodWorker.run(TestMethodWorker.java:134)
at java.base/java.util.ArrayList.forEach(ArrayList.java:1511)
at org.testng.TestRunner.privateRun(TestRunner.java:739)
at org.testng.TestRunner.run(TestRunner.java:614)
at org.testng.SuiteRunner.runTest(SuiteRunner.java:421)
at org.testng.SuiteRunner.runSequentially(SuiteRunner.java:413)
at org.testng.SuiteRunner.privateRun(SuiteRunner.java:373)
at org.testng.SuiteRunner.run(SuiteRunner.java:312)
at org.testng.SuiteRunnerWorker.runSuite(SuiteRunnerWorker.java:52)
at org.testng.SuiteRunnerWorker.run(SuiteRunnerWorker.java:95)
at org.testng.TestNG.runSuitesSequentially(TestNG.java:1274)
at org.testng.TestNG.runSuitesLocally(TestNG.java:1208)
at org.testng.TestNG.runSuites(TestNG.java:1112)
at org.testng.TestNG.run(TestNG.java:1079)
at org.apache.maven.surefire.testng.TestNGExecutor.run(TestNGExecutor.java:308)
at org.apache.maven.surefire.testng.TestNGXmlTestSuite.execute(TestNGXmlTestSuite.java:71)
at org.apache.maven.surefire.testng.TestNGProvider.invoke(TestNGProvider.java:113)
at org.apache.maven.surefire.booter.ForkedBooter.runSuitesInProcess(ForkedBooter.java:385)
at org.apache.maven.surefire.booter.ForkedBooter.execute(ForkedBooter.java:162)
at org.apache.maven.surefire.booter.ForkedBooter.run(ForkedBooter.java:507)
at org.apache.maven.surefire.booter.ForkedBooter.main(ForkedBooter.java:495)
]]>
            </full-stacktrace>
          </exception> <!-- java.lang.NullPointerException -->
          <reporter-output>
          </reporter-output>
        </test-method> <!-- testBottomNavigation -->
      </class> <!-- com.elektronicare.tests.DashboardTest -->
    </test> <!-- Navigation Tests -->
  </suite> <!-- ElektroniCare Mobile App Test Suite -->
</testng-results>
